[0.023s] Invoking command in '/home/bart/ugv_ws/build/teb_msgs': AMENT_PREFIX_PATH=/home/bart/ugv_ws/install/costmap_converter_msgs:${AMENT_PREFIX_PATH} CMAKE_PREFIX_PATH=/home/bart/ugv_ws/install/costmap_converter_msgs:/home/bart/ros2_ws/install/my_robot_controller:/opt/ros/humble LD_LIBRARY_PATH=/home/bart/ugv_ws/install/costmap_converter_msgs/lib:${LD_LIBRARY_PATH} PYTHONPATH=/home/bart/ugv_ws/install/costmap_converter_msgs/local/lib/python3.10/dist-packages:${PYTHONPATH} /usr/bin/cmake --build /home/bart/ugv_ws/build/teb_msgs -- -j8 -l8
[0.073s] [35m[1mConsolidate compiler generated dependencies of target teb_msgs__rosidl_generator_c[0m
[0.086s] [  2%] Built target teb_msgs__cpp
[0.101s] [  2%] Built target ament_cmake_python_copy_teb_msgs
[0.102s] [ 12%] Built target teb_msgs__rosidl_generator_c
[0.109s] [35m[1mConsolidate compiler generated dependencies of target teb_msgs__rosidl_typesupport_cpp[0m
[0.111s] [35m[1mConsolidate compiler generated dependencies of target teb_msgs__rosidl_typesupport_fastrtps_cpp[0m
[0.112s] [35m[1mConsolidate compiler generated dependencies of target teb_msgs__rosidl_typesupport_introspection_cpp[0m
[0.116s] [35m[1mConsolidate compiler generated dependencies of target teb_msgs__rosidl_typesupport_fastrtps_c[0m
[0.127s] [35m[1mConsolidate compiler generated dependencies of target teb_msgs__rosidl_typesupport_introspection_c[0m
[0.132s] [35m[1mConsolidate compiler generated dependencies of target teb_msgs__rosidl_typesupport_c[0m
[0.144s] [ 23%] Built target teb_msgs__rosidl_typesupport_cpp
[0.145s] [ 34%] Built target teb_msgs__rosidl_typesupport_fastrtps_cpp
[0.158s] [ 44%] Built target teb_msgs__rosidl_typesupport_fastrtps_c
[0.158s] [ 55%] Built target teb_msgs__rosidl_typesupport_introspection_cpp
[0.158s] [ 65%] Built target teb_msgs__rosidl_typesupport_introspection_c
[0.159s] [ 76%] Built target teb_msgs__rosidl_typesupport_c
[0.179s] [ 76%] Built target teb_msgs
[0.197s] [ 78%] Built target teb_msgs__py
[0.206s] [35m[1mConsolidate compiler generated dependencies of target teb_msgs__rosidl_generator_py[0m
[0.220s] [ 87%] Built target teb_msgs__rosidl_generator_py
[0.233s] [35m[1mConsolidate compiler generated dependencies of target teb_msgs__rosidl_typesupport_introspection_c__pyext[0m
[0.234s] [35m[1mConsolidate compiler generated dependencies of target teb_msgs__rosidl_typesupport_fastrtps_c__pyext[0m
[0.234s] [35m[1mConsolidate compiler generated dependencies of target teb_msgs__rosidl_typesupport_c__pyext[0m
[0.244s] [ 91%] Built target teb_msgs__rosidl_typesupport_fastrtps_c__pyext
[0.246s] [ 95%] Built target teb_msgs__rosidl_typesupport_introspection_c__pyext
[0.249s] [100%] Built target teb_msgs__rosidl_typesupport_c__pyext
[0.366s] running egg_info
[0.366s] writing teb_msgs.egg-info/PKG-INFO
[0.367s] writing dependency_links to teb_msgs.egg-info/dependency_links.txt
[0.367s] writing top-level names to teb_msgs.egg-info/top_level.txt
[0.369s] reading manifest file 'teb_msgs.egg-info/SOURCES.txt'
[0.369s] writing manifest file 'teb_msgs.egg-info/SOURCES.txt'
[0.394s] [100%] Built target ament_cmake_python_build_teb_msgs_egg
[0.403s] Invoked command in '/home/bart/ugv_ws/build/teb_msgs' returned '0': AMENT_PREFIX_PATH=/home/bart/ugv_ws/install/costmap_converter_msgs:${AMENT_PREFIX_PATH} CMAKE_PREFIX_PATH=/home/bart/ugv_ws/install/costmap_converter_msgs:/home/bart/ros2_ws/install/my_robot_controller:/opt/ros/humble LD_LIBRARY_PATH=/home/bart/ugv_ws/install/costmap_converter_msgs/lib:${LD_LIBRARY_PATH} PYTHONPATH=/home/bart/ugv_ws/install/costmap_converter_msgs/local/lib/python3.10/dist-packages:${PYTHONPATH} /usr/bin/cmake --build /home/bart/ugv_ws/build/teb_msgs -- -j8 -l8
[0.404s] Invoking command in '/home/bart/ugv_ws/build/teb_msgs': AMENT_PREFIX_PATH=/home/bart/ugv_ws/install/costmap_converter_msgs:${AMENT_PREFIX_PATH} CMAKE_PREFIX_PATH=/home/bart/ugv_ws/install/costmap_converter_msgs:/home/bart/ros2_ws/install/my_robot_controller:/opt/ros/humble LD_LIBRARY_PATH=/home/bart/ugv_ws/install/costmap_converter_msgs/lib:${LD_LIBRARY_PATH} PYTHONPATH=/home/bart/ugv_ws/install/costmap_converter_msgs/local/lib/python3.10/dist-packages:${PYTHONPATH} /usr/bin/cmake --install /home/bart/ugv_ws/build/teb_msgs
[0.410s] -- Install configuration: ""
[0.410s] -- Up-to-date: /home/bart/ugv_ws/install/teb_msgs/share/ament_index/resource_index/rosidl_interfaces/teb_msgs
[0.410s] -- Up-to-date: /home/bart/ugv_ws/install/teb_msgs/include/teb_msgs/teb_msgs
[0.411s] -- Up-to-date: /home/bart/ugv_ws/install/teb_msgs/include/teb_msgs/teb_msgs/msg
[0.411s] -- Up-to-date: /home/bart/ugv_ws/install/teb_msgs/include/teb_msgs/teb_msgs/msg/detail
[0.411s] -- Up-to-date: /home/bart/ugv_ws/install/teb_msgs/include/teb_msgs/teb_msgs/msg/detail/feedback_msg__struct.h
[0.411s] -- Up-to-date: /home/bart/ugv_ws/install/teb_msgs/include/teb_msgs/teb_msgs/msg/detail/trajectory_point_msg__type_support.h
[0.411s] -- Up-to-date: /home/bart/ugv_ws/install/teb_msgs/include/teb_msgs/teb_msgs/msg/detail/trajectory_msg__functions.c
[0.411s] -- Up-to-date: /home/bart/ugv_ws/install/teb_msgs/include/teb_msgs/teb_msgs/msg/detail/trajectory_msg__type_support.h
[0.411s] -- Up-to-date: /home/bart/ugv_ws/install/teb_msgs/include/teb_msgs/teb_msgs/msg/detail/trajectory_msg__struct.h
[0.411s] -- Up-to-date: /home/bart/ugv_ws/install/teb_msgs/include/teb_msgs/teb_msgs/msg/detail/feedback_msg__functions.c
[0.411s] -- Up-to-date: /home/bart/ugv_ws/install/teb_msgs/include/teb_msgs/teb_msgs/msg/detail/trajectory_point_msg__struct.h
[0.411s] -- Up-to-date: /home/bart/ugv_ws/install/teb_msgs/include/teb_msgs/teb_msgs/msg/detail/trajectory_msg__functions.h
[0.411s] -- Up-to-date: /home/bart/ugv_ws/install/teb_msgs/include/teb_msgs/teb_msgs/msg/detail/feedback_msg__type_support.h
[0.411s] -- Up-to-date: /home/bart/ugv_ws/install/teb_msgs/include/teb_msgs/teb_msgs/msg/detail/feedback_msg__functions.h
[0.412s] -- Up-to-date: /home/bart/ugv_ws/install/teb_msgs/include/teb_msgs/teb_msgs/msg/detail/trajectory_point_msg__functions.c
[0.412s] -- Up-to-date: /home/bart/ugv_ws/install/teb_msgs/include/teb_msgs/teb_msgs/msg/detail/trajectory_point_msg__functions.h
[0.412s] -- Up-to-date: /home/bart/ugv_ws/install/teb_msgs/include/teb_msgs/teb_msgs/msg/feedback_msg.h
[0.412s] -- Up-to-date: /home/bart/ugv_ws/install/teb_msgs/include/teb_msgs/teb_msgs/msg/trajectory_point_msg.h
[0.412s] -- Up-to-date: /home/bart/ugv_ws/install/teb_msgs/include/teb_msgs/teb_msgs/msg/rosidl_generator_c__visibility_control.h
[0.412s] -- Up-to-date: /home/bart/ugv_ws/install/teb_msgs/include/teb_msgs/teb_msgs/msg/trajectory_msg.h
[0.412s] -- Up-to-date: /home/bart/ugv_ws/install/teb_msgs/share/teb_msgs/environment/library_path.sh
[0.412s] -- Up-to-date: /home/bart/ugv_ws/install/teb_msgs/share/teb_msgs/environment/library_path.dsv
[0.412s] -- Up-to-date: /home/bart/ugv_ws/install/teb_msgs/lib/libteb_msgs__rosidl_generator_c.so
[0.412s] -- Up-to-date: /home/bart/ugv_ws/install/teb_msgs/include/teb_msgs/teb_msgs
[0.413s] -- Up-to-date: /home/bart/ugv_ws/install/teb_msgs/include/teb_msgs/teb_msgs/msg
[0.413s] -- Up-to-date: /home/bart/ugv_ws/install/teb_msgs/include/teb_msgs/teb_msgs/msg/detail
[0.413s] -- Up-to-date: /home/bart/ugv_ws/install/teb_msgs/include/teb_msgs/teb_msgs/msg/detail/feedback_msg__rosidl_typesupport_fastrtps_c.h
[0.413s] -- Up-to-date: /home/bart/ugv_ws/install/teb_msgs/include/teb_msgs/teb_msgs/msg/detail/trajectory_point_msg__rosidl_typesupport_fastrtps_c.h
[0.413s] -- Up-to-date: /home/bart/ugv_ws/install/teb_msgs/include/teb_msgs/teb_msgs/msg/detail/trajectory_msg__rosidl_typesupport_fastrtps_c.h
[0.413s] -- Up-to-date: /home/bart/ugv_ws/install/teb_msgs/include/teb_msgs/teb_msgs/msg/rosidl_typesupport_fastrtps_c__visibility_control.h
[0.413s] -- Up-to-date: /home/bart/ugv_ws/install/teb_msgs/lib/libteb_msgs__rosidl_typesupport_fastrtps_c.so
[0.413s] -- Up-to-date: /home/bart/ugv_ws/install/teb_msgs/include/teb_msgs/teb_msgs
[0.413s] -- Up-to-date: /home/bart/ugv_ws/install/teb_msgs/include/teb_msgs/teb_msgs/msg
[0.413s] -- Up-to-date: /home/bart/ugv_ws/install/teb_msgs/include/teb_msgs/teb_msgs/msg/detail
[0.414s] -- Up-to-date: /home/bart/ugv_ws/install/teb_msgs/include/teb_msgs/teb_msgs/msg/detail/feedback_msg__type_support.hpp
[0.414s] -- Up-to-date: /home/bart/ugv_ws/install/teb_msgs/include/teb_msgs/teb_msgs/msg/detail/trajectory_point_msg__builder.hpp
[0.414s] -- Up-to-date: /home/bart/ugv_ws/install/teb_msgs/include/teb_msgs/teb_msgs/msg/detail/trajectory_msg__type_support.hpp
[0.414s] -- Up-to-date: /home/bart/ugv_ws/install/teb_msgs/include/teb_msgs/teb_msgs/msg/detail/trajectory_msg__builder.hpp
[0.414s] -- Up-to-date: /home/bart/ugv_ws/install/teb_msgs/include/teb_msgs/teb_msgs/msg/detail/trajectory_msg__traits.hpp
[0.414s] -- Up-to-date: /home/bart/ugv_ws/install/teb_msgs/include/teb_msgs/teb_msgs/msg/detail/trajectory_point_msg__traits.hpp
[0.414s] -- Up-to-date: /home/bart/ugv_ws/install/teb_msgs/include/teb_msgs/teb_msgs/msg/detail/trajectory_msg__struct.hpp
[0.414s] -- Up-to-date: /home/bart/ugv_ws/install/teb_msgs/include/teb_msgs/teb_msgs/msg/detail/trajectory_point_msg__struct.hpp
[0.414s] -- Up-to-date: /home/bart/ugv_ws/install/teb_msgs/include/teb_msgs/teb_msgs/msg/detail/feedback_msg__traits.hpp
[0.415s] -- Up-to-date: /home/bart/ugv_ws/install/teb_msgs/include/teb_msgs/teb_msgs/msg/detail/feedback_msg__builder.hpp
[0.415s] -- Up-to-date: /home/bart/ugv_ws/install/teb_msgs/include/teb_msgs/teb_msgs/msg/detail/trajectory_point_msg__type_support.hpp
[0.415s] -- Up-to-date: /home/bart/ugv_ws/install/teb_msgs/include/teb_msgs/teb_msgs/msg/detail/feedback_msg__struct.hpp
[0.415s] -- Up-to-date: /home/bart/ugv_ws/install/teb_msgs/include/teb_msgs/teb_msgs/msg/feedback_msg.hpp
[0.415s] -- Up-to-date: /home/bart/ugv_ws/install/teb_msgs/include/teb_msgs/teb_msgs/msg/trajectory_point_msg.hpp
[0.415s] -- Up-to-date: /home/bart/ugv_ws/install/teb_msgs/include/teb_msgs/teb_msgs/msg/rosidl_generator_cpp__visibility_control.hpp
[0.415s] -- Up-to-date: /home/bart/ugv_ws/install/teb_msgs/include/teb_msgs/teb_msgs/msg/trajectory_msg.hpp
[0.415s] -- Up-to-date: /home/bart/ugv_ws/install/teb_msgs/include/teb_msgs/teb_msgs
[0.415s] -- Up-to-date: /home/bart/ugv_ws/install/teb_msgs/include/teb_msgs/teb_msgs/msg
[0.415s] -- Up-to-date: /home/bart/ugv_ws/install/teb_msgs/include/teb_msgs/teb_msgs/msg/detail
[0.416s] -- Up-to-date: /home/bart/ugv_ws/install/teb_msgs/include/teb_msgs/teb_msgs/msg/detail/dds_fastrtps
[0.416s] -- Up-to-date: /home/bart/ugv_ws/install/teb_msgs/include/teb_msgs/teb_msgs/msg/detail/trajectory_msg__rosidl_typesupport_fastrtps_cpp.hpp
[0.416s] -- Up-to-date: /home/bart/ugv_ws/install/teb_msgs/include/teb_msgs/teb_msgs/msg/detail/feedback_msg__rosidl_typesupport_fastrtps_cpp.hpp
[0.416s] -- Up-to-date: /home/bart/ugv_ws/install/teb_msgs/include/teb_msgs/teb_msgs/msg/detail/trajectory_point_msg__rosidl_typesupport_fastrtps_cpp.hpp
[0.416s] -- Up-to-date: /home/bart/ugv_ws/install/teb_msgs/include/teb_msgs/teb_msgs/msg/rosidl_typesupport_fastrtps_cpp__visibility_control.h
[0.416s] -- Up-to-date: /home/bart/ugv_ws/install/teb_msgs/lib/libteb_msgs__rosidl_typesupport_fastrtps_cpp.so
[0.417s] -- Up-to-date: /home/bart/ugv_ws/install/teb_msgs/include/teb_msgs/teb_msgs
[0.417s] -- Up-to-date: /home/bart/ugv_ws/install/teb_msgs/include/teb_msgs/teb_msgs/msg
[0.417s] -- Up-to-date: /home/bart/ugv_ws/install/teb_msgs/include/teb_msgs/teb_msgs/msg/detail
[0.417s] -- Up-to-date: /home/bart/ugv_ws/install/teb_msgs/include/teb_msgs/teb_msgs/msg/detail/trajectory_point_msg__rosidl_typesupport_introspection_c.h
[0.417s] -- Up-to-date: /home/bart/ugv_ws/install/teb_msgs/include/teb_msgs/teb_msgs/msg/detail/feedback_msg__type_support.c
[0.418s] -- Up-to-date: /home/bart/ugv_ws/install/teb_msgs/include/teb_msgs/teb_msgs/msg/detail/trajectory_point_msg__type_support.c
[0.418s] -- Up-to-date: /home/bart/ugv_ws/install/teb_msgs/include/teb_msgs/teb_msgs/msg/detail/trajectory_msg__rosidl_typesupport_introspection_c.h
[0.418s] -- Up-to-date: /home/bart/ugv_ws/install/teb_msgs/include/teb_msgs/teb_msgs/msg/detail/feedback_msg__rosidl_typesupport_introspection_c.h
[0.418s] -- Up-to-date: /home/bart/ugv_ws/install/teb_msgs/include/teb_msgs/teb_msgs/msg/detail/trajectory_msg__type_support.c
[0.418s] -- Up-to-date: /home/bart/ugv_ws/install/teb_msgs/include/teb_msgs/teb_msgs/msg/rosidl_typesupport_introspection_c__visibility_control.h
[0.418s] -- Up-to-date: /home/bart/ugv_ws/install/teb_msgs/lib/libteb_msgs__rosidl_typesupport_introspection_c.so
[0.418s] -- Up-to-date: /home/bart/ugv_ws/install/teb_msgs/lib/libteb_msgs__rosidl_typesupport_c.so
[0.418s] -- Up-to-date: /home/bart/ugv_ws/install/teb_msgs/include/teb_msgs/teb_msgs
[0.418s] -- Up-to-date: /home/bart/ugv_ws/install/teb_msgs/include/teb_msgs/teb_msgs/msg
[0.420s] -- Up-to-date: /home/bart/ugv_ws/install/teb_msgs/include/teb_msgs/teb_msgs/msg/detail
[0.420s] -- Up-to-date: /home/bart/ugv_ws/install/teb_msgs/include/teb_msgs/teb_msgs/msg/detail/trajectory_point_msg__rosidl_typesupport_introspection_cpp.hpp
[0.420s] -- Up-to-date: /home/bart/ugv_ws/install/teb_msgs/include/teb_msgs/teb_msgs/msg/detail/trajectory_msg__rosidl_typesupport_introspection_cpp.hpp
[0.420s] -- Up-to-date: /home/bart/ugv_ws/install/teb_msgs/include/teb_msgs/teb_msgs/msg/detail/feedback_msg__type_support.cpp
[0.420s] -- Up-to-date: /home/bart/ugv_ws/install/teb_msgs/include/teb_msgs/teb_msgs/msg/detail/trajectory_point_msg__type_support.cpp
[0.420s] -- Up-to-date: /home/bart/ugv_ws/install/teb_msgs/include/teb_msgs/teb_msgs/msg/detail/trajectory_msg__type_support.cpp
[0.420s] -- Up-to-date: /home/bart/ugv_ws/install/teb_msgs/include/teb_msgs/teb_msgs/msg/detail/feedback_msg__rosidl_typesupport_introspection_cpp.hpp
[0.420s] -- Up-to-date: /home/bart/ugv_ws/install/teb_msgs/lib/libteb_msgs__rosidl_typesupport_introspection_cpp.so
[0.420s] -- Up-to-date: /home/bart/ugv_ws/install/teb_msgs/lib/libteb_msgs__rosidl_typesupport_cpp.so
[0.420s] -- Up-to-date: /home/bart/ugv_ws/install/teb_msgs/share/teb_msgs/environment/pythonpath.sh
[0.420s] -- Up-to-date: /home/bart/ugv_ws/install/teb_msgs/share/teb_msgs/environment/pythonpath.dsv
[0.421s] -- Up-to-date: /home/bart/ugv_ws/install/teb_msgs/local/lib/python3.10/dist-packages/teb_msgs-0.0.1-py3.10.egg-info
[0.421s] -- Installing: /home/bart/ugv_ws/install/teb_msgs/local/lib/python3.10/dist-packages/teb_msgs-0.0.1-py3.10.egg-info/SOURCES.txt
[0.421s] -- Installing: /home/bart/ugv_ws/install/teb_msgs/local/lib/python3.10/dist-packages/teb_msgs-0.0.1-py3.10.egg-info/dependency_links.txt
[0.422s] -- Installing: /home/bart/ugv_ws/install/teb_msgs/local/lib/python3.10/dist-packages/teb_msgs-0.0.1-py3.10.egg-info/top_level.txt
[0.422s] -- Installing: /home/bart/ugv_ws/install/teb_msgs/local/lib/python3.10/dist-packages/teb_msgs-0.0.1-py3.10.egg-info/PKG-INFO
[0.422s] -- Up-to-date: /home/bart/ugv_ws/install/teb_msgs/local/lib/python3.10/dist-packages/teb_msgs
[0.422s] -- Up-to-date: /home/bart/ugv_ws/install/teb_msgs/local/lib/python3.10/dist-packages/teb_msgs/_teb_msgs_s.ep.rosidl_typesupport_introspection_c.c
[0.422s] -- Up-to-date: /home/bart/ugv_ws/install/teb_msgs/local/lib/python3.10/dist-packages/teb_msgs/_teb_msgs_s.ep.rosidl_typesupport_fastrtps_c.c
[0.422s] -- Up-to-date: /home/bart/ugv_ws/install/teb_msgs/local/lib/python3.10/dist-packages/teb_msgs/teb_msgs_s__rosidl_typesupport_introspection_c.cpython-310-x86_64-linux-gnu.so
[0.422s] -- Up-to-date: /home/bart/ugv_ws/install/teb_msgs/local/lib/python3.10/dist-packages/teb_msgs/teb_msgs_s__rosidl_typesupport_fastrtps_c.cpython-310-x86_64-linux-gnu.so
[0.422s] -- Up-to-date: /home/bart/ugv_ws/install/teb_msgs/local/lib/python3.10/dist-packages/teb_msgs/libteb_msgs__rosidl_generator_py.so
[0.422s] -- Up-to-date: /home/bart/ugv_ws/install/teb_msgs/local/lib/python3.10/dist-packages/teb_msgs/msg
[0.422s] -- Up-to-date: /home/bart/ugv_ws/install/teb_msgs/local/lib/python3.10/dist-packages/teb_msgs/msg/_trajectory_msg_s.c
[0.422s] -- Up-to-date: /home/bart/ugv_ws/install/teb_msgs/local/lib/python3.10/dist-packages/teb_msgs/msg/_feedback_msg_s.c
[0.422s] -- Up-to-date: /home/bart/ugv_ws/install/teb_msgs/local/lib/python3.10/dist-packages/teb_msgs/msg/_feedback_msg.py
[0.422s] -- Up-to-date: /home/bart/ugv_ws/install/teb_msgs/local/lib/python3.10/dist-packages/teb_msgs/msg/_trajectory_point_msg.py
[0.422s] -- Up-to-date: /home/bart/ugv_ws/install/teb_msgs/local/lib/python3.10/dist-packages/teb_msgs/msg/_trajectory_msg.py
[0.422s] -- Up-to-date: /home/bart/ugv_ws/install/teb_msgs/local/lib/python3.10/dist-packages/teb_msgs/msg/_trajectory_point_msg_s.c
[0.422s] -- Up-to-date: /home/bart/ugv_ws/install/teb_msgs/local/lib/python3.10/dist-packages/teb_msgs/msg/__init__.py
[0.422s] -- Up-to-date: /home/bart/ugv_ws/install/teb_msgs/local/lib/python3.10/dist-packages/teb_msgs/teb_msgs_s__rosidl_typesupport_c.cpython-310-x86_64-linux-gnu.so
[0.423s] -- Up-to-date: /home/bart/ugv_ws/install/teb_msgs/local/lib/python3.10/dist-packages/teb_msgs/__init__.py
[0.423s] -- Up-to-date: /home/bart/ugv_ws/install/teb_msgs/local/lib/python3.10/dist-packages/teb_msgs/_teb_msgs_s.ep.rosidl_typesupport_c.c
[0.443s] Listing '/home/bart/ugv_ws/install/teb_msgs/local/lib/python3.10/dist-packages/teb_msgs'...
[0.443s] Listing '/home/bart/ugv_ws/install/teb_msgs/local/lib/python3.10/dist-packages/teb_msgs/msg'...
[0.447s] -- Up-to-date: /home/bart/ugv_ws/install/teb_msgs/local/lib/python3.10/dist-packages/teb_msgs/teb_msgs_s__rosidl_typesupport_fastrtps_c.cpython-310-x86_64-linux-gnu.so
[0.447s] -- Up-to-date: /home/bart/ugv_ws/install/teb_msgs/local/lib/python3.10/dist-packages/teb_msgs/teb_msgs_s__rosidl_typesupport_introspection_c.cpython-310-x86_64-linux-gnu.so
[0.447s] -- Up-to-date: /home/bart/ugv_ws/install/teb_msgs/local/lib/python3.10/dist-packages/teb_msgs/teb_msgs_s__rosidl_typesupport_c.cpython-310-x86_64-linux-gnu.so
[0.447s] -- Up-to-date: /home/bart/ugv_ws/install/teb_msgs/lib/libteb_msgs__rosidl_generator_py.so
[0.448s] -- Up-to-date: /home/bart/ugv_ws/install/teb_msgs/share/teb_msgs/msg/FeedbackMsg.idl
[0.448s] -- Up-to-date: /home/bart/ugv_ws/install/teb_msgs/share/teb_msgs/msg/TrajectoryMsg.idl
[0.448s] -- Up-to-date: /home/bart/ugv_ws/install/teb_msgs/share/teb_msgs/msg/TrajectoryPointMsg.idl
[0.448s] -- Up-to-date: /home/bart/ugv_ws/install/teb_msgs/share/teb_msgs/msg/FeedbackMsg.msg
[0.448s] -- Up-to-date: /home/bart/ugv_ws/install/teb_msgs/share/teb_msgs/msg/TrajectoryMsg.msg
[0.448s] -- Up-to-date: /home/bart/ugv_ws/install/teb_msgs/share/teb_msgs/msg/TrajectoryPointMsg.msg
[0.448s] -- Up-to-date: /home/bart/ugv_ws/install/teb_msgs/share/ament_index/resource_index/package_run_dependencies/teb_msgs
[0.448s] -- Up-to-date: /home/bart/ugv_ws/install/teb_msgs/share/ament_index/resource_index/parent_prefix_path/teb_msgs
[0.448s] -- Up-to-date: /home/bart/ugv_ws/install/teb_msgs/share/teb_msgs/environment/ament_prefix_path.sh
[0.448s] -- Up-to-date: /home/bart/ugv_ws/install/teb_msgs/share/teb_msgs/environment/ament_prefix_path.dsv
[0.449s] -- Up-to-date: /home/bart/ugv_ws/install/teb_msgs/share/teb_msgs/environment/path.sh
[0.449s] -- Up-to-date: /home/bart/ugv_ws/install/teb_msgs/share/teb_msgs/environment/path.dsv
[0.449s] -- Up-to-date: /home/bart/ugv_ws/install/teb_msgs/share/teb_msgs/local_setup.bash
[0.449s] -- Up-to-date: /home/bart/ugv_ws/install/teb_msgs/share/teb_msgs/local_setup.sh
[0.449s] -- Up-to-date: /home/bart/ugv_ws/install/teb_msgs/share/teb_msgs/local_setup.zsh
[0.449s] -- Up-to-date: /home/bart/ugv_ws/install/teb_msgs/share/teb_msgs/local_setup.dsv
[0.449s] -- Installing: /home/bart/ugv_ws/install/teb_msgs/share/teb_msgs/package.dsv
[0.449s] -- Up-to-date: /home/bart/ugv_ws/install/teb_msgs/share/ament_index/resource_index/packages/teb_msgs
[0.449s] -- Up-to-date: /home/bart/ugv_ws/install/teb_msgs/share/teb_msgs/cmake/export_teb_msgs__rosidl_generator_cExport.cmake
[0.449s] -- Up-to-date: /home/bart/ugv_ws/install/teb_msgs/share/teb_msgs/cmake/export_teb_msgs__rosidl_generator_cExport-noconfig.cmake
[0.450s] -- Up-to-date: /home/bart/ugv_ws/install/teb_msgs/share/teb_msgs/cmake/export_teb_msgs__rosidl_typesupport_fastrtps_cExport.cmake
[0.450s] -- Up-to-date: /home/bart/ugv_ws/install/teb_msgs/share/teb_msgs/cmake/export_teb_msgs__rosidl_typesupport_fastrtps_cExport-noconfig.cmake
[0.450s] -- Up-to-date: /home/bart/ugv_ws/install/teb_msgs/share/teb_msgs/cmake/export_teb_msgs__rosidl_generator_cppExport.cmake
[0.450s] -- Up-to-date: /home/bart/ugv_ws/install/teb_msgs/share/teb_msgs/cmake/export_teb_msgs__rosidl_typesupport_fastrtps_cppExport.cmake
[0.450s] -- Up-to-date: /home/bart/ugv_ws/install/teb_msgs/share/teb_msgs/cmake/export_teb_msgs__rosidl_typesupport_fastrtps_cppExport-noconfig.cmake
[0.450s] -- Up-to-date: /home/bart/ugv_ws/install/teb_msgs/share/teb_msgs/cmake/teb_msgs__rosidl_typesupport_introspection_cExport.cmake
[0.450s] -- Up-to-date: /home/bart/ugv_ws/install/teb_msgs/share/teb_msgs/cmake/teb_msgs__rosidl_typesupport_introspection_cExport-noconfig.cmake
[0.450s] -- Up-to-date: /home/bart/ugv_ws/install/teb_msgs/share/teb_msgs/cmake/teb_msgs__rosidl_typesupport_cExport.cmake
[0.451s] -- Up-to-date: /home/bart/ugv_ws/install/teb_msgs/share/teb_msgs/cmake/teb_msgs__rosidl_typesupport_cExport-noconfig.cmake
[0.451s] -- Up-to-date: /home/bart/ugv_ws/install/teb_msgs/share/teb_msgs/cmake/teb_msgs__rosidl_typesupport_introspection_cppExport.cmake
[0.451s] -- Up-to-date: /home/bart/ugv_ws/install/teb_msgs/share/teb_msgs/cmake/teb_msgs__rosidl_typesupport_introspection_cppExport-noconfig.cmake
[0.451s] -- Up-to-date: /home/bart/ugv_ws/install/teb_msgs/share/teb_msgs/cmake/teb_msgs__rosidl_typesupport_cppExport.cmake
[0.451s] -- Up-to-date: /home/bart/ugv_ws/install/teb_msgs/share/teb_msgs/cmake/teb_msgs__rosidl_typesupport_cppExport-noconfig.cmake
[0.451s] -- Up-to-date: /home/bart/ugv_ws/install/teb_msgs/share/teb_msgs/cmake/export_teb_msgs__rosidl_generator_pyExport.cmake
[0.451s] -- Up-to-date: /home/bart/ugv_ws/install/teb_msgs/share/teb_msgs/cmake/export_teb_msgs__rosidl_generator_pyExport-noconfig.cmake
[0.451s] -- Up-to-date: /home/bart/ugv_ws/install/teb_msgs/share/teb_msgs/cmake/rosidl_cmake-extras.cmake
[0.451s] -- Up-to-date: /home/bart/ugv_ws/install/teb_msgs/share/teb_msgs/cmake/ament_cmake_export_dependencies-extras.cmake
[0.452s] -- Up-to-date: /home/bart/ugv_ws/install/teb_msgs/share/teb_msgs/cmake/ament_cmake_export_include_directories-extras.cmake
[0.452s] -- Up-to-date: /home/bart/ugv_ws/install/teb_msgs/share/teb_msgs/cmake/ament_cmake_export_libraries-extras.cmake
[0.453s] -- Up-to-date: /home/bart/ugv_ws/install/teb_msgs/share/teb_msgs/cmake/ament_cmake_export_targets-extras.cmake
[0.453s] -- Up-to-date: /home/bart/ugv_ws/install/teb_msgs/share/teb_msgs/cmake/rosidl_cmake_export_typesupport_targets-extras.cmake
[0.453s] -- Up-to-date: /home/bart/ugv_ws/install/teb_msgs/share/teb_msgs/cmake/rosidl_cmake_export_typesupport_libraries-extras.cmake
[0.453s] -- Up-to-date: /home/bart/ugv_ws/install/teb_msgs/share/teb_msgs/cmake/teb_msgsConfig.cmake
[0.453s] -- Up-to-date: /home/bart/ugv_ws/install/teb_msgs/share/teb_msgs/cmake/teb_msgsConfig-version.cmake
[0.453s] -- Up-to-date: /home/bart/ugv_ws/install/teb_msgs/share/teb_msgs/package.xml
[0.457s] Invoked command in '/home/bart/ugv_ws/build/teb_msgs' returned '0': AMENT_PREFIX_PATH=/home/bart/ugv_ws/install/costmap_converter_msgs:${AMENT_PREFIX_PATH} CMAKE_PREFIX_PATH=/home/bart/ugv_ws/install/costmap_converter_msgs:/home/bart/ros2_ws/install/my_robot_controller:/opt/ros/humble LD_LIBRARY_PATH=/home/bart/ugv_ws/install/costmap_converter_msgs/lib:${LD_LIBRARY_PATH} PYTHONPATH=/home/bart/ugv_ws/install/costmap_converter_msgs/local/lib/python3.10/dist-packages:${PYTHONPATH} /usr/bin/cmake --install /home/bart/ugv_ws/build/teb_msgs
