[0.486s] Invoking command in '/home/bart/ugv_ws/build/ugv_description': CMAKE_PREFIX_PATH=/home/bart/ros2_ws/install/my_robot_controller:/opt/ros/humble /usr/bin/cmake /home/bart/ugv_ws/src/ugv_main/ugv_description -Wno-dev -DAMENT_CMAKE_SYMLINK_INSTALL=1 -DCMAKE_INSTALL_PREFIX=/home/bart/ugv_ws/install/ugv_description
[0.547s] -- The C compiler identification is GNU 11.4.0
[0.631s] -- The CXX compiler identification is GNU 11.4.0
[0.641s] -- Detecting C compiler ABI info
[0.730s] -- Detecting C compiler ABI info - done
[0.745s] -- Check for working C compiler: /usr/bin/cc - skipped
[0.748s] -- Detecting C compile features
[0.748s] -- Detecting C compile features - done
[0.751s] -- Detecting CXX compiler ABI info
[0.860s] -- Detecting CXX compiler ABI info - done
[0.875s] -- Check for working CXX compiler: /usr/bin/c++ - skipped
[0.875s] -- Detecting CXX compile features
[0.875s] -- Detecting CXX compile features - done
[0.879s] -- Found ament_cmake: 1.3.12 (/opt/ros/humble/share/ament_cmake/cmake)
[1.105s] -- Found Python3: /usr/bin/python3 (found version "3.10.12") found components: Interpreter 
[1.208s] -- Override CMake install command with custom implementation using symlinks instead of copying resources
[1.243s] -- Found rosidl_default_generators: 1.2.0 (/opt/ros/humble/share/rosidl_default_generators/cmake)
[1.247s] -- Using all available rosidl_typesupport_c: rosidl_typesupport_fastrtps_c;rosidl_typesupport_introspection_c
[1.257s] -- Found rosidl_adapter: 3.1.7 (/opt/ros/humble/share/rosidl_adapter/cmake)
[1.319s] -- Using all available rosidl_typesupport_cpp: rosidl_typesupport_fastrtps_cpp;rosidl_typesupport_introspection_cpp
[1.473s] -- Configuring done
[1.478s] -- Generating done
[1.482s] -- Build files have been written to: /home/bart/ugv_ws/build/ugv_description
[1.509s] Invoked command in '/home/bart/ugv_ws/build/ugv_description' returned '0': CMAKE_PREFIX_PATH=/home/bart/ros2_ws/install/my_robot_controller:/opt/ros/humble /usr/bin/cmake /home/bart/ugv_ws/src/ugv_main/ugv_description -Wno-dev -DAMENT_CMAKE_SYMLINK_INSTALL=1 -DCMAKE_INSTALL_PREFIX=/home/bart/ugv_ws/install/ugv_description
[1.510s] Invoking command in '/home/bart/ugv_ws/build/ugv_description': CMAKE_PREFIX_PATH=/home/bart/ros2_ws/install/my_robot_controller:/opt/ros/humble /usr/bin/cmake --build /home/bart/ugv_ws/build/ugv_description -- -j8 -l8
[1.615s] Invoked command in '/home/bart/ugv_ws/build/ugv_description' returned '0': CMAKE_PREFIX_PATH=/home/bart/ros2_ws/install/my_robot_controller:/opt/ros/humble /usr/bin/cmake --build /home/bart/ugv_ws/build/ugv_description -- -j8 -l8
[1.615s] Invoking command in '/home/bart/ugv_ws/build/ugv_description': CMAKE_PREFIX_PATH=/home/bart/ros2_ws/install/my_robot_controller:/opt/ros/humble /usr/bin/cmake --install /home/bart/ugv_ws/build/ugv_description
[1.886s] -- Install configuration: ""
[1.886s] -- Execute custom install script
[1.886s] -- Symlinking: /home/bart/ugv_ws/install/ugv_description/share/ugv_description/launch/display.launch.py
[1.886s] -- Symlinking: /home/bart/ugv_ws/install/ugv_description/share/ugv_description/meshes/rasp_rover/base_lidar_link.stl
[1.894s] -- Symlinking: /home/bart/ugv_ws/install/ugv_description/share/ugv_description/meshes/rasp_rover/base_link.stl
[1.914s] -- Symlinking: /home/bart/ugv_ws/install/ugv_description/share/ugv_description/meshes/rasp_rover/left_down_wheel_link.stl
[1.914s] -- Symlinking: /home/bart/ugv_ws/install/ugv_description/share/ugv_description/meshes/rasp_rover/left_up_wheel_link.stl
[1.914s] -- Symlinking: /home/bart/ugv_ws/install/ugv_description/share/ugv_description/meshes/rasp_rover/pt_base_link.stl
[1.915s] -- Symlinking: /home/bart/ugv_ws/install/ugv_description/share/ugv_description/meshes/rasp_rover/pt_camera_link.stl
[1.915s] -- Symlinking: /home/bart/ugv_ws/install/ugv_description/share/ugv_description/meshes/rasp_rover/pt_link1.stl
[1.915s] -- Symlinking: /home/bart/ugv_ws/install/ugv_description/share/ugv_description/meshes/rasp_rover/pt_link2.stl
[1.915s] -- Symlinking: /home/bart/ugv_ws/install/ugv_description/share/ugv_description/meshes/rasp_rover/right_down_wheel_link.stl
[1.915s] -- Symlinking: /home/bart/ugv_ws/install/ugv_description/share/ugv_description/meshes/rasp_rover/right_up_wheel_link.stl
[1.915s] -- Symlinking: /home/bart/ugv_ws/install/ugv_description/share/ugv_description/meshes/ugv_beast/3d_camera_link.stl
[1.915s] -- Symlinking: /home/bart/ugv_ws/install/ugv_description/share/ugv_description/meshes/ugv_beast/base_lidar_link.stl
[1.915s] -- Symlinking: /home/bart/ugv_ws/install/ugv_description/share/ugv_description/meshes/ugv_beast/base_link.stl
[1.915s] -- Symlinking: /home/bart/ugv_ws/install/ugv_description/share/ugv_description/meshes/ugv_beast/left_down_wheel_link.stl
[1.915s] -- Symlinking: /home/bart/ugv_ws/install/ugv_description/share/ugv_description/meshes/ugv_beast/left_up_wheel_link.stl
[1.915s] -- Symlinking: /home/bart/ugv_ws/install/ugv_description/share/ugv_description/meshes/ugv_beast/pt_base_link.stl
[1.915s] -- Symlinking: /home/bart/ugv_ws/install/ugv_description/share/ugv_description/meshes/ugv_beast/pt_camera_link.stl
[1.916s] -- Symlinking: /home/bart/ugv_ws/install/ugv_description/share/ugv_description/meshes/ugv_beast/pt_link1.stl
[1.918s] -- Symlinking: /home/bart/ugv_ws/install/ugv_description/share/ugv_description/meshes/ugv_beast/pt_link2.stl
[1.919s] -- Symlinking: /home/bart/ugv_ws/install/ugv_description/share/ugv_description/meshes/ugv_beast/right_down_wheel_link.stl
[1.920s] -- Symlinking: /home/bart/ugv_ws/install/ugv_description/share/ugv_description/meshes/ugv_beast/right_up_wheel_link.stl
[1.920s] -- Symlinking: /home/bart/ugv_ws/install/ugv_description/share/ugv_description/meshes/ugv_rover/3d_camera_link.stl
[1.939s] -- Symlinking: /home/bart/ugv_ws/install/ugv_description/share/ugv_description/meshes/ugv_rover/base_lidar_link.stl
[1.957s] -- Symlinking: /home/bart/ugv_ws/install/ugv_description/share/ugv_description/meshes/ugv_rover/base_link.stl
[1.973s] -- Symlinking: /home/bart/ugv_ws/install/ugv_description/share/ugv_description/meshes/ugv_rover/left_down_wheel_link.stl
[1.980s] -- Symlinking: /home/bart/ugv_ws/install/ugv_description/share/ugv_description/meshes/ugv_rover/left_up_wheel_link.stl
[1.992s] -- Symlinking: /home/bart/ugv_ws/install/ugv_description/share/ugv_description/meshes/ugv_rover/pt_base_link.stl
[2.007s] -- Symlinking: /home/bart/ugv_ws/install/ugv_description/share/ugv_description/meshes/ugv_rover/pt_camera_link.stl
[2.015s] -- Symlinking: /home/bart/ugv_ws/install/ugv_description/share/ugv_description/meshes/ugv_rover/pt_link1.stl
[2.028s] -- Symlinking: /home/bart/ugv_ws/install/ugv_description/share/ugv_description/meshes/ugv_rover/pt_link2.stl
[2.040s] -- Symlinking: /home/bart/ugv_ws/install/ugv_description/share/ugv_description/meshes/ugv_rover/right_down_wheel_link.stl
[2.047s] -- Symlinking: /home/bart/ugv_ws/install/ugv_description/share/ugv_description/meshes/ugv_rover/right_up_wheel_link.stl
[2.059s] -- Symlinking: /home/bart/ugv_ws/install/ugv_description/share/ugv_description/urdf/rasp_rover.urdf
[2.070s] -- Symlinking: /home/bart/ugv_ws/install/ugv_description/share/ugv_description/urdf/ugv_beast.urdf
[2.081s] -- Symlinking: /home/bart/ugv_ws/install/ugv_description/share/ugv_description/urdf/ugv_rover.urdf
[2.093s] -- Symlinking: /home/bart/ugv_ws/install/ugv_description/share/ugv_description/rviz/view_description.rviz
[2.107s] -- Symlinking: /home/bart/ugv_ws/install/ugv_description/share/ament_index/resource_index/package_run_dependencies/ugv_description
[2.118s] -- Symlinking: /home/bart/ugv_ws/install/ugv_description/share/ament_index/resource_index/parent_prefix_path/ugv_description
[2.129s] -- Symlinking: /home/bart/ugv_ws/install/ugv_description/share/ugv_description/environment/ament_prefix_path.sh
[2.141s] -- Symlinking: /home/bart/ugv_ws/install/ugv_description/share/ugv_description/environment/ament_prefix_path.dsv
[2.148s] -- Symlinking: /home/bart/ugv_ws/install/ugv_description/share/ugv_description/environment/path.sh
[2.157s] -- Symlinking: /home/bart/ugv_ws/install/ugv_description/share/ugv_description/environment/path.dsv
[2.164s] -- Symlinking: /home/bart/ugv_ws/install/ugv_description/share/ugv_description/local_setup.bash
[2.173s] -- Symlinking: /home/bart/ugv_ws/install/ugv_description/share/ugv_description/local_setup.sh
[2.181s] -- Symlinking: /home/bart/ugv_ws/install/ugv_description/share/ugv_description/local_setup.zsh
[2.190s] -- Symlinking: /home/bart/ugv_ws/install/ugv_description/share/ugv_description/local_setup.dsv
[2.200s] -- Symlinking: /home/bart/ugv_ws/install/ugv_description/share/ugv_description/package.dsv
[2.211s] -- Symlinking: /home/bart/ugv_ws/install/ugv_description/share/ament_index/resource_index/packages/ugv_description
[2.222s] -- Symlinking: /home/bart/ugv_ws/install/ugv_description/share/ugv_description/cmake/ament_cmake_export_dependencies-extras.cmake
[2.230s] -- Symlinking: /home/bart/ugv_ws/install/ugv_description/share/ugv_description/cmake/ugv_descriptionConfig.cmake
[2.239s] -- Symlinking: /home/bart/ugv_ws/install/ugv_description/share/ugv_description/cmake/ugv_descriptionConfig-version.cmake
[2.247s] -- Symlinking: /home/bart/ugv_ws/install/ugv_description/share/ugv_description/package.xml
[2.396s] Invoked command in '/home/bart/ugv_ws/build/ugv_description' returned '0': CMAKE_PREFIX_PATH=/home/bart/ros2_ws/install/my_robot_controller:/opt/ros/humble /usr/bin/cmake --install /home/bart/ugv_ws/build/ugv_description
