[0.007s] Invoking command in '/home/bart/ugv_ws/build/vizanti_demos': AMENT_PREFIX_PATH=/home/bart/ugv_ws/install/vizanti_msgs:${AMENT_PREFIX_PATH} CMAKE_PREFIX_PATH=/home/bart/ugv_ws/install/vizanti_msgs:/home/bart/ros2_ws/install/my_robot_controller:/opt/ros/humble LD_LIBRARY_PATH=/home/bart/ugv_ws/install/vizanti_msgs/lib:${LD_LIBRARY_PATH} PYTHONPATH=/home/bart/ugv_ws/install/vizanti_msgs/local/lib/python3.10/dist-packages:${PYTHONPATH} /usr/bin/cmake --build /home/bart/ugv_ws/build/vizanti_demos -- -j8 -l8
[0.038s] Invoked command in '/home/bart/ugv_ws/build/vizanti_demos' returned '0': AMENT_PREFIX_PATH=/home/bart/ugv_ws/install/vizanti_msgs:${AMENT_PREFIX_PATH} CMAKE_PREFIX_PATH=/home/bart/ugv_ws/install/vizanti_msgs:/home/bart/ros2_ws/install/my_robot_controller:/opt/ros/humble LD_LIBRARY_PATH=/home/bart/ugv_ws/install/vizanti_msgs/lib:${LD_LIBRARY_PATH} PYTHONPATH=/home/bart/ugv_ws/install/vizanti_msgs/local/lib/python3.10/dist-packages:${PYTHONPATH} /usr/bin/cmake --build /home/bart/ugv_ws/build/vizanti_demos -- -j8 -l8
[0.039s] Invoking command in '/home/bart/ugv_ws/build/vizanti_demos': AMENT_PREFIX_PATH=/home/bart/ugv_ws/install/vizanti_msgs:${AMENT_PREFIX_PATH} CMAKE_PREFIX_PATH=/home/bart/ugv_ws/install/vizanti_msgs:/home/bart/ros2_ws/install/my_robot_controller:/opt/ros/humble LD_LIBRARY_PATH=/home/bart/ugv_ws/install/vizanti_msgs/lib:${LD_LIBRARY_PATH} PYTHONPATH=/home/bart/ugv_ws/install/vizanti_msgs/local/lib/python3.10/dist-packages:${PYTHONPATH} /usr/bin/cmake --install /home/bart/ugv_ws/build/vizanti_demos
[0.051s] -- Install configuration: ""
[0.055s] -- Up-to-date: /home/bart/ugv_ws/install/vizanti_demos/share/vizanti_demos//launch
[0.055s] -- Up-to-date: /home/bart/ugv_ws/install/vizanti_demos/share/vizanti_demos//launch/test.launch.py
[0.055s] -- Up-to-date: /home/bart/ugv_ws/install/vizanti_demos/lib/vizanti_demos/particle_cloud_to_pose_array.py
[0.055s] -- Up-to-date: /home/bart/ugv_ws/install/vizanti_demos/lib/vizanti_demos/path_to_nav2poses.py
[0.055s] -- Up-to-date: /home/bart/ugv_ws/install/vizanti_demos/lib/vizanti_demos/test_grid_cells.py
[0.055s] -- Up-to-date: /home/bart/ugv_ws/install/vizanti_demos/lib/vizanti_demos/test_marker_array.py
[0.055s] -- Up-to-date: /home/bart/ugv_ws/install/vizanti_demos/lib/vizanti_demos/test_tf.py
[0.055s] -- Up-to-date: /home/bart/ugv_ws/install/vizanti_demos/share/ament_index/resource_index/package_run_dependencies/vizanti_demos
[0.055s] -- Up-to-date: /home/bart/ugv_ws/install/vizanti_demos/share/ament_index/resource_index/parent_prefix_path/vizanti_demos
[0.055s] -- Up-to-date: /home/bart/ugv_ws/install/vizanti_demos/share/vizanti_demos/environment/ament_prefix_path.sh
[0.055s] -- Up-to-date: /home/bart/ugv_ws/install/vizanti_demos/share/vizanti_demos/environment/ament_prefix_path.dsv
[0.055s] -- Up-to-date: /home/bart/ugv_ws/install/vizanti_demos/share/vizanti_demos/environment/path.sh
[0.055s] -- Up-to-date: /home/bart/ugv_ws/install/vizanti_demos/share/vizanti_demos/environment/path.dsv
[0.055s] -- Up-to-date: /home/bart/ugv_ws/install/vizanti_demos/share/vizanti_demos/local_setup.bash
[0.055s] -- Up-to-date: /home/bart/ugv_ws/install/vizanti_demos/share/vizanti_demos/local_setup.sh
[0.055s] -- Up-to-date: /home/bart/ugv_ws/install/vizanti_demos/share/vizanti_demos/local_setup.zsh
[0.055s] -- Up-to-date: /home/bart/ugv_ws/install/vizanti_demos/share/vizanti_demos/local_setup.dsv
[0.055s] -- Up-to-date: /home/bart/ugv_ws/install/vizanti_demos/share/vizanti_demos/package.dsv
[0.055s] -- Up-to-date: /home/bart/ugv_ws/install/vizanti_demos/share/ament_index/resource_index/packages/vizanti_demos
[0.056s] -- Up-to-date: /home/bart/ugv_ws/install/vizanti_demos/share/vizanti_demos/cmake/vizanti_demosConfig.cmake
[0.056s] -- Up-to-date: /home/bart/ugv_ws/install/vizanti_demos/share/vizanti_demos/cmake/vizanti_demosConfig-version.cmake
[0.056s] -- Up-to-date: /home/bart/ugv_ws/install/vizanti_demos/share/vizanti_demos/package.xml
[0.070s] Invoked command in '/home/bart/ugv_ws/build/vizanti_demos' returned '0': AMENT_PREFIX_PATH=/home/bart/ugv_ws/install/vizanti_msgs:${AMENT_PREFIX_PATH} CMAKE_PREFIX_PATH=/home/bart/ugv_ws/install/vizanti_msgs:/home/bart/ros2_ws/install/my_robot_controller:/opt/ros/humble LD_LIBRARY_PATH=/home/bart/ugv_ws/install/vizanti_msgs/lib:${LD_LIBRARY_PATH} PYTHONPATH=/home/bart/ugv_ws/install/vizanti_msgs/local/lib/python3.10/dist-packages:${PYTHONPATH} /usr/bin/cmake --install /home/bart/ugv_ws/build/vizanti_demos
