[0.019s] Invoking command in '/home/bart/ugv_ws/build/robot_pose_publisher': CMAKE_PREFIX_PATH=/home/bart/ros2_ws/install/my_robot_controller:/opt/ros/humble /usr/bin/cmake --build /home/bart/ugv_ws/build/robot_pose_publisher -- -j8 -l8
[0.061s] [35m[1mConsolidate compiler generated dependencies of target robot_pose_publisher[0m
[0.101s] [100%] Built target robot_pose_publisher
[0.117s] Invoked command in '/home/bart/ugv_ws/build/robot_pose_publisher' returned '0': CMAKE_PREFIX_PATH=/home/bart/ros2_ws/install/my_robot_controller:/opt/ros/humble /usr/bin/cmake --build /home/bart/ugv_ws/build/robot_pose_publisher -- -j8 -l8
[0.135s] Invoking command in '/home/bart/ugv_ws/build/robot_pose_publisher': CMAKE_PREFIX_PATH=/home/bart/ros2_ws/install/my_robot_controller:/opt/ros/humble /usr/bin/cmake --install /home/bart/ugv_ws/build/robot_pose_publisher
[0.147s] -- Install configuration: ""
[0.147s] -- Up-to-date: /home/bart/ugv_ws/install/robot_pose_publisher/lib/robot_pose_publisher/robot_pose_publisher
[0.147s] -- Up-to-date: /home/bart/ugv_ws/install/robot_pose_publisher/share/robot_pose_publisher/launch
[0.147s] -- Up-to-date: /home/bart/ugv_ws/install/robot_pose_publisher/share/robot_pose_publisher/launch/robot_pose_publisher_launch.py
[0.147s] -- Up-to-date: /home/bart/ugv_ws/install/robot_pose_publisher/share/ament_index/resource_index/package_run_dependencies/robot_pose_publisher
[0.148s] -- Up-to-date: /home/bart/ugv_ws/install/robot_pose_publisher/share/ament_index/resource_index/parent_prefix_path/robot_pose_publisher
[0.148s] -- Up-to-date: /home/bart/ugv_ws/install/robot_pose_publisher/share/robot_pose_publisher/environment/ament_prefix_path.sh
[0.148s] -- Up-to-date: /home/bart/ugv_ws/install/robot_pose_publisher/share/robot_pose_publisher/environment/ament_prefix_path.dsv
[0.148s] -- Up-to-date: /home/bart/ugv_ws/install/robot_pose_publisher/share/robot_pose_publisher/environment/path.sh
[0.149s] -- Up-to-date: /home/bart/ugv_ws/install/robot_pose_publisher/share/robot_pose_publisher/environment/path.dsv
[0.149s] -- Up-to-date: /home/bart/ugv_ws/install/robot_pose_publisher/share/robot_pose_publisher/local_setup.bash
[0.149s] -- Up-to-date: /home/bart/ugv_ws/install/robot_pose_publisher/share/robot_pose_publisher/local_setup.sh
[0.149s] -- Up-to-date: /home/bart/ugv_ws/install/robot_pose_publisher/share/robot_pose_publisher/local_setup.zsh
[0.149s] -- Up-to-date: /home/bart/ugv_ws/install/robot_pose_publisher/share/robot_pose_publisher/local_setup.dsv
[0.150s] -- Installing: /home/bart/ugv_ws/install/robot_pose_publisher/share/robot_pose_publisher/package.dsv
[0.150s] -- Up-to-date: /home/bart/ugv_ws/install/robot_pose_publisher/share/ament_index/resource_index/packages/robot_pose_publisher
[0.150s] -- Up-to-date: /home/bart/ugv_ws/install/robot_pose_publisher/share/robot_pose_publisher/cmake/robot_pose_publisherConfig.cmake
[0.150s] -- Up-to-date: /home/bart/ugv_ws/install/robot_pose_publisher/share/robot_pose_publisher/cmake/robot_pose_publisherConfig-version.cmake
[0.150s] -- Up-to-date: /home/bart/ugv_ws/install/robot_pose_publisher/share/robot_pose_publisher/package.xml
[0.155s] Invoked command in '/home/bart/ugv_ws/build/robot_pose_publisher' returned '0': CMAKE_PREFIX_PATH=/home/bart/ros2_ws/install/my_robot_controller:/opt/ros/humble /usr/bin/cmake --install /home/bart/ugv_ws/build/robot_pose_publisher
