[0.020s] Invoking command in '/home/bart/ugv_ws/build/vizanti_cpp': CMAKE_PREFIX_PATH=/home/bart/ros2_ws/install/my_robot_controller:/opt/ros/humble /usr/bin/cmake --build /home/bart/ugv_ws/build/vizanti_cpp -- -j8 -l8
[0.059s] [35m[1mConsolidate compiler generated dependencies of target tf_consolidator[0m
[0.074s] [100%] Built target tf_consolidator
[0.142s] Invoked command in '/home/bart/ugv_ws/build/vizanti_cpp' returned '0': CMAKE_PREFIX_PATH=/home/bart/ros2_ws/install/my_robot_controller:/opt/ros/humble /usr/bin/cmake --build /home/bart/ugv_ws/build/vizanti_cpp -- -j8 -l8
[0.142s] Invoking command in '/home/bart/ugv_ws/build/vizanti_cpp': CMAKE_PREFIX_PATH=/home/bart/ros2_ws/install/my_robot_controller:/opt/ros/humble /usr/bin/cmake --install /home/bart/ugv_ws/build/vizanti_cpp
[0.155s] -- Install configuration: ""
[0.155s] -- Up-to-date: /home/bart/ugv_ws/install/vizanti_cpp/lib/vizanti_cpp/tf_consolidator
[0.155s] -- Up-to-date: /home/bart/ugv_ws/install/vizanti_cpp/share/ament_index/resource_index/package_run_dependencies/vizanti_cpp
[0.155s] -- Up-to-date: /home/bart/ugv_ws/install/vizanti_cpp/share/ament_index/resource_index/parent_prefix_path/vizanti_cpp
[0.155s] -- Up-to-date: /home/bart/ugv_ws/install/vizanti_cpp/share/vizanti_cpp/environment/ament_prefix_path.sh
[0.155s] -- Up-to-date: /home/bart/ugv_ws/install/vizanti_cpp/share/vizanti_cpp/environment/ament_prefix_path.dsv
[0.159s] -- Up-to-date: /home/bart/ugv_ws/install/vizanti_cpp/share/vizanti_cpp/environment/path.sh
[0.159s] -- Up-to-date: /home/bart/ugv_ws/install/vizanti_cpp/share/vizanti_cpp/environment/path.dsv
[0.159s] -- Up-to-date: /home/bart/ugv_ws/install/vizanti_cpp/share/vizanti_cpp/local_setup.bash
[0.159s] -- Up-to-date: /home/bart/ugv_ws/install/vizanti_cpp/share/vizanti_cpp/local_setup.sh
[0.159s] -- Up-to-date: /home/bart/ugv_ws/install/vizanti_cpp/share/vizanti_cpp/local_setup.zsh
[0.160s] -- Up-to-date: /home/bart/ugv_ws/install/vizanti_cpp/share/vizanti_cpp/local_setup.dsv
[0.160s] -- Installing: /home/bart/ugv_ws/install/vizanti_cpp/share/vizanti_cpp/package.dsv
[0.160s] -- Up-to-date: /home/bart/ugv_ws/install/vizanti_cpp/share/ament_index/resource_index/packages/vizanti_cpp
[0.160s] -- Up-to-date: /home/bart/ugv_ws/install/vizanti_cpp/share/vizanti_cpp/cmake/vizanti_cppConfig.cmake
[0.161s] -- Up-to-date: /home/bart/ugv_ws/install/vizanti_cpp/share/vizanti_cpp/cmake/vizanti_cppConfig-version.cmake
[0.161s] -- Up-to-date: /home/bart/ugv_ws/install/vizanti_cpp/share/vizanti_cpp/package.xml
[0.179s] Invoked command in '/home/bart/ugv_ws/build/vizanti_cpp' returned '0': CMAKE_PREFIX_PATH=/home/bart/ros2_ws/install/my_robot_controller:/opt/ros/humble /usr/bin/cmake --install /home/bart/ugv_ws/build/vizanti_cpp
