[1.095s] Invoking command in '/home/bart/ugv_ws/build/ugv_bringup': PYTHONPATH=/home/bart/ugv_ws/build/ugv_bringup/prefix_override:/usr/lib/python3/dist-packages/colcon_core/task/python/colcon_distutils_commands:/home/bart/ugv_ws/install/ugv_bringup/lib/python3.10/site-packages:${PYTHONPATH} /usr/bin/python3 -W ignore:setup.py install is deprecated -W ignore:easy_install command is deprecated setup.py develop --editable --build-directory /home/bart/ugv_ws/build/ugv_bringup/build --no-deps symlink_data
[1.524s] running develop
[1.808s] running egg_info
[1.809s] creating ugv_bringup.egg-info
[1.809s] writing ugv_bringup.egg-info/PKG-INFO
[1.809s] writing dependency_links to ugv_bringup.egg-info/dependency_links.txt
[1.809s] writing entry points to ugv_bringup.egg-info/entry_points.txt
[1.809s] writing requirements to ugv_bringup.egg-info/requires.txt
[1.810s] writing top-level names to ugv_bringup.egg-info/top_level.txt
[1.810s] writing manifest file 'ugv_bringup.egg-info/SOURCES.txt'
[1.813s] reading manifest file 'ugv_bringup.egg-info/SOURCES.txt'
[1.814s] writing manifest file 'ugv_bringup.egg-info/SOURCES.txt'
[1.819s] running build_ext
[1.819s] Creating /home/bart/ugv_ws/install/ugv_bringup/lib/python3.10/site-packages/ugv-bringup.egg-link (link to .)
[1.819s] Installing ugv_bringup script to /home/bart/ugv_ws/install/ugv_bringup/lib/ugv_bringup
[1.819s] Installing ugv_driver script to /home/bart/ugv_ws/install/ugv_bringup/lib/ugv_bringup
[1.819s] 
[1.819s] Installed /home/bart/ugv_ws/build/ugv_bringup
[1.820s] running symlink_data
[1.820s] creating /home/bart/ugv_ws/install/ugv_bringup/share/ament_index
[1.820s] creating /home/bart/ugv_ws/install/ugv_bringup/share/ament_index/resource_index
[1.820s] creating /home/bart/ugv_ws/install/ugv_bringup/share/ament_index/resource_index/packages
[1.820s] symbolically linking /home/bart/ugv_ws/build/ugv_bringup/resource/ugv_bringup -> /home/bart/ugv_ws/install/ugv_bringup/share/ament_index/resource_index/packages
[1.820s] symbolically linking /home/bart/ugv_ws/build/ugv_bringup/package.xml -> /home/bart/ugv_ws/install/ugv_bringup/share/ugv_bringup
[1.823s] creating /home/bart/ugv_ws/install/ugv_bringup/share/ugv_bringup/launch
[1.823s] symbolically linking /home/bart/ugv_ws/build/ugv_bringup/launch/bringup_lidar.launch.py -> /home/bart/ugv_ws/install/ugv_bringup/share/ugv_bringup/launch
[1.824s] symbolically linking /home/bart/ugv_ws/build/ugv_bringup/launch/bringup_imu_ekf.launch.py -> /home/bart/ugv_ws/install/ugv_bringup/share/ugv_bringup/launch
[1.824s] symbolically linking /home/bart/ugv_ws/build/ugv_bringup/launch/bringup_imu_origin.launch.py -> /home/bart/ugv_ws/install/ugv_bringup/share/ugv_bringup/launch
[1.824s] creating /home/bart/ugv_ws/install/ugv_bringup/share/ugv_bringup/rviz
[1.824s] symbolically linking /home/bart/ugv_ws/build/ugv_bringup/rviz/view_bringup.rviz -> /home/bart/ugv_ws/install/ugv_bringup/share/ugv_bringup/rviz
[1.824s] creating /home/bart/ugv_ws/install/ugv_bringup/share/ugv_bringup/param
[1.824s] symbolically linking /home/bart/ugv_ws/build/ugv_bringup/param/ekf.yaml -> /home/bart/ugv_ws/install/ugv_bringup/share/ugv_bringup/param
[1.824s] symbolically linking /home/bart/ugv_ws/build/ugv_bringup/param/imu_filter_param.yaml -> /home/bart/ugv_ws/install/ugv_bringup/share/ugv_bringup/param
[1.926s] Invoked command in '/home/bart/ugv_ws/build/ugv_bringup' returned '0': PYTHONPATH=/home/bart/ugv_ws/build/ugv_bringup/prefix_override:/usr/lib/python3/dist-packages/colcon_core/task/python/colcon_distutils_commands:/home/bart/ugv_ws/install/ugv_bringup/lib/python3.10/site-packages:${PYTHONPATH} /usr/bin/python3 -W ignore:setup.py install is deprecated -W ignore:easy_install command is deprecated setup.py develop --editable --build-directory /home/bart/ugv_ws/build/ugv_bringup/build --no-deps symlink_data
