[0.013s] Invoking command in '/home/bart/ugv_ws/build/vizanti_demos': AMENT_PREFIX_PATH=/home/bart/ugv_ws/install/vizanti_msgs:${AMENT_PREFIX_PATH} CMAKE_PREFIX_PATH=/home/bart/ugv_ws/install/vizanti_msgs:/home/bart/ros2_ws/install/my_robot_controller:/opt/ros/humble LD_LIBRARY_PATH=/home/bart/ugv_ws/install/vizanti_msgs/lib:${LD_LIBRARY_PATH} PYTHONPATH=/home/bart/ugv_ws/install/vizanti_msgs/local/lib/python3.10/dist-packages:${PYTHONPATH} /usr/bin/cmake /home/bart/ugv_ws/src/ugv_else/vizanti/vizanti_demos -Wno-dev -DCMAKE_INSTALL_PREFIX=/home/bart/ugv_ws/install/vizanti_demos
[0.066s] -- The C compiler identification is GNU 11.4.0
[0.136s] -- The CXX compiler identification is GNU 11.4.0
[0.144s] -- Detecting C compiler ABI info
[0.214s] -- Detecting C compiler ABI info - done
[0.220s] -- Check for working C compiler: /usr/bin/cc - skipped
[0.220s] -- Detecting C compile features
[0.221s] -- Detecting C compile features - done
[0.224s] -- Detecting CXX compiler ABI info
[0.314s] -- Detecting CXX compiler ABI info - done
[0.324s] -- Check for working CXX compiler: /usr/bin/c++ - skipped
[0.324s] -- Detecting CXX compile features
[0.325s] -- Detecting CXX compile features - done
[0.328s] -- Found ament_cmake: 1.3.12 (/opt/ros/humble/share/ament_cmake/cmake)
[0.505s] -- Found Python3: /usr/bin/python3 (found version "3.10.12") found components: Interpreter 
[0.628s] -- Found rclcpp: 16.0.15 (/opt/ros/humble/share/rclcpp/cmake)
[0.682s] -- Found rosidl_generator_c: 3.1.7 (/opt/ros/humble/share/rosidl_generator_c/cmake)
[0.689s] -- Found rosidl_adapter: 3.1.7 (/opt/ros/humble/share/rosidl_adapter/cmake)
[0.701s] -- Found rosidl_generator_cpp: 3.1.7 (/opt/ros/humble/share/rosidl_generator_cpp/cmake)
[0.717s] -- Using all available rosidl_typesupport_c: rosidl_typesupport_fastrtps_c;rosidl_typesupport_introspection_c
[0.740s] -- Using all available rosidl_typesupport_cpp: rosidl_typesupport_fastrtps_cpp;rosidl_typesupport_introspection_cpp
[0.799s] -- Found rmw_implementation_cmake: 6.1.2 (/opt/ros/humble/share/rmw_implementation_cmake/cmake)
[0.803s] -- Found rmw_fastrtps_cpp: 6.2.9 (/opt/ros/humble/share/rmw_fastrtps_cpp/cmake)
[0.918s] -- Found OpenSSL: /usr/lib/x86_64-linux-gnu/libcrypto.so (found version "3.0.2")  
[0.956s] -- Found FastRTPS: /opt/ros/humble/include  
[1.009s] -- Using RMW implementation 'rmw_fastrtps_cpp' as default
[1.022s] -- Looking for pthread.h
[1.096s] -- Looking for pthread.h - found
[1.096s] -- Performing Test CMAKE_HAVE_LIBC_PTHREAD
[1.183s] -- Performing Test CMAKE_HAVE_LIBC_PTHREAD - Success
[1.185s] -- Found Threads: TRUE  
[1.262s] -- Found rclpy: 3.3.17 (/opt/ros/humble/share/rclpy/cmake)
[1.265s] -- Found std_srvs: 4.9.0 (/opt/ros/humble/share/std_srvs/cmake)
[1.280s] -- Found tf2_msgs: 0.25.16 (/opt/ros/humble/share/tf2_msgs/cmake)
[1.341s] -- Found vizanti_msgs: 0.1.0 (/home/bart/ugv_ws/install/vizanti_msgs/share/vizanti_msgs/cmake)
[1.390s] -- Found visualization_msgs: 4.9.0 (/opt/ros/humble/share/visualization_msgs/cmake)
[1.514s] -- Configuring done
[1.519s] -- Generating done
[1.522s] -- Build files have been written to: /home/bart/ugv_ws/build/vizanti_demos
[1.556s] Invoked command in '/home/bart/ugv_ws/build/vizanti_demos' returned '0': AMENT_PREFIX_PATH=/home/bart/ugv_ws/install/vizanti_msgs:${AMENT_PREFIX_PATH} CMAKE_PREFIX_PATH=/home/bart/ugv_ws/install/vizanti_msgs:/home/bart/ros2_ws/install/my_robot_controller:/opt/ros/humble LD_LIBRARY_PATH=/home/bart/ugv_ws/install/vizanti_msgs/lib:${LD_LIBRARY_PATH} PYTHONPATH=/home/bart/ugv_ws/install/vizanti_msgs/local/lib/python3.10/dist-packages:${PYTHONPATH} /usr/bin/cmake /home/bart/ugv_ws/src/ugv_else/vizanti/vizanti_demos -Wno-dev -DCMAKE_INSTALL_PREFIX=/home/bart/ugv_ws/install/vizanti_demos
[1.563s] Invoking command in '/home/bart/ugv_ws/build/vizanti_demos': AMENT_PREFIX_PATH=/home/bart/ugv_ws/install/vizanti_msgs:${AMENT_PREFIX_PATH} CMAKE_PREFIX_PATH=/home/bart/ugv_ws/install/vizanti_msgs:/home/bart/ros2_ws/install/my_robot_controller:/opt/ros/humble LD_LIBRARY_PATH=/home/bart/ugv_ws/install/vizanti_msgs/lib:${LD_LIBRARY_PATH} PYTHONPATH=/home/bart/ugv_ws/install/vizanti_msgs/local/lib/python3.10/dist-packages:${PYTHONPATH} /usr/bin/cmake --build /home/bart/ugv_ws/build/vizanti_demos -- -j8 -l8
[1.609s] Invoked command in '/home/bart/ugv_ws/build/vizanti_demos' returned '0': AMENT_PREFIX_PATH=/home/bart/ugv_ws/install/vizanti_msgs:${AMENT_PREFIX_PATH} CMAKE_PREFIX_PATH=/home/bart/ugv_ws/install/vizanti_msgs:/home/bart/ros2_ws/install/my_robot_controller:/opt/ros/humble LD_LIBRARY_PATH=/home/bart/ugv_ws/install/vizanti_msgs/lib:${LD_LIBRARY_PATH} PYTHONPATH=/home/bart/ugv_ws/install/vizanti_msgs/local/lib/python3.10/dist-packages:${PYTHONPATH} /usr/bin/cmake --build /home/bart/ugv_ws/build/vizanti_demos -- -j8 -l8
[1.611s] Invoking command in '/home/bart/ugv_ws/build/vizanti_demos': AMENT_PREFIX_PATH=/home/bart/ugv_ws/install/vizanti_msgs:${AMENT_PREFIX_PATH} CMAKE_PREFIX_PATH=/home/bart/ugv_ws/install/vizanti_msgs:/home/bart/ros2_ws/install/my_robot_controller:/opt/ros/humble LD_LIBRARY_PATH=/home/bart/ugv_ws/install/vizanti_msgs/lib:${LD_LIBRARY_PATH} PYTHONPATH=/home/bart/ugv_ws/install/vizanti_msgs/local/lib/python3.10/dist-packages:${PYTHONPATH} /usr/bin/cmake --install /home/bart/ugv_ws/build/vizanti_demos
[1.621s] -- Install configuration: ""
[1.621s] -- Installing: /home/bart/ugv_ws/install/vizanti_demos/share/vizanti_demos//launch
[1.621s] -- Installing: /home/bart/ugv_ws/install/vizanti_demos/share/vizanti_demos//launch/test.launch.py
[1.625s] -- Installing: /home/bart/ugv_ws/install/vizanti_demos/lib/vizanti_demos/particle_cloud_to_pose_array.py
[1.626s] -- Installing: /home/bart/ugv_ws/install/vizanti_demos/lib/vizanti_demos/path_to_nav2poses.py
[1.626s] -- Installing: /home/bart/ugv_ws/install/vizanti_demos/lib/vizanti_demos/test_grid_cells.py
[1.626s] -- Installing: /home/bart/ugv_ws/install/vizanti_demos/lib/vizanti_demos/test_marker_array.py
[1.626s] -- Installing: /home/bart/ugv_ws/install/vizanti_demos/lib/vizanti_demos/test_tf.py
[1.626s] -- Installing: /home/bart/ugv_ws/install/vizanti_demos/share/ament_index/resource_index/package_run_dependencies/vizanti_demos
[1.626s] -- Installing: /home/bart/ugv_ws/install/vizanti_demos/share/ament_index/resource_index/parent_prefix_path/vizanti_demos
[1.627s] -- Installing: /home/bart/ugv_ws/install/vizanti_demos/share/vizanti_demos/environment/ament_prefix_path.sh
[1.627s] -- Installing: /home/bart/ugv_ws/install/vizanti_demos/share/vizanti_demos/environment/ament_prefix_path.dsv
[1.627s] -- Installing: /home/bart/ugv_ws/install/vizanti_demos/share/vizanti_demos/environment/path.sh
[1.627s] -- Installing: /home/bart/ugv_ws/install/vizanti_demos/share/vizanti_demos/environment/path.dsv
[1.627s] -- Installing: /home/bart/ugv_ws/install/vizanti_demos/share/vizanti_demos/local_setup.bash
[1.627s] -- Installing: /home/bart/ugv_ws/install/vizanti_demos/share/vizanti_demos/local_setup.sh
[1.628s] -- Installing: /home/bart/ugv_ws/install/vizanti_demos/share/vizanti_demos/local_setup.zsh
[1.628s] -- Installing: /home/bart/ugv_ws/install/vizanti_demos/share/vizanti_demos/local_setup.dsv
[1.628s] -- Installing: /home/bart/ugv_ws/install/vizanti_demos/share/vizanti_demos/package.dsv
[1.628s] -- Installing: /home/bart/ugv_ws/install/vizanti_demos/share/ament_index/resource_index/packages/vizanti_demos
[1.628s] -- Installing: /home/bart/ugv_ws/install/vizanti_demos/share/vizanti_demos/cmake/vizanti_demosConfig.cmake
[1.628s] -- Installing: /home/bart/ugv_ws/install/vizanti_demos/share/vizanti_demos/cmake/vizanti_demosConfig-version.cmake
[1.628s] -- Installing: /home/bart/ugv_ws/install/vizanti_demos/share/vizanti_demos/package.xml
[1.633s] Invoked command in '/home/bart/ugv_ws/build/vizanti_demos' returned '0': AMENT_PREFIX_PATH=/home/bart/ugv_ws/install/vizanti_msgs:${AMENT_PREFIX_PATH} CMAKE_PREFIX_PATH=/home/bart/ugv_ws/install/vizanti_msgs:/home/bart/ros2_ws/install/my_robot_controller:/opt/ros/humble LD_LIBRARY_PATH=/home/bart/ugv_ws/install/vizanti_msgs/lib:${LD_LIBRARY_PATH} PYTHONPATH=/home/bart/ugv_ws/install/vizanti_msgs/local/lib/python3.10/dist-packages:${PYTHONPATH} /usr/bin/cmake --install /home/bart/ugv_ws/build/vizanti_demos
