[0.007s] Invoking command in '/home/bart/ugv_ws/build/slam_gmapping': AMENT_PREFIX_PATH=/home/bart/ugv_ws/install/openslam_gmapping:${AMENT_PREFIX_PATH} CMAKE_PREFIX_PATH=/home/bart/ugv_ws/install/openslam_gmapping:/home/bart/ros2_ws/install/my_robot_controller:/opt/ros/humble LD_LIBRARY_PATH=/home/bart/ugv_ws/install/openslam_gmapping/lib:${LD_LIBRARY_PATH} /usr/bin/cmake --build /home/bart/ugv_ws/build/slam_gmapping -- -j8 -l8
[0.039s] [35m[1mConsolidate compiler generated dependencies of target slam_gmapping[0m
[0.052s] [100%] Built target slam_gmapping
[0.062s] Invoked command in '/home/bart/ugv_ws/build/slam_gmapping' returned '0': AMENT_PREFIX_PATH=/home/bart/ugv_ws/install/openslam_gmapping:${AMENT_PREFIX_PATH} CMAKE_PREFIX_PATH=/home/bart/ugv_ws/install/openslam_gmapping:/home/bart/ros2_ws/install/my_robot_controller:/opt/ros/humble LD_LIBRARY_PATH=/home/bart/ugv_ws/install/openslam_gmapping/lib:${LD_LIBRARY_PATH} /usr/bin/cmake --build /home/bart/ugv_ws/build/slam_gmapping -- -j8 -l8
[0.064s] Invoking command in '/home/bart/ugv_ws/build/slam_gmapping': AMENT_PREFIX_PATH=/home/bart/ugv_ws/install/openslam_gmapping:${AMENT_PREFIX_PATH} CMAKE_PREFIX_PATH=/home/bart/ugv_ws/install/openslam_gmapping:/home/bart/ros2_ws/install/my_robot_controller:/opt/ros/humble LD_LIBRARY_PATH=/home/bart/ugv_ws/install/openslam_gmapping/lib:${LD_LIBRARY_PATH} /usr/bin/cmake --install /home/bart/ugv_ws/build/slam_gmapping
[0.072s] -- Install configuration: ""
[0.072s] -- Up-to-date: /home/bart/ugv_ws/install/slam_gmapping/lib/slam_gmapping/slam_gmapping
[0.072s] -- Up-to-date: /home/bart/ugv_ws/install/slam_gmapping/share/slam_gmapping/launch
[0.072s] -- Up-to-date: /home/bart/ugv_ws/install/slam_gmapping/share/slam_gmapping/launch/mapping.launch.py
[0.072s] -- Up-to-date: /home/bart/ugv_ws/install/slam_gmapping/share/ament_index/resource_index/package_run_dependencies/slam_gmapping
[0.072s] -- Up-to-date: /home/bart/ugv_ws/install/slam_gmapping/share/ament_index/resource_index/parent_prefix_path/slam_gmapping
[0.072s] -- Up-to-date: /home/bart/ugv_ws/install/slam_gmapping/share/slam_gmapping/environment/ament_prefix_path.sh
[0.072s] -- Up-to-date: /home/bart/ugv_ws/install/slam_gmapping/share/slam_gmapping/environment/ament_prefix_path.dsv
[0.073s] -- Up-to-date: /home/bart/ugv_ws/install/slam_gmapping/share/slam_gmapping/environment/path.sh
[0.073s] -- Up-to-date: /home/bart/ugv_ws/install/slam_gmapping/share/slam_gmapping/environment/path.dsv
[0.073s] -- Up-to-date: /home/bart/ugv_ws/install/slam_gmapping/share/slam_gmapping/local_setup.bash
[0.073s] -- Up-to-date: /home/bart/ugv_ws/install/slam_gmapping/share/slam_gmapping/local_setup.sh
[0.073s] -- Up-to-date: /home/bart/ugv_ws/install/slam_gmapping/share/slam_gmapping/local_setup.zsh
[0.073s] -- Up-to-date: /home/bart/ugv_ws/install/slam_gmapping/share/slam_gmapping/local_setup.dsv
[0.073s] -- Installing: /home/bart/ugv_ws/install/slam_gmapping/share/slam_gmapping/package.dsv
[0.073s] -- Up-to-date: /home/bart/ugv_ws/install/slam_gmapping/share/ament_index/resource_index/packages/slam_gmapping
[0.073s] -- Up-to-date: /home/bart/ugv_ws/install/slam_gmapping/share/slam_gmapping/cmake/slam_gmappingConfig.cmake
[0.073s] -- Up-to-date: /home/bart/ugv_ws/install/slam_gmapping/share/slam_gmapping/cmake/slam_gmappingConfig-version.cmake
[0.073s] -- Up-to-date: /home/bart/ugv_ws/install/slam_gmapping/share/slam_gmapping/package.xml
[0.075s] Invoked command in '/home/bart/ugv_ws/build/slam_gmapping' returned '0': AMENT_PREFIX_PATH=/home/bart/ugv_ws/install/openslam_gmapping:${AMENT_PREFIX_PATH} CMAKE_PREFIX_PATH=/home/bart/ugv_ws/install/openslam_gmapping:/home/bart/ros2_ws/install/my_robot_controller:/opt/ros/humble LD_LIBRARY_PATH=/home/bart/ugv_ws/install/openslam_gmapping/lib:${LD_LIBRARY_PATH} /usr/bin/cmake --install /home/bart/ugv_ws/build/slam_gmapping
