[0.007s] Invoking command in '/home/bart/ugv_ws/build/vizanti': AMENT_PREFIX_PATH=/home/bart/ugv_ws/install/vizanti_server:/home/bart/ugv_ws/install/vizanti_msgs:${AMENT_PREFIX_PATH} CMAKE_PREFIX_PATH=/home/bart/ugv_ws/install/vizanti_server:/home/bart/ugv_ws/install/vizanti_msgs:/home/bart/ros2_ws/install/my_robot_controller:/opt/ros/humble LD_LIBRARY_PATH=/home/bart/ugv_ws/install/vizanti_msgs/lib:${LD_LIBRARY_PATH} PYTHONPATH=/home/bart/ugv_ws/install/vizanti_msgs/local/lib/python3.10/dist-packages:${PYTHONPATH} /usr/bin/cmake --build /home/bart/ugv_ws/build/vizanti -- -j8 -l8
[0.034s] Invoked command in '/home/bart/ugv_ws/build/vizanti' returned '0': AMENT_PREFIX_PATH=/home/bart/ugv_ws/install/vizanti_server:/home/bart/ugv_ws/install/vizanti_msgs:${AMENT_PREFIX_PATH} CMAKE_PREFIX_PATH=/home/bart/ugv_ws/install/vizanti_server:/home/bart/ugv_ws/install/vizanti_msgs:/home/bart/ros2_ws/install/my_robot_controller:/opt/ros/humble LD_LIBRARY_PATH=/home/bart/ugv_ws/install/vizanti_msgs/lib:${LD_LIBRARY_PATH} PYTHONPATH=/home/bart/ugv_ws/install/vizanti_msgs/local/lib/python3.10/dist-packages:${PYTHONPATH} /usr/bin/cmake --build /home/bart/ugv_ws/build/vizanti -- -j8 -l8
[0.036s] Invoking command in '/home/bart/ugv_ws/build/vizanti': AMENT_PREFIX_PATH=/home/bart/ugv_ws/install/vizanti_server:/home/bart/ugv_ws/install/vizanti_msgs:${AMENT_PREFIX_PATH} CMAKE_PREFIX_PATH=/home/bart/ugv_ws/install/vizanti_server:/home/bart/ugv_ws/install/vizanti_msgs:/home/bart/ros2_ws/install/my_robot_controller:/opt/ros/humble LD_LIBRARY_PATH=/home/bart/ugv_ws/install/vizanti_msgs/lib:${LD_LIBRARY_PATH} PYTHONPATH=/home/bart/ugv_ws/install/vizanti_msgs/local/lib/python3.10/dist-packages:${PYTHONPATH} /usr/bin/cmake --install /home/bart/ugv_ws/build/vizanti
[0.041s] -- Install configuration: ""
[0.041s] -- Up-to-date: /home/bart/ugv_ws/install/vizanti/share/ament_index/resource_index/package_run_dependencies/vizanti
[0.041s] -- Up-to-date: /home/bart/ugv_ws/install/vizanti/share/ament_index/resource_index/parent_prefix_path/vizanti
[0.041s] -- Up-to-date: /home/bart/ugv_ws/install/vizanti/share/vizanti/environment/ament_prefix_path.sh
[0.042s] -- Up-to-date: /home/bart/ugv_ws/install/vizanti/share/vizanti/environment/ament_prefix_path.dsv
[0.042s] -- Up-to-date: /home/bart/ugv_ws/install/vizanti/share/vizanti/environment/path.sh
[0.042s] -- Up-to-date: /home/bart/ugv_ws/install/vizanti/share/vizanti/environment/path.dsv
[0.042s] -- Up-to-date: /home/bart/ugv_ws/install/vizanti/share/vizanti/local_setup.bash
[0.042s] -- Up-to-date: /home/bart/ugv_ws/install/vizanti/share/vizanti/local_setup.sh
[0.042s] -- Up-to-date: /home/bart/ugv_ws/install/vizanti/share/vizanti/local_setup.zsh
[0.042s] -- Up-to-date: /home/bart/ugv_ws/install/vizanti/share/vizanti/local_setup.dsv
[0.042s] -- Up-to-date: /home/bart/ugv_ws/install/vizanti/share/vizanti/package.dsv
[0.042s] -- Up-to-date: /home/bart/ugv_ws/install/vizanti/share/ament_index/resource_index/packages/vizanti
[0.042s] -- Up-to-date: /home/bart/ugv_ws/install/vizanti/share/vizanti/cmake/vizantiConfig.cmake
[0.042s] -- Up-to-date: /home/bart/ugv_ws/install/vizanti/share/vizanti/cmake/vizantiConfig-version.cmake
[0.042s] -- Up-to-date: /home/bart/ugv_ws/install/vizanti/share/vizanti/package.xml
[0.043s] Invoked command in '/home/bart/ugv_ws/build/vizanti' returned '0': AMENT_PREFIX_PATH=/home/bart/ugv_ws/install/vizanti_server:/home/bart/ugv_ws/install/vizanti_msgs:${AMENT_PREFIX_PATH} CMAKE_PREFIX_PATH=/home/bart/ugv_ws/install/vizanti_server:/home/bart/ugv_ws/install/vizanti_msgs:/home/bart/ros2_ws/install/my_robot_controller:/opt/ros/humble LD_LIBRARY_PATH=/home/bart/ugv_ws/install/vizanti_msgs/lib:${LD_LIBRARY_PATH} PYTHONPATH=/home/bart/ugv_ws/install/vizanti_msgs/local/lib/python3.10/dist-packages:${PYTHONPATH} /usr/bin/cmake --install /home/bart/ugv_ws/build/vizanti
