[0.982s] Invoking command in '/home/bart/ugv_ws/build/ugv_web_app': PYTHONPATH=/home/bart/ugv_ws/build/ugv_web_app/prefix_override:/usr/lib/python3/dist-packages/colcon_core/task/python/colcon_distutils_commands:/home/bart/ugv_ws/install/ugv_web_app/lib/python3.10/site-packages:${PYTHONPATH} /usr/bin/python3 -W ignore:setup.py install is deprecated -W ignore:easy_install command is deprecated setup.py develop --editable --build-directory /home/bart/ugv_ws/build/ugv_web_app/build --no-deps symlink_data
[1.455s] running develop
[1.741s] running egg_info
[1.742s] creating ugv_web_app.egg-info
[1.742s] writing ugv_web_app.egg-info/PKG-INFO
[1.742s] writing dependency_links to ugv_web_app.egg-info/dependency_links.txt
[1.742s] writing entry points to ugv_web_app.egg-info/entry_points.txt
[1.743s] writing requirements to ugv_web_app.egg-info/requires.txt
[1.743s] writing top-level names to ugv_web_app.egg-info/top_level.txt
[1.743s] writing manifest file 'ugv_web_app.egg-info/SOURCES.txt'
[1.746s] reading manifest file 'ugv_web_app.egg-info/SOURCES.txt'
[1.746s] writing manifest file 'ugv_web_app.egg-info/SOURCES.txt'
[1.749s] running build_ext
[1.749s] Creating /home/bart/ugv_ws/install/ugv_web_app/lib/python3.10/site-packages/ugv-web-app.egg-link (link to .)
[1.750s] 
[1.750s] Installed /home/bart/ugv_ws/build/ugv_web_app
[1.750s] running symlink_data
[1.751s] creating /home/bart/ugv_ws/install/ugv_web_app/share/ament_index
[1.751s] creating /home/bart/ugv_ws/install/ugv_web_app/share/ament_index/resource_index
[1.751s] creating /home/bart/ugv_ws/install/ugv_web_app/share/ament_index/resource_index/packages
[1.751s] symbolically linking /home/bart/ugv_ws/build/ugv_web_app/resource/ugv_web_app -> /home/bart/ugv_ws/install/ugv_web_app/share/ament_index/resource_index/packages
[1.751s] symbolically linking /home/bart/ugv_ws/build/ugv_web_app/package.xml -> /home/bart/ugv_ws/install/ugv_web_app/share/ugv_web_app
[1.751s] creating /home/bart/ugv_ws/install/ugv_web_app/share/ugv_web_app/launch
[1.751s] symbolically linking /home/bart/ugv_ws/build/ugv_web_app/launch/bringup.launch.py -> /home/bart/ugv_ws/install/ugv_web_app/share/ugv_web_app/launch
[1.814s] Invoked command in '/home/bart/ugv_ws/build/ugv_web_app' returned '0': PYTHONPATH=/home/bart/ugv_ws/build/ugv_web_app/prefix_override:/usr/lib/python3/dist-packages/colcon_core/task/python/colcon_distutils_commands:/home/bart/ugv_ws/install/ugv_web_app/lib/python3.10/site-packages:${PYTHONPATH} /usr/bin/python3 -W ignore:setup.py install is deprecated -W ignore:easy_install command is deprecated setup.py develop --editable --build-directory /home/bart/ugv_ws/build/ugv_web_app/build --no-deps symlink_data
