[0.030s] Invoking command in '/home/bart/ugv_ws/build/ugv_base_node': CMAKE_PREFIX_PATH=/home/bart/ros2_ws/install/my_robot_controller:/opt/ros/humble /usr/bin/cmake /home/bart/ugv_ws/src/ugv_main/ugv_base_node -Wno-dev -DAMENT_CMAKE_SYMLINK_INSTALL=1 -DCMAKE_INSTALL_PREFIX=/home/bart/ugv_ws/install/ugv_base_node
[0.507s] -- The C compiler identification is GNU 11.4.0
[0.507s] -- The CXX compiler identification is GNU 11.4.0
[0.507s] -- Detecting C compiler ABI info
[0.507s] -- Detecting C compiler ABI info - done
[0.507s] -- Check for working C compiler: /usr/bin/cc - skipped
[0.507s] -- Detecting C compile features
[0.507s] -- Detecting C compile features - done
[0.507s] -- Detecting CXX compiler ABI info
[0.508s] -- Detecting CXX compiler ABI info - done
[0.508s] -- Check for working CXX compiler: /usr/bin/c++ - skipped
[0.508s] -- Detecting CXX compile features
[0.508s] -- Detecting CXX compile features - done
[0.508s] -- Found ament_cmake: 1.3.12 (/opt/ros/humble/share/ament_cmake/cmake)
[0.508s] -- Found Python3: /usr/bin/python3 (found version "3.10.12") found components: Interpreter 
[0.508s] -- Override CMake install command with custom implementation using symlinks instead of copying resources
[0.508s] -- Found tf2: 0.25.16 (/opt/ros/humble/share/tf2/cmake)
[0.513s] -- Found rosidl_generator_c: 3.1.7 (/opt/ros/humble/share/rosidl_generator_c/cmake)
[0.519s] -- Found rosidl_adapter: 3.1.7 (/opt/ros/humble/share/rosidl_adapter/cmake)
[0.534s] -- Found rosidl_generator_cpp: 3.1.7 (/opt/ros/humble/share/rosidl_generator_cpp/cmake)
[0.552s] -- Using all available rosidl_typesupport_c: rosidl_typesupport_fastrtps_c;rosidl_typesupport_introspection_c
[0.579s] -- Using all available rosidl_typesupport_cpp: rosidl_typesupport_fastrtps_cpp;rosidl_typesupport_introspection_cpp
[0.651s] -- Found tf2_ros: 0.25.16 (/opt/ros/humble/share/tf2_ros/cmake)
[0.747s] -- Found rmw_implementation_cmake: 6.1.2 (/opt/ros/humble/share/rmw_implementation_cmake/cmake)
[0.751s] -- Found rmw_fastrtps_cpp: 6.2.9 (/opt/ros/humble/share/rmw_fastrtps_cpp/cmake)
[0.882s] -- Found OpenSSL: /usr/lib/x86_64-linux-gnu/libcrypto.so (found version "3.0.2")  
[0.926s] -- Found FastRTPS: /opt/ros/humble/include  
[0.983s] -- Using RMW implementation 'rmw_fastrtps_cpp' as default
[0.996s] -- Looking for pthread.h
[1.097s] -- Looking for pthread.h - found
[1.097s] -- Performing Test CMAKE_HAVE_LIBC_PTHREAD
[1.203s] -- Performing Test CMAKE_HAVE_LIBC_PTHREAD - Success
[1.205s] -- Found Threads: TRUE  
[1.367s] -- Found nav_msgs: 4.9.0 (/opt/ros/humble/share/nav_msgs/cmake)
[1.394s] -- Found sensor_msgs: 4.9.0 (/opt/ros/humble/share/sensor_msgs/cmake)
[1.422s] -- Found ament_lint_auto: 0.12.14 (/opt/ros/humble/share/ament_lint_auto/cmake)
[1.556s] -- Added test 'copyright' to check source files copyright and LICENSE
[1.558s] -- Added test 'cppcheck' to perform static code analysis on C / C++ code
[1.558s] -- Configured cppcheck include dirs: 
[1.559s] -- Configured cppcheck exclude dirs and/or files: 
[1.560s] -- Added test 'cpplint' to check C / C++ code against the Google style
[1.560s] -- Configured cpplint exclude dirs and/or files: 
[1.561s] -- Added test 'lint_cmake' to check CMake code style
[1.563s] -- Added test 'uncrustify' to check C / C++ code style
[1.563s] -- Configured uncrustify additional arguments: 
[1.564s] -- Added test 'xmllint' to check XML markup files
[1.566s] -- Configuring done
[1.594s] -- Generating done
[1.606s] -- Build files have been written to: /home/bart/ugv_ws/build/ugv_base_node
[1.622s] Invoked command in '/home/bart/ugv_ws/build/ugv_base_node' returned '0': CMAKE_PREFIX_PATH=/home/bart/ros2_ws/install/my_robot_controller:/opt/ros/humble /usr/bin/cmake /home/bart/ugv_ws/src/ugv_main/ugv_base_node -Wno-dev -DAMENT_CMAKE_SYMLINK_INSTALL=1 -DCMAKE_INSTALL_PREFIX=/home/bart/ugv_ws/install/ugv_base_node
[1.623s] Invoking command in '/home/bart/ugv_ws/build/ugv_base_node': CMAKE_PREFIX_PATH=/home/bart/ros2_ws/install/my_robot_controller:/opt/ros/humble /usr/bin/cmake --build /home/bart/ugv_ws/build/ugv_base_node -- -j8 -l8
[1.842s] [ 25%] [32mBuilding CXX object CMakeFiles/base_node.dir/src/base_node.cpp.o[0m
[1.842s] [ 50%] [32mBuilding CXX object CMakeFiles/base_node_ekf.dir/src/base_node_ekf.cpp.o[0m
[13.435s] [ 75%] [32m[1mLinking CXX executable base_node[0m
[13.533s] [100%] [32m[1mLinking CXX executable base_node_ekf[0m
[14.000s] [100%] Built target base_node
[14.088s] [100%] Built target base_node_ekf
[14.096s] Invoked command in '/home/bart/ugv_ws/build/ugv_base_node' returned '0': CMAKE_PREFIX_PATH=/home/bart/ros2_ws/install/my_robot_controller:/opt/ros/humble /usr/bin/cmake --build /home/bart/ugv_ws/build/ugv_base_node -- -j8 -l8
[14.098s] Invoking command in '/home/bart/ugv_ws/build/ugv_base_node': CMAKE_PREFIX_PATH=/home/bart/ros2_ws/install/my_robot_controller:/opt/ros/humble /usr/bin/cmake --install /home/bart/ugv_ws/build/ugv_base_node
[14.103s] -- Install configuration: ""
[14.103s] -- Execute custom install script
[14.103s] -- Symlinking: /home/bart/ugv_ws/install/ugv_base_node/lib/ugv_base_node/base_node
[14.110s] -- Symlinking: /home/bart/ugv_ws/install/ugv_base_node/lib/ugv_base_node/base_node_ekf
[14.116s] -- Symlinking: /home/bart/ugv_ws/install/ugv_base_node/share/ament_index/resource_index/package_run_dependencies/ugv_base_node
[14.123s] -- Symlinking: /home/bart/ugv_ws/install/ugv_base_node/share/ament_index/resource_index/parent_prefix_path/ugv_base_node
[14.129s] -- Symlinking: /home/bart/ugv_ws/install/ugv_base_node/share/ugv_base_node/environment/ament_prefix_path.sh
[14.136s] -- Symlinking: /home/bart/ugv_ws/install/ugv_base_node/share/ugv_base_node/environment/ament_prefix_path.dsv
[14.142s] -- Symlinking: /home/bart/ugv_ws/install/ugv_base_node/share/ugv_base_node/environment/path.sh
[14.149s] -- Symlinking: /home/bart/ugv_ws/install/ugv_base_node/share/ugv_base_node/environment/path.dsv
[14.156s] -- Symlinking: /home/bart/ugv_ws/install/ugv_base_node/share/ugv_base_node/local_setup.bash
[14.162s] -- Symlinking: /home/bart/ugv_ws/install/ugv_base_node/share/ugv_base_node/local_setup.sh
[14.169s] -- Symlinking: /home/bart/ugv_ws/install/ugv_base_node/share/ugv_base_node/local_setup.zsh
[14.176s] -- Symlinking: /home/bart/ugv_ws/install/ugv_base_node/share/ugv_base_node/local_setup.dsv
[14.183s] -- Symlinking: /home/bart/ugv_ws/install/ugv_base_node/share/ugv_base_node/package.dsv
[14.189s] -- Symlinking: /home/bart/ugv_ws/install/ugv_base_node/share/ament_index/resource_index/packages/ugv_base_node
[14.196s] -- Symlinking: /home/bart/ugv_ws/install/ugv_base_node/share/ugv_base_node/cmake/ugv_base_nodeConfig.cmake
[14.203s] -- Symlinking: /home/bart/ugv_ws/install/ugv_base_node/share/ugv_base_node/cmake/ugv_base_nodeConfig-version.cmake
[14.209s] -- Symlinking: /home/bart/ugv_ws/install/ugv_base_node/share/ugv_base_node/package.xml
[14.217s] Invoked command in '/home/bart/ugv_ws/build/ugv_base_node' returned '0': CMAKE_PREFIX_PATH=/home/bart/ros2_ws/install/my_robot_controller:/opt/ros/humble /usr/bin/cmake --install /home/bart/ugv_ws/build/ugv_base_node
