[0.016s] Invoking command in '/home/bart/ugv_ws/build/vizanti_cpp': CMAKE_PREFIX_PATH=/home/bart/ros2_ws/install/my_robot_controller:/opt/ros/humble /usr/bin/cmake /home/bart/ugv_ws/src/ugv_else/vizanti/vizanti_cpp -Wno-dev -DCMAKE_INSTALL_PREFIX=/home/bart/ugv_ws/install/vizanti_cpp
[0.062s] -- The C compiler identification is GNU 11.4.0
[0.114s] -- The CXX compiler identification is GNU 11.4.0
[0.123s] -- Detecting C compiler ABI info
[0.183s] -- Detecting C compiler ABI info - done
[0.194s] -- Check for working C compiler: /usr/bin/cc - skipped
[0.194s] -- Detecting C compile features
[0.195s] -- Detecting C compile features - done
[0.198s] -- Detecting CXX compiler ABI info
[0.263s] -- Detecting CXX compiler ABI info - done
[0.275s] -- Check for working CXX compiler: /usr/bin/c++ - skipped
[0.275s] -- Detecting CXX compile features
[0.275s] -- Detecting CXX compile features - done
[0.278s] -- Found ament_cmake: 1.3.12 (/opt/ros/humble/share/ament_cmake/cmake)
[0.432s] -- Found Python3: /usr/bin/python3 (found version "3.10.12") found components: Interpreter 
[0.525s] -- Found rclcpp: 16.0.15 (/opt/ros/humble/share/rclcpp/cmake)
[0.569s] -- Found rosidl_generator_c: 3.1.7 (/opt/ros/humble/share/rosidl_generator_c/cmake)
[0.576s] -- Found rosidl_adapter: 3.1.7 (/opt/ros/humble/share/rosidl_adapter/cmake)
[0.585s] -- Found rosidl_generator_cpp: 3.1.7 (/opt/ros/humble/share/rosidl_generator_cpp/cmake)
[0.595s] -- Using all available rosidl_typesupport_c: rosidl_typesupport_fastrtps_c;rosidl_typesupport_introspection_c
[0.608s] -- Using all available rosidl_typesupport_cpp: rosidl_typesupport_fastrtps_cpp;rosidl_typesupport_introspection_cpp
[0.645s] -- Found rmw_implementation_cmake: 6.1.2 (/opt/ros/humble/share/rmw_implementation_cmake/cmake)
[0.647s] -- Found rmw_fastrtps_cpp: 6.2.9 (/opt/ros/humble/share/rmw_fastrtps_cpp/cmake)
[0.718s] -- Found OpenSSL: /usr/lib/x86_64-linux-gnu/libcrypto.so (found version "3.0.2")  
[0.749s] -- Found FastRTPS: /opt/ros/humble/include  
[0.796s] -- Using RMW implementation 'rmw_fastrtps_cpp' as default
[0.807s] -- Looking for pthread.h
[0.874s] -- Looking for pthread.h - found
[0.875s] -- Performing Test CMAKE_HAVE_LIBC_PTHREAD
[0.937s] -- Performing Test CMAKE_HAVE_LIBC_PTHREAD - Success
[0.938s] -- Found Threads: TRUE  
[0.989s] -- Found tf2_msgs: 0.25.16 (/opt/ros/humble/share/tf2_msgs/cmake)
[1.096s] -- Configuring done
[1.109s] -- Generating done
[1.115s] -- Build files have been written to: /home/bart/ugv_ws/build/vizanti_cpp
[1.126s] Invoked command in '/home/bart/ugv_ws/build/vizanti_cpp' returned '0': CMAKE_PREFIX_PATH=/home/bart/ros2_ws/install/my_robot_controller:/opt/ros/humble /usr/bin/cmake /home/bart/ugv_ws/src/ugv_else/vizanti/vizanti_cpp -Wno-dev -DCMAKE_INSTALL_PREFIX=/home/bart/ugv_ws/install/vizanti_cpp
[1.128s] Invoking command in '/home/bart/ugv_ws/build/vizanti_cpp': CMAKE_PREFIX_PATH=/home/bart/ros2_ws/install/my_robot_controller:/opt/ros/humble /usr/bin/cmake --build /home/bart/ugv_ws/build/vizanti_cpp -- -j8 -l8
[1.166s] [ 50%] [32mBuilding CXX object CMakeFiles/tf_consolidator.dir/src/tf_consolidator.cpp.o[0m
[18.265s] [100%] [32m[1mLinking CXX executable tf_consolidator[0m
[18.772s] [100%] Built target tf_consolidator
[18.783s] Invoked command in '/home/bart/ugv_ws/build/vizanti_cpp' returned '0': CMAKE_PREFIX_PATH=/home/bart/ros2_ws/install/my_robot_controller:/opt/ros/humble /usr/bin/cmake --build /home/bart/ugv_ws/build/vizanti_cpp -- -j8 -l8
[18.785s] Invoking command in '/home/bart/ugv_ws/build/vizanti_cpp': CMAKE_PREFIX_PATH=/home/bart/ros2_ws/install/my_robot_controller:/opt/ros/humble /usr/bin/cmake --install /home/bart/ugv_ws/build/vizanti_cpp
[18.793s] -- Install configuration: ""
[18.793s] -- Installing: /home/bart/ugv_ws/install/vizanti_cpp/lib/vizanti_cpp/tf_consolidator
[18.796s] -- Set runtime path of "/home/bart/ugv_ws/install/vizanti_cpp/lib/vizanti_cpp/tf_consolidator" to ""
[18.796s] -- Installing: /home/bart/ugv_ws/install/vizanti_cpp/share/ament_index/resource_index/package_run_dependencies/vizanti_cpp
[18.797s] -- Installing: /home/bart/ugv_ws/install/vizanti_cpp/share/ament_index/resource_index/parent_prefix_path/vizanti_cpp
[18.797s] -- Installing: /home/bart/ugv_ws/install/vizanti_cpp/share/vizanti_cpp/environment/ament_prefix_path.sh
[18.797s] -- Installing: /home/bart/ugv_ws/install/vizanti_cpp/share/vizanti_cpp/environment/ament_prefix_path.dsv
[18.797s] -- Installing: /home/bart/ugv_ws/install/vizanti_cpp/share/vizanti_cpp/environment/path.sh
[18.797s] -- Installing: /home/bart/ugv_ws/install/vizanti_cpp/share/vizanti_cpp/environment/path.dsv
[18.797s] -- Installing: /home/bart/ugv_ws/install/vizanti_cpp/share/vizanti_cpp/local_setup.bash
[18.798s] -- Installing: /home/bart/ugv_ws/install/vizanti_cpp/share/vizanti_cpp/local_setup.sh
[18.798s] -- Installing: /home/bart/ugv_ws/install/vizanti_cpp/share/vizanti_cpp/local_setup.zsh
[18.798s] -- Installing: /home/bart/ugv_ws/install/vizanti_cpp/share/vizanti_cpp/local_setup.dsv
[18.798s] -- Installing: /home/bart/ugv_ws/install/vizanti_cpp/share/vizanti_cpp/package.dsv
[18.798s] -- Installing: /home/bart/ugv_ws/install/vizanti_cpp/share/ament_index/resource_index/packages/vizanti_cpp
[18.798s] -- Installing: /home/bart/ugv_ws/install/vizanti_cpp/share/vizanti_cpp/cmake/vizanti_cppConfig.cmake
[18.798s] -- Installing: /home/bart/ugv_ws/install/vizanti_cpp/share/vizanti_cpp/cmake/vizanti_cppConfig-version.cmake
[18.798s] -- Installing: /home/bart/ugv_ws/install/vizanti_cpp/share/vizanti_cpp/package.xml
[18.803s] Invoked command in '/home/bart/ugv_ws/build/vizanti_cpp' returned '0': CMAKE_PREFIX_PATH=/home/bart/ros2_ws/install/my_robot_controller:/opt/ros/humble /usr/bin/cmake --install /home/bart/ugv_ws/build/vizanti_cpp
