[0.017s] Invoking command in '/home/bart/ugv_ws/build/vizanti': AMENT_PREFIX_PATH=/home/bart/ugv_ws/install/vizanti_server:/home/bart/ugv_ws/install/vizanti_msgs:${AMENT_PREFIX_PATH} CMAKE_PREFIX_PATH=/home/bart/ugv_ws/install/vizanti_server:/home/bart/ugv_ws/install/vizanti_msgs:/home/bart/ros2_ws/install/my_robot_controller:/opt/ros/humble LD_LIBRARY_PATH=/home/bart/ugv_ws/install/vizanti_msgs/lib:${LD_LIBRARY_PATH} PYTHONPATH=/home/bart/ugv_ws/install/vizanti_msgs/local/lib/python3.10/dist-packages:${PYTHONPATH} /usr/bin/cmake /home/bart/ugv_ws/src/ugv_else/vizanti/vizanti -Wno-dev -DCMAKE_INSTALL_PREFIX=/home/bart/ugv_ws/install/vizanti
[0.037s] -- Found ament_cmake_core: 1.3.12 (/opt/ros/humble/share/ament_cmake_core/cmake)
[0.278s] -- Found Python3: /usr/bin/python3 (found version "3.10.12") found components: Interpreter 
[0.461s] -- Configuring done
[0.463s] -- Generating done
[0.464s] -- Build files have been written to: /home/bart/ugv_ws/build/vizanti
[0.467s] Invoked command in '/home/bart/ugv_ws/build/vizanti' returned '0': AMENT_PREFIX_PATH=/home/bart/ugv_ws/install/vizanti_server:/home/bart/ugv_ws/install/vizanti_msgs:${AMENT_PREFIX_PATH} CMAKE_PREFIX_PATH=/home/bart/ugv_ws/install/vizanti_server:/home/bart/ugv_ws/install/vizanti_msgs:/home/bart/ros2_ws/install/my_robot_controller:/opt/ros/humble LD_LIBRARY_PATH=/home/bart/ugv_ws/install/vizanti_msgs/lib:${LD_LIBRARY_PATH} PYTHONPATH=/home/bart/ugv_ws/install/vizanti_msgs/local/lib/python3.10/dist-packages:${PYTHONPATH} /usr/bin/cmake /home/bart/ugv_ws/src/ugv_else/vizanti/vizanti -Wno-dev -DCMAKE_INSTALL_PREFIX=/home/bart/ugv_ws/install/vizanti
[0.469s] Invoking command in '/home/bart/ugv_ws/build/vizanti': AMENT_PREFIX_PATH=/home/bart/ugv_ws/install/vizanti_server:/home/bart/ugv_ws/install/vizanti_msgs:${AMENT_PREFIX_PATH} CMAKE_PREFIX_PATH=/home/bart/ugv_ws/install/vizanti_server:/home/bart/ugv_ws/install/vizanti_msgs:/home/bart/ros2_ws/install/my_robot_controller:/opt/ros/humble LD_LIBRARY_PATH=/home/bart/ugv_ws/install/vizanti_msgs/lib:${LD_LIBRARY_PATH} PYTHONPATH=/home/bart/ugv_ws/install/vizanti_msgs/local/lib/python3.10/dist-packages:${PYTHONPATH} /usr/bin/cmake --build /home/bart/ugv_ws/build/vizanti -- -j8 -l8
[0.510s] Invoked command in '/home/bart/ugv_ws/build/vizanti' returned '0': AMENT_PREFIX_PATH=/home/bart/ugv_ws/install/vizanti_server:/home/bart/ugv_ws/install/vizanti_msgs:${AMENT_PREFIX_PATH} CMAKE_PREFIX_PATH=/home/bart/ugv_ws/install/vizanti_server:/home/bart/ugv_ws/install/vizanti_msgs:/home/bart/ros2_ws/install/my_robot_controller:/opt/ros/humble LD_LIBRARY_PATH=/home/bart/ugv_ws/install/vizanti_msgs/lib:${LD_LIBRARY_PATH} PYTHONPATH=/home/bart/ugv_ws/install/vizanti_msgs/local/lib/python3.10/dist-packages:${PYTHONPATH} /usr/bin/cmake --build /home/bart/ugv_ws/build/vizanti -- -j8 -l8
[0.512s] Invoking command in '/home/bart/ugv_ws/build/vizanti': AMENT_PREFIX_PATH=/home/bart/ugv_ws/install/vizanti_server:/home/bart/ugv_ws/install/vizanti_msgs:${AMENT_PREFIX_PATH} CMAKE_PREFIX_PATH=/home/bart/ugv_ws/install/vizanti_server:/home/bart/ugv_ws/install/vizanti_msgs:/home/bart/ros2_ws/install/my_robot_controller:/opt/ros/humble LD_LIBRARY_PATH=/home/bart/ugv_ws/install/vizanti_msgs/lib:${LD_LIBRARY_PATH} PYTHONPATH=/home/bart/ugv_ws/install/vizanti_msgs/local/lib/python3.10/dist-packages:${PYTHONPATH} /usr/bin/cmake --install /home/bart/ugv_ws/build/vizanti
[0.531s] -- Install configuration: ""
[0.531s] -- Installing: /home/bart/ugv_ws/install/vizanti/share/ament_index/resource_index/package_run_dependencies/vizanti
[0.531s] -- Installing: /home/bart/ugv_ws/install/vizanti/share/ament_index/resource_index/parent_prefix_path/vizanti
[0.531s] -- Installing: /home/bart/ugv_ws/install/vizanti/share/vizanti/environment/ament_prefix_path.sh
[0.531s] -- Installing: /home/bart/ugv_ws/install/vizanti/share/vizanti/environment/ament_prefix_path.dsv
[0.531s] -- Installing: /home/bart/ugv_ws/install/vizanti/share/vizanti/environment/path.sh
[0.531s] -- Installing: /home/bart/ugv_ws/install/vizanti/share/vizanti/environment/path.dsv
[0.532s] -- Installing: /home/bart/ugv_ws/install/vizanti/share/vizanti/local_setup.bash
[0.532s] -- Installing: /home/bart/ugv_ws/install/vizanti/share/vizanti/local_setup.sh
[0.532s] -- Installing: /home/bart/ugv_ws/install/vizanti/share/vizanti/local_setup.zsh
[0.532s] -- Installing: /home/bart/ugv_ws/install/vizanti/share/vizanti/local_setup.dsv
[0.532s] -- Installing: /home/bart/ugv_ws/install/vizanti/share/vizanti/package.dsv
[0.532s] -- Installing: /home/bart/ugv_ws/install/vizanti/share/ament_index/resource_index/packages/vizanti
[0.532s] -- Installing: /home/bart/ugv_ws/install/vizanti/share/vizanti/cmake/vizantiConfig.cmake
[0.532s] -- Installing: /home/bart/ugv_ws/install/vizanti/share/vizanti/cmake/vizantiConfig-version.cmake
[0.532s] -- Installing: /home/bart/ugv_ws/install/vizanti/share/vizanti/package.xml
[0.533s] Invoked command in '/home/bart/ugv_ws/build/vizanti' returned '0': AMENT_PREFIX_PATH=/home/bart/ugv_ws/install/vizanti_server:/home/bart/ugv_ws/install/vizanti_msgs:${AMENT_PREFIX_PATH} CMAKE_PREFIX_PATH=/home/bart/ugv_ws/install/vizanti_server:/home/bart/ugv_ws/install/vizanti_msgs:/home/bart/ros2_ws/install/my_robot_controller:/opt/ros/humble LD_LIBRARY_PATH=/home/bart/ugv_ws/install/vizanti_msgs/lib:${LD_LIBRARY_PATH} PYTHONPATH=/home/bart/ugv_ws/install/vizanti_msgs/local/lib/python3.10/dist-packages:${PYTHONPATH} /usr/bin/cmake --install /home/bart/ugv_ws/build/vizanti
