[0.011s] Invoking command in '/home/bart/ugv_ws/build/explore_lite': CMAKE_PREFIX_PATH=/home/bart/ros2_ws/install/my_robot_controller:/opt/ros/humble /usr/bin/cmake /home/bart/ugv_ws/src/ugv_else/explore_lite -Wno-dev -DCMAKE_INSTALL_PREFIX=/home/bart/ugv_ws/install/explore_lite
[0.086s] -- The C compiler identification is GNU 11.4.0
[0.144s] -- The CXX compiler identification is GNU 11.4.0
[0.152s] -- Detecting C compiler ABI info
[0.208s] -- Detecting C compiler ABI info - done
[0.214s] -- Check for working C compiler: /usr/bin/cc - skipped
[0.217s] -- Detecting C compile features
[0.217s] -- Detecting C compile features - done
[0.220s] -- Detecting CXX compiler ABI info
[0.283s] -- Detecting CXX compiler ABI info - done
[0.288s] -- Check for working CXX compiler: /usr/bin/c++ - skipped
[0.289s] -- Detecting CXX compile features
[0.289s] -- Detecting CXX compile features - done
[0.289s] -- BuilD for ROS2: humble
[0.291s] -- Found ament_cmake: 1.3.12 (/opt/ros/humble/share/ament_cmake/cmake)
[0.419s] -- Found Python3: /usr/bin/python3 (found version "3.10.12") found components: Interpreter 
[0.498s] -- Found rclcpp: 16.0.15 (/opt/ros/humble/share/rclcpp/cmake)
[0.533s] -- Found rosidl_generator_c: 3.1.7 (/opt/ros/humble/share/rosidl_generator_c/cmake)
[0.537s] -- Found rosidl_adapter: 3.1.7 (/opt/ros/humble/share/rosidl_adapter/cmake)
[0.544s] -- Found rosidl_generator_cpp: 3.1.7 (/opt/ros/humble/share/rosidl_generator_cpp/cmake)
[0.554s] -- Using all available rosidl_typesupport_c: rosidl_typesupport_fastrtps_c;rosidl_typesupport_introspection_c
[0.567s] -- Using all available rosidl_typesupport_cpp: rosidl_typesupport_fastrtps_cpp;rosidl_typesupport_introspection_cpp
[0.605s] -- Found rmw_implementation_cmake: 6.1.2 (/opt/ros/humble/share/rmw_implementation_cmake/cmake)
[0.608s] -- Found rmw_fastrtps_cpp: 6.2.9 (/opt/ros/humble/share/rmw_fastrtps_cpp/cmake)
[0.679s] -- Found OpenSSL: /usr/lib/x86_64-linux-gnu/libcrypto.so (found version "3.0.2")  
[0.702s] -- Found FastRTPS: /opt/ros/humble/include  
[0.735s] -- Using RMW implementation 'rmw_fastrtps_cpp' as default
[0.745s] -- Looking for pthread.h
[0.800s] -- Looking for pthread.h - found
[0.800s] -- Performing Test CMAKE_HAVE_LIBC_PTHREAD
[0.856s] -- Performing Test CMAKE_HAVE_LIBC_PTHREAD - Success
[0.857s] -- Found Threads: TRUE  
[0.903s] -- Found sensor_msgs: 4.9.0 (/opt/ros/humble/share/sensor_msgs/cmake)
[0.929s] -- Found tf2_ros: 0.25.16 (/opt/ros/humble/share/tf2_ros/cmake)
[1.011s] -- Found tf2_geometry_msgs: 0.25.16 (/opt/ros/humble/share/tf2_geometry_msgs/cmake)
[1.022s] -- Found eigen3_cmake_module: 0.1.1 (/opt/ros/humble/share/eigen3_cmake_module/cmake)
[1.023s] -- Found Eigen3: TRUE (found version "3.4.0") 
[1.023s] -- Ensuring Eigen3 include directory is part of orocos-kdl CMake target
[1.026s] -- Found nav2_msgs: 1.1.19 (/opt/ros/humble/share/nav2_msgs/cmake)
[1.061s] -- Found map_msgs: 2.1.0 (/opt/ros/humble/share/map_msgs/cmake)
[1.076s] -- Found visualization_msgs: 4.9.0 (/opt/ros/humble/share/visualization_msgs/cmake)
[1.092s] -- Found nav2_costmap_2d: 1.1.19 (/opt/ros/humble/share/nav2_costmap_2d/cmake)
[1.195s] -- Found ament_lint_auto: 0.12.14 (/opt/ros/humble/share/ament_lint_auto/cmake)
[1.258s] -- Found ament_cmake_gtest: 1.3.12 (/opt/ros/humble/share/ament_cmake_gtest/cmake)
[1.260s] -- Found gtest sources under '/opt/ros/humble/src/gtest_vendor': C++ tests using 'Google Test' will be built
[1.270s] -- Added test 'cppcheck' to perform static code analysis on C / C++ code
[1.271s] -- Configured cppcheck include dirs: /home/bart/ugv_ws/src/ugv_else/explore_lite/include;$<BUILD_INTERFACE:/home/bart/ugv_ws/src/ugv_else/explore_lite/include>
[1.271s] -- Configured cppcheck exclude dirs and/or files: 
[1.271s] -- Added test 'flake8' to check Python code syntax and style conventions
[1.272s] -- Added test 'lint_cmake' to check CMake code style
[1.272s] -- Added test 'pep257' to check Python code against some of the docstring style conventions in PEP 257
[1.273s] -- Added test 'uncrustify' to check C / C++ code style
[1.273s] -- Configured uncrustify additional arguments: 
[1.273s] -- Added test 'xmllint' to check XML markup files
[1.274s] -- Configuring done
[1.342s] -- Generating done
[1.353s] -- Build files have been written to: /home/bart/ugv_ws/build/explore_lite
[1.364s] Invoked command in '/home/bart/ugv_ws/build/explore_lite' returned '0': CMAKE_PREFIX_PATH=/home/bart/ros2_ws/install/my_robot_controller:/opt/ros/humble /usr/bin/cmake /home/bart/ugv_ws/src/ugv_else/explore_lite -Wno-dev -DCMAKE_INSTALL_PREFIX=/home/bart/ugv_ws/install/explore_lite
[1.365s] Invoking command in '/home/bart/ugv_ws/build/explore_lite': CMAKE_PREFIX_PATH=/home/bart/ros2_ws/install/my_robot_controller:/opt/ros/humble /usr/bin/cmake --build /home/bart/ugv_ws/build/explore_lite -- -j8 -l8
[1.404s] [ 10%] [32mBuilding CXX object gtest/CMakeFiles/gtest_main.dir/src/gtest_main.cc.o[0m
[1.405s] [ 20%] [32mBuilding CXX object gtest/CMakeFiles/gtest.dir/src/gtest-all.cc.o[0m
[1.405s] [ 30%] [32mBuilding CXX object CMakeFiles/explore.dir/src/explore.cpp.o[0m
[1.407s] [ 40%] [32mBuilding CXX object CMakeFiles/explore.dir/src/costmap_client.cpp.o[0m
[1.407s] [ 50%] [32mBuilding CXX object CMakeFiles/explore.dir/src/frontier_search.cpp.o[0m
[2.291s] [ 60%] [32m[1mLinking CXX static library libgtest_main.a[0m
[2.369s] [ 60%] Built target gtest_main
[5.832s] [ 70%] [32m[1mLinking CXX static library libgtest.a[0m
[5.879s] [ 70%] Built target gtest
[5.897s] [ 80%] [32mBuilding CXX object CMakeFiles/test_explore.dir/test/test_explore.cpp.o[0m
[6.922s] [ 90%] [32m[1mLinking CXX executable test_explore[0m
[7.618s] [ 90%] Built target test_explore
[13.757s] [100%] [32m[1mLinking CXX executable explore[0m
[15.255s] [100%] Built target explore
[15.278s] Invoked command in '/home/bart/ugv_ws/build/explore_lite' returned '0': CMAKE_PREFIX_PATH=/home/bart/ros2_ws/install/my_robot_controller:/opt/ros/humble /usr/bin/cmake --build /home/bart/ugv_ws/build/explore_lite -- -j8 -l8
[15.280s] Invoking command in '/home/bart/ugv_ws/build/explore_lite': CMAKE_PREFIX_PATH=/home/bart/ros2_ws/install/my_robot_controller:/opt/ros/humble /usr/bin/cmake --install /home/bart/ugv_ws/build/explore_lite
[15.289s] -- Install configuration: ""
[15.289s] -- Installing: /home/bart/ugv_ws/install/explore_lite/include/explore/
[15.289s] -- Installing: /home/bart/ugv_ws/install/explore_lite/include/explore//frontier_search.h
[15.289s] -- Installing: /home/bart/ugv_ws/install/explore_lite/include/explore//costmap_client.h
[15.290s] -- Installing: /home/bart/ugv_ws/install/explore_lite/include/explore//costmap_tools.h
[15.290s] -- Installing: /home/bart/ugv_ws/install/explore_lite/include/explore//explore.h
[15.290s] -- Installing: /home/bart/ugv_ws/install/explore_lite/share/explore_lite/config
[15.290s] -- Installing: /home/bart/ugv_ws/install/explore_lite/share/explore_lite/config/params.yaml
[15.290s] -- Installing: /home/bart/ugv_ws/install/explore_lite/share/explore_lite/config/params_costmap.yaml
[15.290s] -- Installing: /home/bart/ugv_ws/install/explore_lite/share/explore_lite/launch
[15.290s] -- Installing: /home/bart/ugv_ws/install/explore_lite/share/explore_lite/launch/explore.launch.py
[15.291s] -- Installing: /home/bart/ugv_ws/install/explore_lite/lib/explore_lite/explore
[15.295s] -- Set runtime path of "/home/bart/ugv_ws/install/explore_lite/lib/explore_lite/explore" to ""
[15.295s] -- Installing: /home/bart/ugv_ws/install/explore_lite/share/ament_index/resource_index/package_run_dependencies/explore_lite
[15.295s] -- Installing: /home/bart/ugv_ws/install/explore_lite/share/ament_index/resource_index/parent_prefix_path/explore_lite
[15.295s] -- Installing: /home/bart/ugv_ws/install/explore_lite/share/explore_lite/environment/ament_prefix_path.sh
[15.295s] -- Installing: /home/bart/ugv_ws/install/explore_lite/share/explore_lite/environment/ament_prefix_path.dsv
[15.295s] -- Installing: /home/bart/ugv_ws/install/explore_lite/share/explore_lite/environment/path.sh
[15.296s] -- Installing: /home/bart/ugv_ws/install/explore_lite/share/explore_lite/environment/path.dsv
[15.296s] -- Installing: /home/bart/ugv_ws/install/explore_lite/share/explore_lite/local_setup.bash
[15.296s] -- Installing: /home/bart/ugv_ws/install/explore_lite/share/explore_lite/local_setup.sh
[15.296s] -- Installing: /home/bart/ugv_ws/install/explore_lite/share/explore_lite/local_setup.zsh
[15.296s] -- Installing: /home/bart/ugv_ws/install/explore_lite/share/explore_lite/local_setup.dsv
[15.296s] -- Installing: /home/bart/ugv_ws/install/explore_lite/share/explore_lite/package.dsv
[15.296s] -- Installing: /home/bart/ugv_ws/install/explore_lite/share/ament_index/resource_index/packages/explore_lite
[15.296s] -- Installing: /home/bart/ugv_ws/install/explore_lite/share/explore_lite/cmake/ament_cmake_export_include_directories-extras.cmake
[15.296s] -- Installing: /home/bart/ugv_ws/install/explore_lite/share/explore_lite/cmake/explore_liteConfig.cmake
[15.296s] -- Installing: /home/bart/ugv_ws/install/explore_lite/share/explore_lite/cmake/explore_liteConfig-version.cmake
[15.296s] -- Installing: /home/bart/ugv_ws/install/explore_lite/share/explore_lite/package.xml
[15.298s] Invoked command in '/home/bart/ugv_ws/build/explore_lite' returned '0': CMAKE_PREFIX_PATH=/home/bart/ros2_ws/install/my_robot_controller:/opt/ros/humble /usr/bin/cmake --install /home/bart/ugv_ws/build/explore_lite
