[0.489s] Invoking command in '/home/bart/ugv_ws/build/ugv_slam': CMAKE_PREFIX_PATH=/home/bart/ros2_ws/install/my_robot_controller:/opt/ros/humble /usr/bin/cmake /home/bart/ugv_ws/src/ugv_main/ugv_slam -Wno-dev -DAMENT_CMAKE_SYMLINK_INSTALL=1 -DCMAKE_INSTALL_PREFIX=/home/bart/ugv_ws/install/ugv_slam
[0.559s] -- The C compiler identification is GNU 11.4.0
[0.639s] -- The CXX compiler identification is GNU 11.4.0
[0.648s] -- Detecting C compiler ABI info
[0.738s] -- Detecting C compiler ABI info - done
[0.750s] -- Check for working C compiler: /usr/bin/cc - skipped
[0.753s] -- Detecting C compile features
[0.753s] -- Detecting C compile features - done
[0.755s] -- Detecting CXX compiler ABI info
[0.864s] -- Detecting CXX compiler ABI info - done
[0.876s] -- Check for working CXX compiler: /usr/bin/c++ - skipped
[0.878s] -- Detecting CXX compile features
[0.878s] -- Detecting CXX compile features - done
[0.881s] -- Found ament_cmake: 1.3.12 (/opt/ros/humble/share/ament_cmake/cmake)
[1.113s] -- Found Python3: /usr/bin/python3 (found version "3.10.12") found components: Interpreter 
[1.206s] -- Override CMake install command with custom implementation using symlinks instead of copying resources
[1.244s] -- Found ament_lint_auto: 0.12.14 (/opt/ros/humble/share/ament_lint_auto/cmake)
[1.360s] -- Added test 'copyright' to check source files copyright and LICENSE
[1.362s] -- Added test 'flake8' to check Python code syntax and style conventions
[1.363s] -- Added test 'lint_cmake' to check CMake code style
[1.364s] -- Added test 'pep257' to check Python code against some of the docstring style conventions in PEP 257
[1.365s] -- Added test 'xmllint' to check XML markup files
[1.367s] -- Configuring done
[1.371s] -- Generating done
[1.373s] -- Build files have been written to: /home/bart/ugv_ws/build/ugv_slam
[1.389s] Invoked command in '/home/bart/ugv_ws/build/ugv_slam' returned '0': CMAKE_PREFIX_PATH=/home/bart/ros2_ws/install/my_robot_controller:/opt/ros/humble /usr/bin/cmake /home/bart/ugv_ws/src/ugv_main/ugv_slam -Wno-dev -DAMENT_CMAKE_SYMLINK_INSTALL=1 -DCMAKE_INSTALL_PREFIX=/home/bart/ugv_ws/install/ugv_slam
[1.390s] Invoking command in '/home/bart/ugv_ws/build/ugv_slam': CMAKE_PREFIX_PATH=/home/bart/ros2_ws/install/my_robot_controller:/opt/ros/humble /usr/bin/cmake --build /home/bart/ugv_ws/build/ugv_slam -- -j8 -l8
[1.470s] Invoked command in '/home/bart/ugv_ws/build/ugv_slam' returned '0': CMAKE_PREFIX_PATH=/home/bart/ros2_ws/install/my_robot_controller:/opt/ros/humble /usr/bin/cmake --build /home/bart/ugv_ws/build/ugv_slam -- -j8 -l8
[1.483s] Invoking command in '/home/bart/ugv_ws/build/ugv_slam': CMAKE_PREFIX_PATH=/home/bart/ros2_ws/install/my_robot_controller:/opt/ros/humble /usr/bin/cmake --install /home/bart/ugv_ws/build/ugv_slam
[1.499s] -- Install configuration: ""
[1.499s] -- Execute custom install script
[1.499s] -- Symlinking: /home/bart/ugv_ws/install/ugv_slam/share/ugv_slam/launch/cartographer.launch.py
[1.505s] -- Symlinking: /home/bart/ugv_ws/install/ugv_slam/share/ugv_slam/launch/gmapping.launch.py
[1.516s] -- Symlinking: /home/bart/ugv_ws/install/ugv_slam/share/ugv_slam/launch/rtabmap_rgbd.launch.py
[1.527s] -- Symlinking: /home/bart/ugv_ws/install/ugv_slam/share/ugv_slam/rviz/view_slam_2d.rviz
[1.538s] -- Symlinking: /home/bart/ugv_ws/install/ugv_slam/share/ugv_slam/rviz/view_slam_3d.rviz
[1.553s] -- Symlinking: /home/bart/ugv_ws/install/ugv_slam/share/ament_index/resource_index/package_run_dependencies/ugv_slam
[1.564s] -- Symlinking: /home/bart/ugv_ws/install/ugv_slam/share/ament_index/resource_index/parent_prefix_path/ugv_slam
[1.576s] -- Symlinking: /home/bart/ugv_ws/install/ugv_slam/share/ugv_slam/environment/ament_prefix_path.sh
[1.588s] -- Symlinking: /home/bart/ugv_ws/install/ugv_slam/share/ugv_slam/environment/ament_prefix_path.dsv
[1.601s] -- Symlinking: /home/bart/ugv_ws/install/ugv_slam/share/ugv_slam/environment/path.sh
[1.611s] -- Symlinking: /home/bart/ugv_ws/install/ugv_slam/share/ugv_slam/environment/path.dsv
[1.624s] -- Symlinking: /home/bart/ugv_ws/install/ugv_slam/share/ugv_slam/local_setup.bash
[1.637s] -- Symlinking: /home/bart/ugv_ws/install/ugv_slam/share/ugv_slam/local_setup.sh
[1.653s] -- Symlinking: /home/bart/ugv_ws/install/ugv_slam/share/ugv_slam/local_setup.zsh
[1.664s] -- Symlinking: /home/bart/ugv_ws/install/ugv_slam/share/ugv_slam/local_setup.dsv
[1.684s] -- Symlinking: /home/bart/ugv_ws/install/ugv_slam/share/ugv_slam/package.dsv
[1.705s] -- Symlinking: /home/bart/ugv_ws/install/ugv_slam/share/ament_index/resource_index/packages/ugv_slam
[1.729s] -- Symlinking: /home/bart/ugv_ws/install/ugv_slam/share/ugv_slam/cmake/ugv_slamConfig.cmake
[1.756s] -- Symlinking: /home/bart/ugv_ws/install/ugv_slam/share/ugv_slam/cmake/ugv_slamConfig-version.cmake
[1.779s] -- Symlinking: /home/bart/ugv_ws/install/ugv_slam/share/ugv_slam/package.xml
[1.817s] Invoked command in '/home/bart/ugv_ws/build/ugv_slam' returned '0': CMAKE_PREFIX_PATH=/home/bart/ros2_ws/install/my_robot_controller:/opt/ros/humble /usr/bin/cmake --install /home/bart/ugv_ws/build/ugv_slam
