[0.019s] Invoking command in '/home/bart/ugv_ws/build/rf2o_laser_odometry': CMAKE_PREFIX_PATH=/home/bart/ros2_ws/install/my_robot_controller:/opt/ros/humble /usr/bin/cmake --build /home/bart/ugv_ws/build/rf2o_laser_odometry -- -j8 -l8
[0.064s] [35m[1mConsolidate compiler generated dependencies of target rf2o_laser_odometry_node[0m
[0.064s] [35m[1mConsolidate compiler generated dependencies of target rf2o_laser_odometry[0m
[0.090s] [ 40%] Built target rf2o_laser_odometry
[0.109s] [100%] Built target rf2o_laser_odometry_node
[0.153s] Invoked command in '/home/bart/ugv_ws/build/rf2o_laser_odometry' returned '0': CMAKE_PREFIX_PATH=/home/bart/ros2_ws/install/my_robot_controller:/opt/ros/humble /usr/bin/cmake --build /home/bart/ugv_ws/build/rf2o_laser_odometry -- -j8 -l8
[0.156s] Invoking command in '/home/bart/ugv_ws/build/rf2o_laser_odometry': CMAKE_PREFIX_PATH=/home/bart/ros2_ws/install/my_robot_controller:/opt/ros/humble /usr/bin/cmake --install /home/bart/ugv_ws/build/rf2o_laser_odometry
[0.167s] -- Install configuration: ""
[0.167s] -- Up-to-date: /home/bart/ugv_ws/install/rf2o_laser_odometry/lib/rf2o_laser_odometry/rf2o_laser_odometry_node
[0.167s] -- Up-to-date: /home/bart/ugv_ws/install/rf2o_laser_odometry/share/rf2o_laser_odometry/launch
[0.167s] -- Up-to-date: /home/bart/ugv_ws/install/rf2o_laser_odometry/share/rf2o_laser_odometry/launch/rf2o_laser_odometry.launch.py
[0.167s] -- Up-to-date: /home/bart/ugv_ws/install/rf2o_laser_odometry/share/ament_index/resource_index/package_run_dependencies/rf2o_laser_odometry
[0.167s] -- Up-to-date: /home/bart/ugv_ws/install/rf2o_laser_odometry/share/ament_index/resource_index/parent_prefix_path/rf2o_laser_odometry
[0.167s] -- Up-to-date: /home/bart/ugv_ws/install/rf2o_laser_odometry/share/rf2o_laser_odometry/environment/ament_prefix_path.sh
[0.167s] -- Up-to-date: /home/bart/ugv_ws/install/rf2o_laser_odometry/share/rf2o_laser_odometry/environment/ament_prefix_path.dsv
[0.167s] -- Up-to-date: /home/bart/ugv_ws/install/rf2o_laser_odometry/share/rf2o_laser_odometry/environment/path.sh
[0.167s] -- Up-to-date: /home/bart/ugv_ws/install/rf2o_laser_odometry/share/rf2o_laser_odometry/environment/path.dsv
[0.168s] -- Up-to-date: /home/bart/ugv_ws/install/rf2o_laser_odometry/share/rf2o_laser_odometry/local_setup.bash
[0.168s] -- Up-to-date: /home/bart/ugv_ws/install/rf2o_laser_odometry/share/rf2o_laser_odometry/local_setup.sh
[0.168s] -- Up-to-date: /home/bart/ugv_ws/install/rf2o_laser_odometry/share/rf2o_laser_odometry/local_setup.zsh
[0.168s] -- Up-to-date: /home/bart/ugv_ws/install/rf2o_laser_odometry/share/rf2o_laser_odometry/local_setup.dsv
[0.168s] -- Installing: /home/bart/ugv_ws/install/rf2o_laser_odometry/share/rf2o_laser_odometry/package.dsv
[0.168s] -- Up-to-date: /home/bart/ugv_ws/install/rf2o_laser_odometry/share/ament_index/resource_index/packages/rf2o_laser_odometry
[0.168s] -- Up-to-date: /home/bart/ugv_ws/install/rf2o_laser_odometry/share/rf2o_laser_odometry/cmake/rf2o_laser_odometryConfig.cmake
[0.168s] -- Up-to-date: /home/bart/ugv_ws/install/rf2o_laser_odometry/share/rf2o_laser_odometry/cmake/rf2o_laser_odometryConfig-version.cmake
[0.168s] -- Up-to-date: /home/bart/ugv_ws/install/rf2o_laser_odometry/share/rf2o_laser_odometry/package.xml
[0.199s] Invoked command in '/home/bart/ugv_ws/build/rf2o_laser_odometry' returned '0': CMAKE_PREFIX_PATH=/home/bart/ros2_ws/install/my_robot_controller:/opt/ros/humble /usr/bin/cmake --install /home/bart/ugv_ws/build/rf2o_laser_odometry
