[1.354s] Invoking command in '/home/bart/ugv_ws/build/ugv_vision': PYTHONPATH=/home/bart/ugv_ws/build/ugv_vision/prefix_override:/usr/lib/python3/dist-packages/colcon_core/task/python/colcon_distutils_commands:/home/bart/ugv_ws/install/ugv_vision/lib/python3.10/site-packages:${PYTHONPATH} /usr/bin/python3 -W ignore:setup.py install is deprecated -W ignore:easy_install command is deprecated setup.py develop --editable --build-directory /home/bart/ugv_ws/build/ugv_vision/build --no-deps symlink_data
[1.818s] running develop
[2.110s] running egg_info
[2.110s] creating ugv_vision.egg-info
[2.110s] writing ugv_vision.egg-info/PKG-INFO
[2.111s] writing dependency_links to ugv_vision.egg-info/dependency_links.txt
[2.111s] writing entry points to ugv_vision.egg-info/entry_points.txt
[2.111s] writing requirements to ugv_vision.egg-info/requires.txt
[2.115s] writing top-level names to ugv_vision.egg-info/top_level.txt
[2.115s] writing manifest file 'ugv_vision.egg-info/SOURCES.txt'
[2.115s] reading manifest file 'ugv_vision.egg-info/SOURCES.txt'
[2.120s] writing manifest file 'ugv_vision.egg-info/SOURCES.txt'
[2.120s] running build_ext
[2.121s] Creating /home/bart/ugv_ws/install/ugv_vision/lib/python3.10/site-packages/ugv-vision.egg-link (link to .)
[2.121s] Installing apriltag_ctrl script to /home/bart/ugv_ws/install/ugv_vision/lib/ugv_vision
[2.121s] Installing apriltag_track_0 script to /home/bart/ugv_ws/install/ugv_vision/lib/ugv_vision
[2.121s] Installing apriltag_track_1 script to /home/bart/ugv_ws/install/ugv_vision/lib/ugv_vision
[2.122s] Installing apriltag_track_2 script to /home/bart/ugv_ws/install/ugv_vision/lib/ugv_vision
[2.122s] Installing color_track script to /home/bart/ugv_ws/install/ugv_vision/lib/ugv_vision
[2.122s] Installing gesture_ctrl script to /home/bart/ugv_ws/install/ugv_vision/lib/ugv_vision
[2.122s] Installing kcf_track script to /home/bart/ugv_ws/install/ugv_vision/lib/ugv_vision
[2.123s] 
[2.123s] Installed /home/bart/ugv_ws/build/ugv_vision
[2.123s] running symlink_data
[2.123s] creating /home/bart/ugv_ws/install/ugv_vision/share/ament_index
[2.123s] creating /home/bart/ugv_ws/install/ugv_vision/share/ament_index/resource_index
[2.123s] creating /home/bart/ugv_ws/install/ugv_vision/share/ament_index/resource_index/packages
[2.123s] symbolically linking /home/bart/ugv_ws/build/ugv_vision/resource/ugv_vision -> /home/bart/ugv_ws/install/ugv_vision/share/ament_index/resource_index/packages
[2.123s] symbolically linking /home/bart/ugv_ws/build/ugv_vision/package.xml -> /home/bart/ugv_ws/install/ugv_vision/share/ugv_vision
[2.124s] creating /home/bart/ugv_ws/install/ugv_vision/share/ugv_vision/launch
[2.124s] symbolically linking /home/bart/ugv_ws/build/ugv_vision/launch/apriltag_track.launch.py -> /home/bart/ugv_ws/install/ugv_vision/share/ugv_vision/launch
[2.124s] symbolically linking /home/bart/ugv_ws/build/ugv_vision/launch/camera.launch.py -> /home/bart/ugv_ws/install/ugv_vision/share/ugv_vision/launch
[2.124s] symbolically linking /home/bart/ugv_ws/build/ugv_vision/launch/stereo.launch.py -> /home/bart/ugv_ws/install/ugv_vision/share/ugv_vision/launch
[2.124s] symbolically linking /home/bart/ugv_ws/build/ugv_vision/launch/oak_d_lite.launch.py -> /home/bart/ugv_ws/install/ugv_vision/share/ugv_vision/launch
[2.127s] creating /home/bart/ugv_ws/install/ugv_vision/share/ugv_vision/config
[2.127s] symbolically linking /home/bart/ugv_ws/build/ugv_vision/config/camera_info.yaml -> /home/bart/ugv_ws/install/ugv_vision/share/ugv_vision/config
[2.127s] symbolically linking /home/bart/ugv_ws/build/ugv_vision/config/params.yaml -> /home/bart/ugv_ws/install/ugv_vision/share/ugv_vision/config
[2.127s] symbolically linking /home/bart/ugv_ws/build/ugv_vision/config/oak_d_lite.yaml -> /home/bart/ugv_ws/install/ugv_vision/share/ugv_vision/config
[2.127s] symbolically linking /home/bart/ugv_ws/build/ugv_vision/config/stereo.yaml -> /home/bart/ugv_ws/install/ugv_vision/share/ugv_vision/config
[2.180s] Invoked command in '/home/bart/ugv_ws/build/ugv_vision' returned '0': PYTHONPATH=/home/bart/ugv_ws/build/ugv_vision/prefix_override:/usr/lib/python3/dist-packages/colcon_core/task/python/colcon_distutils_commands:/home/bart/ugv_ws/install/ugv_vision/lib/python3.10/site-packages:${PYTHONPATH} /usr/bin/python3 -W ignore:setup.py install is deprecated -W ignore:easy_install command is deprecated setup.py develop --editable --build-directory /home/bart/ugv_ws/build/ugv_vision/build --no-deps symlink_data
