[0.544s] Invoking command in '/home/bart/ugv_ws/src/ugv_custom': PYTHONPATH=/home/bart/ugv_ws/build/ugv_custom/prefix_override:/usr/lib/python3/dist-packages/colcon_core/task/python/colcon_distutils_commands:/home/bart/ugv_ws/install/ugv_custom/lib/python3.10/site-packages:${PYTHONPATH} /usr/bin/python3 -W ignore:setup.py install is deprecated -W ignore:easy_install command is deprecated setup.py egg_info --egg-base ../../build/ugv_custom build --build-base /home/bart/ugv_ws/build/ugv_custom/build install --record /home/bart/ugv_ws/build/ugv_custom/install.log --single-version-externally-managed install_data
[0.735s] running egg_info
[0.737s] creating ../../build/ugv_custom/ugv_custom.egg-info
[0.737s] writing ../../build/ugv_custom/ugv_custom.egg-info/PKG-INFO
[0.737s] writing dependency_links to ../../build/ugv_custom/ugv_custom.egg-info/dependency_links.txt
[0.738s] writing entry points to ../../build/ugv_custom/ugv_custom.egg-info/entry_points.txt
[0.738s] writing requirements to ../../build/ugv_custom/ugv_custom.egg-info/requires.txt
[0.738s] writing top-level names to ../../build/ugv_custom/ugv_custom.egg-info/top_level.txt
[0.738s] writing manifest file '../../build/ugv_custom/ugv_custom.egg-info/SOURCES.txt'
[0.739s] reading manifest file '../../build/ugv_custom/ugv_custom.egg-info/SOURCES.txt'
[0.740s] writing manifest file '../../build/ugv_custom/ugv_custom.egg-info/SOURCES.txt'
[0.740s] running build
[0.741s] running build_py
[0.741s] creating /home/bart/ugv_ws/build/ugv_custom/build
[0.741s] creating /home/bart/ugv_ws/build/ugv_custom/build/lib
[0.741s] creating /home/bart/ugv_ws/build/ugv_custom/build/lib/ugv_custom
[0.741s] copying ugv_custom/drive_and_blink.py -> /home/bart/ugv_ws/build/ugv_custom/build/lib/ugv_custom
[0.741s] copying ugv_custom/__init__.py -> /home/bart/ugv_ws/build/ugv_custom/build/lib/ugv_custom
[0.741s] running install
[0.741s] running install_lib
[0.741s] creating /home/bart/ugv_ws/install/ugv_custom/lib/python3.10/site-packages/ugv_custom
[0.742s] copying /home/bart/ugv_ws/build/ugv_custom/build/lib/ugv_custom/drive_and_blink.py -> /home/bart/ugv_ws/install/ugv_custom/lib/python3.10/site-packages/ugv_custom
[0.742s] copying /home/bart/ugv_ws/build/ugv_custom/build/lib/ugv_custom/__init__.py -> /home/bart/ugv_ws/install/ugv_custom/lib/python3.10/site-packages/ugv_custom
[0.742s] byte-compiling /home/bart/ugv_ws/install/ugv_custom/lib/python3.10/site-packages/ugv_custom/drive_and_blink.py to drive_and_blink.cpython-310.pyc
[0.742s] byte-compiling /home/bart/ugv_ws/install/ugv_custom/lib/python3.10/site-packages/ugv_custom/__init__.py to __init__.cpython-310.pyc
[0.742s] running install_data
[0.742s] creating /home/bart/ugv_ws/install/ugv_custom/share/ament_index
[0.742s] creating /home/bart/ugv_ws/install/ugv_custom/share/ament_index/resource_index
[0.742s] creating /home/bart/ugv_ws/install/ugv_custom/share/ament_index/resource_index/packages
[0.742s] copying resource/ugv_custom -> /home/bart/ugv_ws/install/ugv_custom/share/ament_index/resource_index/packages
[0.743s] copying package.xml -> /home/bart/ugv_ws/install/ugv_custom/share/ugv_custom
[0.743s] running install_egg_info
[0.744s] Copying ../../build/ugv_custom/ugv_custom.egg-info to /home/bart/ugv_ws/install/ugv_custom/lib/python3.10/site-packages/ugv_custom-0.0.0-py3.10.egg-info
[0.745s] running install_scripts
[0.760s] Installing drive_and_blink script to /home/bart/ugv_ws/install/ugv_custom/lib/ugv_custom
[0.760s] writing list of installed files to '/home/bart/ugv_ws/build/ugv_custom/install.log'
[0.778s] Invoked command in '/home/bart/ugv_ws/src/ugv_custom' returned '0': PYTHONPATH=/home/bart/ugv_ws/build/ugv_custom/prefix_override:/usr/lib/python3/dist-packages/colcon_core/task/python/colcon_distutils_commands:/home/bart/ugv_ws/install/ugv_custom/lib/python3.10/site-packages:${PYTHONPATH} /usr/bin/python3 -W ignore:setup.py install is deprecated -W ignore:easy_install command is deprecated setup.py egg_info --egg-base ../../build/ugv_custom build --build-base /home/bart/ugv_ws/build/ugv_custom/build install --record /home/bart/ugv_ws/build/ugv_custom/install.log --single-version-externally-managed install_data
