[0.007s] Invoking command in '/home/bart/ugv_ws/build/slam_gmapping': AMENT_PREFIX_PATH=/home/bart/ugv_ws/install/openslam_gmapping:${AMENT_PREFIX_PATH} CMAKE_PREFIX_PATH=/home/bart/ugv_ws/install/openslam_gmapping:/home/bart/ros2_ws/install/my_robot_controller:/opt/ros/humble LD_LIBRARY_PATH=/home/bart/ugv_ws/install/openslam_gmapping/lib:${LD_LIBRARY_PATH} /usr/bin/cmake /home/bart/ugv_ws/src/ugv_else/gmapping/slam_gmapping -Wno-dev -DCMAKE_INSTALL_PREFIX=/home/bart/ugv_ws/install/slam_gmapping
[0.049s] -- The C compiler identification is GNU 11.4.0
[0.098s] -- The CXX compiler identification is GNU 11.4.0
[0.103s] -- Detecting C compiler ABI info
[0.159s] -- Detecting C compiler ABI info - done
[0.165s] -- Check for working C compiler: /usr/bin/cc - skipped
[0.165s] -- Detecting C compile features
[0.165s] -- Detecting C compile features - done
[0.168s] -- Detecting CXX compiler ABI info
[0.233s] -- Detecting CXX compiler ABI info - done
[0.240s] -- Check for working CXX compiler: /usr/bin/c++ - skipped
[0.240s] -- Detecting CXX compile features
[0.240s] -- Detecting CXX compile features - done
[0.241s] [0m -fuse-ld=lld -Wl,--disable-new-dtags[0m
[0.242s] -- Found ament_cmake: 1.3.12 (/opt/ros/humble/share/ament_cmake/cmake)
[0.376s] -- Found Python3: /usr/bin/python3 (found version "3.10.12") found components: Interpreter 
[0.454s] -- Found std_msgs: 4.9.0 (/opt/ros/humble/share/std_msgs/cmake)
[0.482s] -- Found rosidl_generator_c: 3.1.7 (/opt/ros/humble/share/rosidl_generator_c/cmake)
[0.486s] -- Found rosidl_adapter: 3.1.7 (/opt/ros/humble/share/rosidl_adapter/cmake)
[0.494s] -- Found rosidl_generator_cpp: 3.1.7 (/opt/ros/humble/share/rosidl_generator_cpp/cmake)
[0.504s] -- Using all available rosidl_typesupport_c: rosidl_typesupport_fastrtps_c;rosidl_typesupport_introspection_c
[0.517s] -- Using all available rosidl_typesupport_cpp: rosidl_typesupport_fastrtps_cpp;rosidl_typesupport_introspection_cpp
[0.541s] -- Found nav_msgs: 4.9.0 (/opt/ros/humble/share/nav_msgs/cmake)
[0.566s] -- Found tf2: 0.25.16 (/opt/ros/humble/share/tf2/cmake)
[0.575s] -- Found tf2_ros: 0.25.16 (/opt/ros/humble/share/tf2_ros/cmake)
[0.629s] -- Found rmw_implementation_cmake: 6.1.2 (/opt/ros/humble/share/rmw_implementation_cmake/cmake)
[0.632s] -- Found rmw_fastrtps_cpp: 6.2.9 (/opt/ros/humble/share/rmw_fastrtps_cpp/cmake)
[0.697s] -- Found OpenSSL: /usr/lib/x86_64-linux-gnu/libcrypto.so (found version "3.0.2")  
[0.724s] -- Found FastRTPS: /opt/ros/humble/include  
[0.758s] -- Using RMW implementation 'rmw_fastrtps_cpp' as default
[0.765s] -- Looking for pthread.h
[0.824s] -- Looking for pthread.h - found
[0.824s] -- Performing Test CMAKE_HAVE_LIBC_PTHREAD
[0.882s] -- Performing Test CMAKE_HAVE_LIBC_PTHREAD - Success
[0.883s] -- Found Threads: TRUE  
[0.972s] -- Found tf2_geometry_msgs: 0.25.16 (/opt/ros/humble/share/tf2_geometry_msgs/cmake)
[0.983s] -- Found eigen3_cmake_module: 0.1.1 (/opt/ros/humble/share/eigen3_cmake_module/cmake)
[0.984s] -- Found Eigen3: TRUE (found version "3.4.0") 
[0.984s] -- Ensuring Eigen3 include directory is part of orocos-kdl CMake target
[0.987s] -- Found sensor_msgs: 4.9.0 (/opt/ros/humble/share/sensor_msgs/cmake)
[1.000s] -- Found visualization_msgs: 4.9.0 (/opt/ros/humble/share/visualization_msgs/cmake)
[1.015s] -- Found openslam_gmapping: 0.1.2 (/home/bart/ugv_ws/install/openslam_gmapping/share/openslam_gmapping/cmake)
[1.018s] -- Found ament_lint_auto: 0.12.14 (/opt/ros/humble/share/ament_lint_auto/cmake)
[1.081s] -- Added test 'cppcheck' to perform static code analysis on C / C++ code
[1.081s] -- Configured cppcheck include dirs: /home/bart/ugv_ws/src/ugv_else/gmapping/slam_gmapping/include
[1.081s] -- Configured cppcheck exclude dirs and/or files: 
[1.082s] -- Added test 'flake8' to check Python code syntax and style conventions
[1.082s] -- Added test 'lint_cmake' to check CMake code style
[1.083s] -- Added test 'pep257' to check Python code against some of the docstring style conventions in PEP 257
[1.084s] -- Added test 'uncrustify' to check C / C++ code style
[1.084s] -- Configured uncrustify additional arguments: 
[1.084s] -- Added test 'xmllint' to check XML markup files
[1.085s] -- Configuring done
[1.093s] -- Generating done
[1.097s] -- Build files have been written to: /home/bart/ugv_ws/build/slam_gmapping
[1.104s] Invoked command in '/home/bart/ugv_ws/build/slam_gmapping' returned '0': AMENT_PREFIX_PATH=/home/bart/ugv_ws/install/openslam_gmapping:${AMENT_PREFIX_PATH} CMAKE_PREFIX_PATH=/home/bart/ugv_ws/install/openslam_gmapping:/home/bart/ros2_ws/install/my_robot_controller:/opt/ros/humble LD_LIBRARY_PATH=/home/bart/ugv_ws/install/openslam_gmapping/lib:${LD_LIBRARY_PATH} /usr/bin/cmake /home/bart/ugv_ws/src/ugv_else/gmapping/slam_gmapping -Wno-dev -DCMAKE_INSTALL_PREFIX=/home/bart/ugv_ws/install/slam_gmapping
[1.106s] Invoking command in '/home/bart/ugv_ws/build/slam_gmapping': AMENT_PREFIX_PATH=/home/bart/ugv_ws/install/openslam_gmapping:${AMENT_PREFIX_PATH} CMAKE_PREFIX_PATH=/home/bart/ugv_ws/install/openslam_gmapping:/home/bart/ros2_ws/install/my_robot_controller:/opt/ros/humble LD_LIBRARY_PATH=/home/bart/ugv_ws/install/openslam_gmapping/lib:${LD_LIBRARY_PATH} /usr/bin/cmake --build /home/bart/ugv_ws/build/slam_gmapping -- -j8 -l8
[1.150s] [ 50%] [32mBuilding CXX object CMakeFiles/slam_gmapping.dir/src/slam_gmapping.cpp.o[0m
[1.332s] In file included from [01m[K/home/bart/ugv_ws/src/ugv_else/gmapping/slam_gmapping/include/slam_gmapping/slam_gmapping.h:38[m[K,
[1.333s]                  from [01m[K/home/bart/ugv_ws/src/ugv_else/gmapping/slam_gmapping/src/slam_gmapping.cpp:24[m[K:
[1.333s] [01m[K/opt/ros/humble/include/tf2_geometry_msgs/tf2_geometry_msgs/tf2_geometry_msgs.h:35:2:[m[K [01;35m[Kwarning: [m[K#warning This header is obsolete, please include tf2_geometry_msgs/tf2_geometry_msgs.hpp instead [[01;35m[K]8;;https://gcc.gnu.org/onlinedocs/gcc/Warning-Options.html#index-Wcpp-Wcpp]8;;[m[K]
[1.333s]    35 | #[01;35m[Kwarning[m[K This header is obsolete, please include tf2_geometry_msgs/tf2_geometry_msgs.hpp instead
[1.333s]       |  [01;35m[K^~~~~~~[m[K
[3.306s] In file included from [01m[K/home/bart/ugv_ws/install/openslam_gmapping/include/gmapping/gridfastslam/gridslamprocessor.h:9[m[K,
[3.306s]                  from [01m[K/home/bart/ugv_ws/src/ugv_else/gmapping/slam_gmapping/include/slam_gmapping/slam_gmapping.h:45[m[K,
[3.306s]                  from [01m[K/home/bart/ugv_ws/src/ugv_else/gmapping/slam_gmapping/src/slam_gmapping.cpp:24[m[K:
[3.306s] [01m[K/home/bart/ugv_ws/install/openslam_gmapping/include/gmapping/particlefilter/particlefilter.h:[m[K In function ‘[01m[Kvoid rle(OutputIterator&, const Iterator&, const Iterator&)[m[K’:
[3.306s] [01m[K/home/bart/ugv_ws/install/openslam_gmapping/include/gmapping/particlefilter/particlefilter.h:140:9:[m[K [01;35m[Kwarning: [m[Kthis ‘[01m[Kif[m[K’ clause does not guard... [[01;35m[K]8;;https://gcc.gnu.org/onlinedocs/gcc/Warning-Options.html#index-Wmisleading-indentation-Wmisleading-indentation]8;;[m[K]
[3.307s]   140 |         [01;35m[Kif[m[K (count>0)
[3.307s]       |         [01;35m[K^~[m[K
[3.307s] [01m[K/home/bart/ugv_ws/install/openslam_gmapping/include/gmapping/particlefilter/particlefilter.h:142:17:[m[K [01;36m[Knote: [m[K...this statement, but the latter is misleadingly indented as if it were guarded by the ‘[01m[Kif[m[K’
[3.307s]   142 |                 [01;36m[Kout[m[K++;
[3.307s]       |                 [01;36m[K^~~[m[K
[10.501s] [100%] [32m[1mLinking CXX executable slam_gmapping[0m
[10.956s] [100%] Built target slam_gmapping
[10.964s] Invoked command in '/home/bart/ugv_ws/build/slam_gmapping' returned '0': AMENT_PREFIX_PATH=/home/bart/ugv_ws/install/openslam_gmapping:${AMENT_PREFIX_PATH} CMAKE_PREFIX_PATH=/home/bart/ugv_ws/install/openslam_gmapping:/home/bart/ros2_ws/install/my_robot_controller:/opt/ros/humble LD_LIBRARY_PATH=/home/bart/ugv_ws/install/openslam_gmapping/lib:${LD_LIBRARY_PATH} /usr/bin/cmake --build /home/bart/ugv_ws/build/slam_gmapping -- -j8 -l8
[10.966s] Invoking command in '/home/bart/ugv_ws/build/slam_gmapping': AMENT_PREFIX_PATH=/home/bart/ugv_ws/install/openslam_gmapping:${AMENT_PREFIX_PATH} CMAKE_PREFIX_PATH=/home/bart/ugv_ws/install/openslam_gmapping:/home/bart/ros2_ws/install/my_robot_controller:/opt/ros/humble LD_LIBRARY_PATH=/home/bart/ugv_ws/install/openslam_gmapping/lib:${LD_LIBRARY_PATH} /usr/bin/cmake --install /home/bart/ugv_ws/build/slam_gmapping
[10.971s] -- Install configuration: ""
[10.971s] -- Installing: /home/bart/ugv_ws/install/slam_gmapping/lib/slam_gmapping/slam_gmapping
[10.974s] -- Set runtime path of "/home/bart/ugv_ws/install/slam_gmapping/lib/slam_gmapping/slam_gmapping" to ""
[10.974s] -- Installing: /home/bart/ugv_ws/install/slam_gmapping/share/slam_gmapping/launch
[10.974s] -- Installing: /home/bart/ugv_ws/install/slam_gmapping/share/slam_gmapping/launch/mapping.launch.py
[10.975s] -- Installing: /home/bart/ugv_ws/install/slam_gmapping/share/ament_index/resource_index/package_run_dependencies/slam_gmapping
[10.975s] -- Installing: /home/bart/ugv_ws/install/slam_gmapping/share/ament_index/resource_index/parent_prefix_path/slam_gmapping
[10.975s] -- Installing: /home/bart/ugv_ws/install/slam_gmapping/share/slam_gmapping/environment/ament_prefix_path.sh
[10.975s] -- Installing: /home/bart/ugv_ws/install/slam_gmapping/share/slam_gmapping/environment/ament_prefix_path.dsv
[10.975s] -- Installing: /home/bart/ugv_ws/install/slam_gmapping/share/slam_gmapping/environment/path.sh
[10.975s] -- Installing: /home/bart/ugv_ws/install/slam_gmapping/share/slam_gmapping/environment/path.dsv
[10.975s] -- Installing: /home/bart/ugv_ws/install/slam_gmapping/share/slam_gmapping/local_setup.bash
[10.976s] -- Installing: /home/bart/ugv_ws/install/slam_gmapping/share/slam_gmapping/local_setup.sh
[10.976s] -- Installing: /home/bart/ugv_ws/install/slam_gmapping/share/slam_gmapping/local_setup.zsh
[10.976s] -- Installing: /home/bart/ugv_ws/install/slam_gmapping/share/slam_gmapping/local_setup.dsv
[10.976s] -- Installing: /home/bart/ugv_ws/install/slam_gmapping/share/slam_gmapping/package.dsv
[10.976s] -- Installing: /home/bart/ugv_ws/install/slam_gmapping/share/ament_index/resource_index/packages/slam_gmapping
[10.976s] -- Installing: /home/bart/ugv_ws/install/slam_gmapping/share/slam_gmapping/cmake/slam_gmappingConfig.cmake
[10.976s] -- Installing: /home/bart/ugv_ws/install/slam_gmapping/share/slam_gmapping/cmake/slam_gmappingConfig-version.cmake
[10.976s] -- Installing: /home/bart/ugv_ws/install/slam_gmapping/share/slam_gmapping/package.xml
[10.978s] Invoked command in '/home/bart/ugv_ws/build/slam_gmapping' returned '0': AMENT_PREFIX_PATH=/home/bart/ugv_ws/install/openslam_gmapping:${AMENT_PREFIX_PATH} CMAKE_PREFIX_PATH=/home/bart/ugv_ws/install/openslam_gmapping:/home/bart/ros2_ws/install/my_robot_controller:/opt/ros/humble LD_LIBRARY_PATH=/home/bart/ugv_ws/install/openslam_gmapping/lib:${LD_LIBRARY_PATH} /usr/bin/cmake --install /home/bart/ugv_ws/build/slam_gmapping
