[0.485s] Invoking command in '/home/bart/ugv_ws/build/ugv_nav': CMAKE_PREFIX_PATH=/home/bart/ros2_ws/install/my_robot_controller:/opt/ros/humble /usr/bin/cmake /home/bart/ugv_ws/src/ugv_main/ugv_nav -Wno-dev -DAMENT_CMAKE_SYMLINK_INSTALL=1 -DCMAKE_INSTALL_PREFIX=/home/bart/ugv_ws/install/ugv_nav
[0.555s] -- The C compiler identification is GNU 11.4.0
[0.634s] -- The CXX compiler identification is GNU 11.4.0
[0.645s] -- Detecting C compiler ABI info
[0.740s] -- Detecting C compiler ABI info - done
[0.751s] -- Check for working C compiler: /usr/bin/cc - skipped
[0.751s] -- Detecting C compile features
[0.751s] -- Detecting C compile features - done
[0.756s] -- Detecting CXX compiler ABI info
[0.862s] -- Detecting CXX compiler ABI info - done
[0.875s] -- Check for working CXX compiler: /usr/bin/c++ - skipped
[0.875s] -- Detecting CXX compile features
[0.878s] -- Detecting CXX compile features - done
[0.879s] -- Found ament_cmake: 1.3.12 (/opt/ros/humble/share/ament_cmake/cmake)
[1.113s] -- Found Python3: /usr/bin/python3 (found version "3.10.12") found components: Interpreter 
[1.214s] -- Override CMake install command with custom implementation using symlinks instead of copying resources
[1.254s] -- Found nav2_bringup: 1.1.19 (/opt/ros/humble/share/nav2_bringup/cmake)
[1.257s] -- Found ament_lint_auto: 0.12.14 (/opt/ros/humble/share/ament_lint_auto/cmake)
[1.377s] -- Added test 'flake8' to check Python code syntax and style conventions
[1.378s] -- Added test 'lint_cmake' to check CMake code style
[1.379s] -- Added test 'pep257' to check Python code against some of the docstring style conventions in PEP 257
[1.382s] -- Added test 'xmllint' to check XML markup files
[1.384s] -- Configuring done
[1.394s] -- Generating done
[1.394s] -- Build files have been written to: /home/bart/ugv_ws/build/ugv_nav
[1.400s] Invoked command in '/home/bart/ugv_ws/build/ugv_nav' returned '0': CMAKE_PREFIX_PATH=/home/bart/ros2_ws/install/my_robot_controller:/opt/ros/humble /usr/bin/cmake /home/bart/ugv_ws/src/ugv_main/ugv_nav -Wno-dev -DAMENT_CMAKE_SYMLINK_INSTALL=1 -DCMAKE_INSTALL_PREFIX=/home/bart/ugv_ws/install/ugv_nav
[1.400s] Invoking command in '/home/bart/ugv_ws/build/ugv_nav': CMAKE_PREFIX_PATH=/home/bart/ros2_ws/install/my_robot_controller:/opt/ros/humble /usr/bin/cmake --build /home/bart/ugv_ws/build/ugv_nav -- -j8 -l8
[1.490s] Invoked command in '/home/bart/ugv_ws/build/ugv_nav' returned '0': CMAKE_PREFIX_PATH=/home/bart/ros2_ws/install/my_robot_controller:/opt/ros/humble /usr/bin/cmake --build /home/bart/ugv_ws/build/ugv_nav -- -j8 -l8
[1.492s] Invoking command in '/home/bart/ugv_ws/build/ugv_nav': CMAKE_PREFIX_PATH=/home/bart/ros2_ws/install/my_robot_controller:/opt/ros/humble /usr/bin/cmake --install /home/bart/ugv_ws/build/ugv_nav
[1.546s] -- Install configuration: ""
[1.547s] -- Execute custom install script
[1.547s] -- Symlinking: /home/bart/ugv_ws/install/ugv_nav/share/ugv_nav/launch/bringup_launch.py
[1.547s] -- Symlinking: /home/bart/ugv_ws/install/ugv_nav/share/ugv_nav/launch/nav.launch.py
[1.547s] -- Symlinking: /home/bart/ugv_ws/install/ugv_nav/share/ugv_nav/launch/nav_bringup/bringup_launch_cartographer.launch.py
[1.553s] -- Symlinking: /home/bart/ugv_ws/install/ugv_nav/share/ugv_nav/launch/nav_bringup/cartographer_localization.launch.py
[1.565s] -- Symlinking: /home/bart/ugv_ws/install/ugv_nav/share/ugv_nav/launch/nav_bringup/localization_launch.py
[1.576s] -- Symlinking: /home/bart/ugv_ws/install/ugv_nav/share/ugv_nav/launch/nav_bringup/nav2_bringup.launch.py
[1.588s] -- Symlinking: /home/bart/ugv_ws/install/ugv_nav/share/ugv_nav/launch/nav_rtabmap.launch.py
[1.602s] -- Symlinking: /home/bart/ugv_ws/install/ugv_nav/share/ugv_nav/launch/rtabmap_localization_launch.py
[1.613s] -- Symlinking: /home/bart/ugv_ws/install/ugv_nav/share/ugv_nav/launch/slam_nav.launch.py
[1.631s] -- Symlinking: /home/bart/ugv_ws/install/ugv_nav/share/ugv_nav/param/amcl_dwa.yaml
[1.641s] -- Symlinking: /home/bart/ugv_ws/install/ugv_nav/share/ugv_nav/param/amcl_teb.yaml
[1.654s] -- Symlinking: /home/bart/ugv_ws/install/ugv_nav/share/ugv_nav/param/emcl_dwa.yaml
[1.668s] -- Symlinking: /home/bart/ugv_ws/install/ugv_nav/share/ugv_nav/param/emcl_teb.yaml
[1.681s] -- Symlinking: /home/bart/ugv_ws/install/ugv_nav/share/ugv_nav/param/rtabmap_dwa.yaml
[1.694s] -- Symlinking: /home/bart/ugv_ws/install/ugv_nav/share/ugv_nav/param/rtabmap_teb.yaml
[1.707s] -- Symlinking: /home/bart/ugv_ws/install/ugv_nav/share/ugv_nav/param/slam_nav.yaml
[1.723s] -- Symlinking: /home/bart/ugv_ws/install/ugv_nav/share/ugv_nav/maps/map.pbstream
[1.739s] -- Symlinking: /home/bart/ugv_ws/install/ugv_nav/share/ugv_nav/maps/map.pgm
[1.753s] -- Symlinking: /home/bart/ugv_ws/install/ugv_nav/share/ugv_nav/maps/map.yaml
[1.772s] -- Symlinking: /home/bart/ugv_ws/install/ugv_nav/share/ugv_nav/maps/map_server_params.yaml
[1.777s] -- Symlinking: /home/bart/ugv_ws/install/ugv_nav/share/ugv_nav/rviz/view_nav_2d.rviz
[1.790s] -- Symlinking: /home/bart/ugv_ws/install/ugv_nav/share/ugv_nav/rviz/view_nav_3d.rviz
[1.808s] -- Symlinking: /home/bart/ugv_ws/install/ugv_nav/share/ament_index/resource_index/package_run_dependencies/ugv_nav
[1.822s] -- Symlinking: /home/bart/ugv_ws/install/ugv_nav/share/ament_index/resource_index/parent_prefix_path/ugv_nav
[1.833s] -- Symlinking: /home/bart/ugv_ws/install/ugv_nav/share/ugv_nav/environment/ament_prefix_path.sh
[1.843s] -- Symlinking: /home/bart/ugv_ws/install/ugv_nav/share/ugv_nav/environment/ament_prefix_path.dsv
[1.877s] -- Symlinking: /home/bart/ugv_ws/install/ugv_nav/share/ugv_nav/environment/path.sh
[1.911s] -- Symlinking: /home/bart/ugv_ws/install/ugv_nav/share/ugv_nav/environment/path.dsv
[1.912s] -- Symlinking: /home/bart/ugv_ws/install/ugv_nav/share/ugv_nav/local_setup.bash
[1.912s] -- Symlinking: /home/bart/ugv_ws/install/ugv_nav/share/ugv_nav/local_setup.sh
[1.935s] -- Symlinking: /home/bart/ugv_ws/install/ugv_nav/share/ugv_nav/local_setup.zsh
[1.945s] -- Symlinking: /home/bart/ugv_ws/install/ugv_nav/share/ugv_nav/local_setup.dsv
[1.965s] -- Symlinking: /home/bart/ugv_ws/install/ugv_nav/share/ugv_nav/package.dsv
[1.976s] -- Symlinking: /home/bart/ugv_ws/install/ugv_nav/share/ament_index/resource_index/packages/ugv_nav
[1.984s] -- Symlinking: /home/bart/ugv_ws/install/ugv_nav/share/ugv_nav/cmake/ugv_navConfig.cmake
[1.999s] -- Symlinking: /home/bart/ugv_ws/install/ugv_nav/share/ugv_nav/cmake/ugv_navConfig-version.cmake
[2.011s] -- Symlinking: /home/bart/ugv_ws/install/ugv_nav/share/ugv_nav/package.xml
[2.351s] Invoked command in '/home/bart/ugv_ws/build/ugv_nav' returned '0': CMAKE_PREFIX_PATH=/home/bart/ros2_ws/install/my_robot_controller:/opt/ros/humble /usr/bin/cmake --install /home/bart/ugv_ws/build/ugv_nav
