[0.015s] Invoking command in '/home/bart/ugv_ws/build/robot_pose_publisher': CMAKE_PREFIX_PATH=/home/bart/ros2_ws/install/my_robot_controller:/opt/ros/humble /usr/bin/cmake /home/bart/ugv_ws/src/ugv_else/robot_pose_publisher -Wno-dev -DCMAKE_INSTALL_PREFIX=/home/bart/ugv_ws/install/robot_pose_publisher
[0.064s] -- The C compiler identification is GNU 11.4.0
[0.111s] -- The CXX compiler identification is GNU 11.4.0
[0.119s] -- Detecting C compiler ABI info
[0.183s] -- Detecting C compiler ABI info - done
[0.193s] -- Check for working C compiler: /usr/bin/cc - skipped
[0.193s] -- Detecting C compile features
[0.194s] -- Detecting C compile features - done
[0.197s] -- Detecting CXX compiler ABI info
[0.264s] -- Detecting CXX compiler ABI info - done
[0.275s] -- Check for working CXX compiler: /usr/bin/c++ - skipped
[0.275s] -- Detecting CXX compile features
[0.276s] -- Detecting CXX compile features - done
[0.279s] -- Found ament_cmake: 1.3.12 (/opt/ros/humble/share/ament_cmake/cmake)
[0.424s] -- Found Python3: /usr/bin/python3 (found version "3.10.12") found components: Interpreter 
[0.515s] -- Found rclcpp: 16.0.15 (/opt/ros/humble/share/rclcpp/cmake)
[0.553s] -- Found rosidl_generator_c: 3.1.7 (/opt/ros/humble/share/rosidl_generator_c/cmake)
[0.557s] -- Found rosidl_adapter: 3.1.7 (/opt/ros/humble/share/rosidl_adapter/cmake)
[0.564s] -- Found rosidl_generator_cpp: 3.1.7 (/opt/ros/humble/share/rosidl_generator_cpp/cmake)
[0.573s] -- Using all available rosidl_typesupport_c: rosidl_typesupport_fastrtps_c;rosidl_typesupport_introspection_c
[0.587s] -- Using all available rosidl_typesupport_cpp: rosidl_typesupport_fastrtps_cpp;rosidl_typesupport_introspection_cpp
[0.625s] -- Found rmw_implementation_cmake: 6.1.2 (/opt/ros/humble/share/rmw_implementation_cmake/cmake)
[0.627s] -- Found rmw_fastrtps_cpp: 6.2.9 (/opt/ros/humble/share/rmw_fastrtps_cpp/cmake)
[0.693s] -- Found OpenSSL: /usr/lib/x86_64-linux-gnu/libcrypto.so (found version "3.0.2")  
[0.718s] -- Found FastRTPS: /opt/ros/humble/include  
[0.755s] -- Using RMW implementation 'rmw_fastrtps_cpp' as default
[0.762s] -- Looking for pthread.h
[0.818s] -- Looking for pthread.h - found
[0.819s] -- Performing Test CMAKE_HAVE_LIBC_PTHREAD
[0.892s] -- Performing Test CMAKE_HAVE_LIBC_PTHREAD - Success
[0.893s] -- Found Threads: TRUE  
[0.942s] -- Found geometry_msgs: 4.9.0 (/opt/ros/humble/share/geometry_msgs/cmake)
[0.955s] -- Found tf2_ros: 0.25.16 (/opt/ros/humble/share/tf2_ros/cmake)
[1.144s] -- Configuring done
[1.156s] -- Generating done
[1.162s] -- Build files have been written to: /home/bart/ugv_ws/build/robot_pose_publisher
[1.173s] Invoked command in '/home/bart/ugv_ws/build/robot_pose_publisher' returned '0': CMAKE_PREFIX_PATH=/home/bart/ros2_ws/install/my_robot_controller:/opt/ros/humble /usr/bin/cmake /home/bart/ugv_ws/src/ugv_else/robot_pose_publisher -Wno-dev -DCMAKE_INSTALL_PREFIX=/home/bart/ugv_ws/install/robot_pose_publisher
[1.175s] Invoking command in '/home/bart/ugv_ws/build/robot_pose_publisher': CMAKE_PREFIX_PATH=/home/bart/ros2_ws/install/my_robot_controller:/opt/ros/humble /usr/bin/cmake --build /home/bart/ugv_ws/build/robot_pose_publisher -- -j8 -l8
[1.231s] [ 50%] [32mBuilding CXX object CMakeFiles/robot_pose_publisher.dir/src/robot_pose_publisher.cpp.o[0m
[14.779s] [100%] [32m[1mLinking CXX executable robot_pose_publisher[0m
[15.010s] [100%] Built target robot_pose_publisher
[15.022s] Invoked command in '/home/bart/ugv_ws/build/robot_pose_publisher' returned '0': CMAKE_PREFIX_PATH=/home/bart/ros2_ws/install/my_robot_controller:/opt/ros/humble /usr/bin/cmake --build /home/bart/ugv_ws/build/robot_pose_publisher -- -j8 -l8
[15.024s] Invoking command in '/home/bart/ugv_ws/build/robot_pose_publisher': CMAKE_PREFIX_PATH=/home/bart/ros2_ws/install/my_robot_controller:/opt/ros/humble /usr/bin/cmake --install /home/bart/ugv_ws/build/robot_pose_publisher
[15.032s] -- Install configuration: ""
[15.033s] -- Installing: /home/bart/ugv_ws/install/robot_pose_publisher/lib/robot_pose_publisher/robot_pose_publisher
[15.034s] -- Set runtime path of "/home/bart/ugv_ws/install/robot_pose_publisher/lib/robot_pose_publisher/robot_pose_publisher" to ""
[15.034s] -- Installing: /home/bart/ugv_ws/install/robot_pose_publisher/share/robot_pose_publisher/launch
[15.034s] -- Installing: /home/bart/ugv_ws/install/robot_pose_publisher/share/robot_pose_publisher/launch/robot_pose_publisher_launch.py
[15.034s] -- Installing: /home/bart/ugv_ws/install/robot_pose_publisher/share/ament_index/resource_index/package_run_dependencies/robot_pose_publisher
[15.034s] -- Installing: /home/bart/ugv_ws/install/robot_pose_publisher/share/ament_index/resource_index/parent_prefix_path/robot_pose_publisher
[15.035s] -- Installing: /home/bart/ugv_ws/install/robot_pose_publisher/share/robot_pose_publisher/environment/ament_prefix_path.sh
[15.035s] -- Installing: /home/bart/ugv_ws/install/robot_pose_publisher/share/robot_pose_publisher/environment/ament_prefix_path.dsv
[15.035s] -- Installing: /home/bart/ugv_ws/install/robot_pose_publisher/share/robot_pose_publisher/environment/path.sh
[15.035s] -- Installing: /home/bart/ugv_ws/install/robot_pose_publisher/share/robot_pose_publisher/environment/path.dsv
[15.035s] -- Installing: /home/bart/ugv_ws/install/robot_pose_publisher/share/robot_pose_publisher/local_setup.bash
[15.035s] -- Installing: /home/bart/ugv_ws/install/robot_pose_publisher/share/robot_pose_publisher/local_setup.sh
[15.035s] -- Installing: /home/bart/ugv_ws/install/robot_pose_publisher/share/robot_pose_publisher/local_setup.zsh
[15.035s] -- Installing: /home/bart/ugv_ws/install/robot_pose_publisher/share/robot_pose_publisher/local_setup.dsv
[15.035s] -- Installing: /home/bart/ugv_ws/install/robot_pose_publisher/share/robot_pose_publisher/package.dsv
[15.036s] -- Installing: /home/bart/ugv_ws/install/robot_pose_publisher/share/ament_index/resource_index/packages/robot_pose_publisher
[15.036s] -- Installing: /home/bart/ugv_ws/install/robot_pose_publisher/share/robot_pose_publisher/cmake/robot_pose_publisherConfig.cmake
[15.036s] -- Installing: /home/bart/ugv_ws/install/robot_pose_publisher/share/robot_pose_publisher/cmake/robot_pose_publisherConfig-version.cmake
[15.036s] -- Installing: /home/bart/ugv_ws/install/robot_pose_publisher/share/robot_pose_publisher/package.xml
[15.038s] Invoked command in '/home/bart/ugv_ws/build/robot_pose_publisher' returned '0': CMAKE_PREFIX_PATH=/home/bart/ros2_ws/install/my_robot_controller:/opt/ros/humble /usr/bin/cmake --install /home/bart/ugv_ws/build/robot_pose_publisher
