[0.485s] Invoking command in '/home/bart/ugv_ws/build/ugv_gazebo': CMAKE_PREFIX_PATH=/home/bart/ros2_ws/install/my_robot_controller:/opt/ros/humble /usr/bin/cmake /home/bart/ugv_ws/src/ugv_main/ugv_gazebo -Wno-dev -DAMENT_CMAKE_SYMLINK_INSTALL=1 -DCMAKE_INSTALL_PREFIX=/home/bart/ugv_ws/install/ugv_gazebo
[0.550s] -- The C compiler identification is GNU 11.4.0
[0.629s] -- The CXX compiler identification is GNU 11.4.0
[0.639s] -- Detecting C compiler ABI info
[0.722s] -- Detecting C compiler ABI info - done
[0.734s] -- Check for working C compiler: /usr/bin/cc - skipped
[0.735s] -- Detecting C compile features
[0.735s] -- Detecting C compile features - done
[0.739s] -- Detecting CXX compiler ABI info
[0.841s] -- Detecting CXX compiler ABI info - done
[0.855s] -- Check for working CXX compiler: /usr/bin/c++ - skipped
[0.856s] -- Detecting CXX compile features
[0.856s] -- Detecting CXX compile features - done
[0.859s] -- Found ament_cmake: 1.3.12 (/opt/ros/humble/share/ament_cmake/cmake)
[1.087s] -- Found Python3: /usr/bin/python3 (found version "3.10.12") found components: Interpreter 
[1.188s] -- Override CMake install command with custom implementation using symlinks instead of copying resources
[1.228s] -- Found rosidl_default_generators: 1.2.0 (/opt/ros/humble/share/rosidl_default_generators/cmake)
[1.232s] -- Using all available rosidl_typesupport_c: rosidl_typesupport_fastrtps_c;rosidl_typesupport_introspection_c
[1.242s] -- Found rosidl_adapter: 3.1.7 (/opt/ros/humble/share/rosidl_adapter/cmake)
[1.301s] -- Using all available rosidl_typesupport_cpp: rosidl_typesupport_fastrtps_cpp;rosidl_typesupport_introspection_cpp
[1.459s] -- Configuring done
[1.463s] -- Generating done
[1.468s] -- Build files have been written to: /home/bart/ugv_ws/build/ugv_gazebo
[1.492s] Invoked command in '/home/bart/ugv_ws/build/ugv_gazebo' returned '0': CMAKE_PREFIX_PATH=/home/bart/ros2_ws/install/my_robot_controller:/opt/ros/humble /usr/bin/cmake /home/bart/ugv_ws/src/ugv_main/ugv_gazebo -Wno-dev -DAMENT_CMAKE_SYMLINK_INSTALL=1 -DCMAKE_INSTALL_PREFIX=/home/bart/ugv_ws/install/ugv_gazebo
[1.495s] Invoking command in '/home/bart/ugv_ws/build/ugv_gazebo': CMAKE_PREFIX_PATH=/home/bart/ros2_ws/install/my_robot_controller:/opt/ros/humble /usr/bin/cmake --build /home/bart/ugv_ws/build/ugv_gazebo -- -j8 -l8
[1.557s] Invoked command in '/home/bart/ugv_ws/build/ugv_gazebo' returned '0': CMAKE_PREFIX_PATH=/home/bart/ros2_ws/install/my_robot_controller:/opt/ros/humble /usr/bin/cmake --build /home/bart/ugv_ws/build/ugv_gazebo -- -j8 -l8
[1.558s] Invoking command in '/home/bart/ugv_ws/build/ugv_gazebo': CMAKE_PREFIX_PATH=/home/bart/ros2_ws/install/my_robot_controller:/opt/ros/humble /usr/bin/cmake --install /home/bart/ugv_ws/build/ugv_gazebo
[1.605s] -- Install configuration: ""
[1.605s] -- Execute custom install script
[1.606s] -- Symlinking: /home/bart/ugv_ws/install/ugv_gazebo/share/ugv_gazebo/rviz/display.rviz
[1.606s] -- Symlinking: /home/bart/ugv_ws/install/ugv_gazebo/share/ugv_gazebo/rviz/view_nav_2d.rviz
[1.606s] -- Symlinking: /home/bart/ugv_ws/install/ugv_gazebo/share/ugv_gazebo/rviz/view_nav_3d.rviz
[1.606s] -- Symlinking: /home/bart/ugv_ws/install/ugv_gazebo/share/ugv_gazebo/rviz/view_slam_2d.rviz
[1.616s] -- Symlinking: /home/bart/ugv_ws/install/ugv_gazebo/share/ugv_gazebo/rviz/view_slam_3d.rviz
[1.628s] -- Symlinking: /home/bart/ugv_ws/install/ugv_gazebo/share/ugv_gazebo/launch/bringup/bringup.launch.py
[1.640s] -- Symlinking: /home/bart/ugv_ws/install/ugv_gazebo/share/ugv_gazebo/launch/bringup/bringup_test.launch.py
[1.651s] -- Symlinking: /home/bart/ugv_ws/install/ugv_gazebo/share/ugv_gazebo/launch/bringup/robot_state_publisher.launch.py
[1.670s] -- Symlinking: /home/bart/ugv_ws/install/ugv_gazebo/share/ugv_gazebo/launch/bringup/spawn_ugv.launch.py
[1.682s] -- Symlinking: /home/bart/ugv_ws/install/ugv_gazebo/share/ugv_gazebo/launch/display.launch.py
[1.696s] -- Symlinking: /home/bart/ugv_ws/install/ugv_gazebo/share/ugv_gazebo/launch/nav/nav.launch.py
[1.722s] -- Symlinking: /home/bart/ugv_ws/install/ugv_gazebo/share/ugv_gazebo/launch/nav/nav_rtabmap.launch.py
[1.746s] -- Symlinking: /home/bart/ugv_ws/install/ugv_gazebo/share/ugv_gazebo/launch/nav/rtabmap_localization_launch.py
[1.769s] -- Symlinking: /home/bart/ugv_ws/install/ugv_gazebo/share/ugv_gazebo/launch/nav_bringup/bringup_launch_cartographer.launch.py
[1.793s] -- Symlinking: /home/bart/ugv_ws/install/ugv_gazebo/share/ugv_gazebo/launch/nav_bringup/localization_launch.py
[1.825s] -- Symlinking: /home/bart/ugv_ws/install/ugv_gazebo/share/ugv_gazebo/launch/nav_bringup/nav2_bringup.launch.py
[1.826s] -- Symlinking: /home/bart/ugv_ws/install/ugv_gazebo/share/ugv_gazebo/launch/nav_bringup/navigation_launch.py
[1.838s] -- Symlinking: /home/bart/ugv_ws/install/ugv_gazebo/share/ugv_gazebo/launch/slam/cartographer.launch.py
[1.849s] -- Symlinking: /home/bart/ugv_ws/install/ugv_gazebo/share/ugv_gazebo/launch/slam/gmapping.launch.py
[1.869s] -- Symlinking: /home/bart/ugv_ws/install/ugv_gazebo/share/ugv_gazebo/launch/slam/rtabmap_rgbd.launch.py
[1.917s] -- Symlinking: /home/bart/ugv_ws/install/ugv_gazebo/share/ugv_gazebo/launch/slam_nav/slam_nav.launch.py
[1.917s] -- Symlinking: /home/bart/ugv_ws/install/ugv_gazebo/share/ugv_gazebo/urdf/rasp_rover.urdf
[1.917s] -- Symlinking: /home/bart/ugv_ws/install/ugv_gazebo/share/ugv_gazebo/urdf/ugv_beast.urdf
[1.924s] -- Symlinking: /home/bart/ugv_ws/install/ugv_gazebo/share/ugv_gazebo/urdf/ugv_rover.urdf
[1.940s] -- Symlinking: /home/bart/ugv_ws/install/ugv_gazebo/share/ugv_gazebo/worlds/ugv_world.world
[1.957s] -- Symlinking: /home/bart/ugv_ws/install/ugv_gazebo/share/ugv_gazebo/models/rasp_rover/model.config
[1.972s] -- Symlinking: /home/bart/ugv_ws/install/ugv_gazebo/share/ugv_gazebo/models/rasp_rover/model.sdf
[1.984s] -- Symlinking: /home/bart/ugv_ws/install/ugv_gazebo/share/ugv_gazebo/models/ugv_beast/model.config
[1.995s] -- Symlinking: /home/bart/ugv_ws/install/ugv_gazebo/share/ugv_gazebo/models/ugv_beast/model.sdf
[2.008s] -- Symlinking: /home/bart/ugv_ws/install/ugv_gazebo/share/ugv_gazebo/models/ugv_rover/model.config
[2.019s] -- Symlinking: /home/bart/ugv_ws/install/ugv_gazebo/share/ugv_gazebo/models/ugv_rover/model.sdf
[2.030s] -- Symlinking: /home/bart/ugv_ws/install/ugv_gazebo/share/ugv_gazebo/models/world/model.config
[2.040s] -- Symlinking: /home/bart/ugv_ws/install/ugv_gazebo/share/ugv_gazebo/models/world/model.sdf
[2.047s] -- Symlinking: /home/bart/ugv_ws/install/ugv_gazebo/share/ugv_gazebo/param/amcl_dwa.yaml
[2.057s] -- Symlinking: /home/bart/ugv_ws/install/ugv_gazebo/share/ugv_gazebo/param/amcl_teb.yaml
[2.066s] -- Symlinking: /home/bart/ugv_ws/install/ugv_gazebo/share/ugv_gazebo/param/emcl_dwa.yaml
[2.078s] -- Symlinking: /home/bart/ugv_ws/install/ugv_gazebo/share/ugv_gazebo/param/emcl_teb.yaml
[2.092s] -- Symlinking: /home/bart/ugv_ws/install/ugv_gazebo/share/ugv_gazebo/param/rtabmap_dwa.yaml
[2.106s] -- Symlinking: /home/bart/ugv_ws/install/ugv_gazebo/share/ugv_gazebo/param/rtabmap_teb.yaml
[2.116s] -- Symlinking: /home/bart/ugv_ws/install/ugv_gazebo/share/ugv_gazebo/param/slam_nav.yaml
[2.127s] -- Symlinking: /home/bart/ugv_ws/install/ugv_gazebo/share/ugv_gazebo/maps/map.pbstream
[2.138s] -- Symlinking: /home/bart/ugv_ws/install/ugv_gazebo/share/ugv_gazebo/maps/map.pgm
[2.150s] -- Symlinking: /home/bart/ugv_ws/install/ugv_gazebo/share/ugv_gazebo/maps/map.yaml
[2.160s] -- Symlinking: /home/bart/ugv_ws/install/ugv_gazebo/share/ament_index/resource_index/package_run_dependencies/ugv_gazebo
[2.172s] -- Symlinking: /home/bart/ugv_ws/install/ugv_gazebo/share/ament_index/resource_index/parent_prefix_path/ugv_gazebo
[2.182s] -- Symlinking: /home/bart/ugv_ws/install/ugv_gazebo/share/ugv_gazebo/environment/ament_prefix_path.sh
[2.193s] -- Symlinking: /home/bart/ugv_ws/install/ugv_gazebo/share/ugv_gazebo/environment/ament_prefix_path.dsv
[2.202s] -- Symlinking: /home/bart/ugv_ws/install/ugv_gazebo/share/ugv_gazebo/environment/path.sh
[2.211s] -- Symlinking: /home/bart/ugv_ws/install/ugv_gazebo/share/ugv_gazebo/environment/path.dsv
[2.221s] -- Symlinking: /home/bart/ugv_ws/install/ugv_gazebo/share/ugv_gazebo/local_setup.bash
[2.234s] -- Symlinking: /home/bart/ugv_ws/install/ugv_gazebo/share/ugv_gazebo/local_setup.sh
[2.243s] -- Symlinking: /home/bart/ugv_ws/install/ugv_gazebo/share/ugv_gazebo/local_setup.zsh
[2.252s] -- Symlinking: /home/bart/ugv_ws/install/ugv_gazebo/share/ugv_gazebo/local_setup.dsv
[2.260s] -- Symlinking: /home/bart/ugv_ws/install/ugv_gazebo/share/ugv_gazebo/package.dsv
[2.270s] -- Symlinking: /home/bart/ugv_ws/install/ugv_gazebo/share/ament_index/resource_index/packages/ugv_gazebo
[2.281s] -- Symlinking: /home/bart/ugv_ws/install/ugv_gazebo/share/ugv_gazebo/cmake/ament_cmake_export_dependencies-extras.cmake
[2.291s] -- Symlinking: /home/bart/ugv_ws/install/ugv_gazebo/share/ugv_gazebo/cmake/ugv_gazeboConfig.cmake
[2.299s] -- Symlinking: /home/bart/ugv_ws/install/ugv_gazebo/share/ugv_gazebo/cmake/ugv_gazeboConfig-version.cmake
[2.307s] -- Symlinking: /home/bart/ugv_ws/install/ugv_gazebo/share/ugv_gazebo/package.xml
[2.373s] Invoked command in '/home/bart/ugv_ws/build/ugv_gazebo' returned '0': CMAKE_PREFIX_PATH=/home/bart/ros2_ws/install/my_robot_controller:/opt/ros/humble /usr/bin/cmake --install /home/bart/ugv_ws/build/ugv_gazebo
