[1.087s] Invoking command in '/home/bart/ugv_ws/build/ugv_chat_ai': PYTHONPATH=/home/bart/ugv_ws/build/ugv_chat_ai/prefix_override:/usr/lib/python3/dist-packages/colcon_core/task/python/colcon_distutils_commands:/home/bart/ugv_ws/install/ugv_chat_ai/lib/python3.10/site-packages:${PYTHONPATH} /usr/bin/python3 -W ignore:setup.py install is deprecated -W ignore:easy_install command is deprecated setup.py develop --editable --build-directory /home/bart/ugv_ws/build/ugv_chat_ai/build --no-deps symlink_data
[1.579s] running develop
[1.871s] running egg_info
[1.872s] creating ugv_chat_ai.egg-info
[1.872s] writing ugv_chat_ai.egg-info/PKG-INFO
[1.872s] writing dependency_links to ugv_chat_ai.egg-info/dependency_links.txt
[1.872s] writing entry points to ugv_chat_ai.egg-info/entry_points.txt
[1.873s] writing requirements to ugv_chat_ai.egg-info/requires.txt
[1.873s] writing top-level names to ugv_chat_ai.egg-info/top_level.txt
[1.873s] writing manifest file 'ugv_chat_ai.egg-info/SOURCES.txt'
[1.876s] reading manifest file 'ugv_chat_ai.egg-info/SOURCES.txt'
[1.876s] writing manifest file 'ugv_chat_ai.egg-info/SOURCES.txt'
[1.879s] running build_ext
[1.890s] Creating /home/bart/ugv_ws/install/ugv_chat_ai/lib/python3.10/site-packages/ugv-chat-ai.egg-link (link to .)
[1.920s] Installing app script to /home/bart/ugv_ws/install/ugv_chat_ai/lib/ugv_chat_ai
[1.920s] 
[1.920s] Installed /home/bart/ugv_ws/build/ugv_chat_ai
[1.920s] running symlink_data
[1.920s] creating /home/bart/ugv_ws/install/ugv_chat_ai/share/ament_index
[1.920s] creating /home/bart/ugv_ws/install/ugv_chat_ai/share/ament_index/resource_index
[1.921s] creating /home/bart/ugv_ws/install/ugv_chat_ai/share/ament_index/resource_index/packages
[1.921s] symbolically linking /home/bart/ugv_ws/build/ugv_chat_ai/resource/ugv_chat_ai -> /home/bart/ugv_ws/install/ugv_chat_ai/share/ament_index/resource_index/packages
[1.922s] symbolically linking /home/bart/ugv_ws/build/ugv_chat_ai/package.xml -> /home/bart/ugv_ws/install/ugv_chat_ai/share/ugv_chat_ai
[1.922s] creating /home/bart/ugv_ws/install/ugv_chat_ai/share/ugv_chat_ai/launch
[2.352s] Invoked command in '/home/bart/ugv_ws/build/ugv_chat_ai' returned '0': PYTHONPATH=/home/bart/ugv_ws/build/ugv_chat_ai/prefix_override:/usr/lib/python3/dist-packages/colcon_core/task/python/colcon_distutils_commands:/home/bart/ugv_ws/install/ugv_chat_ai/lib/python3.10/site-packages:${PYTHONPATH} /usr/bin/python3 -W ignore:setup.py install is deprecated -W ignore:easy_install command is deprecated setup.py develop --editable --build-directory /home/bart/ugv_ws/build/ugv_chat_ai/build --no-deps symlink_data
