[0.484s] Invoking command in '/home/bart/ugv_ws/build/ugv_interface': CMAKE_PREFIX_PATH=/home/bart/ros2_ws/install/my_robot_controller:/opt/ros/humble /usr/bin/cmake /home/bart/ugv_ws/src/ugv_main/ugv_interface -Wno-dev -DAMENT_CMAKE_SYMLINK_INSTALL=1 -DCMAKE_INSTALL_PREFIX=/home/bart/ugv_ws/install/ugv_interface
[0.553s] -- The C compiler identification is GNU 11.4.0
[0.630s] -- The CXX compiler identification is GNU 11.4.0
[0.644s] -- Detecting C compiler ABI info
[0.733s] -- Detecting C compiler ABI info - done
[0.747s] -- Check for working C compiler: /usr/bin/cc - skipped
[0.747s] -- Detecting C compile features
[0.747s] -- Detecting C compile features - done
[0.752s] -- Detecting CXX compiler ABI info
[0.859s] -- Detecting CXX compiler ABI info - done
[0.871s] -- Check for working CXX compiler: /usr/bin/c++ - skipped
[0.871s] -- Detecting CXX compile features
[0.872s] -- Detecting CXX compile features - done
[0.875s] -- Found ament_cmake: 1.3.12 (/opt/ros/humble/share/ament_cmake/cmake)
[1.099s] -- Found Python3: /usr/bin/python3 (found version "3.10.12") found components: Interpreter 
[1.203s] -- Override CMake install command with custom implementation using symlinks instead of copying resources
[1.240s] -- Found rosidl_default_generators: 1.2.0 (/opt/ros/humble/share/rosidl_default_generators/cmake)
[1.244s] -- Using all available rosidl_typesupport_c: rosidl_typesupport_fastrtps_c;rosidl_typesupport_introspection_c
[1.254s] -- Found rosidl_adapter: 3.1.7 (/opt/ros/humble/share/rosidl_adapter/cmake)
[1.314s] -- Using all available rosidl_typesupport_cpp: rosidl_typesupport_fastrtps_cpp;rosidl_typesupport_introspection_cpp
[1.912s] -- Found ament_cmake_ros: 0.10.0 (/opt/ros/humble/share/ament_cmake_ros/cmake)
[2.204s] -- Using all available rosidl_typesupport_c: rosidl_typesupport_fastrtps_c;rosidl_typesupport_introspection_c
[2.491s] -- Using all available rosidl_typesupport_cpp: rosidl_typesupport_fastrtps_cpp;rosidl_typesupport_introspection_cpp
[2.512s] -- Found PythonInterp: /usr/bin/python3 (found suitable version "3.10.12", minimum required is "3.6") 
[2.515s] -- Found python_cmake_module: 0.10.0 (/opt/ros/humble/share/python_cmake_module/cmake)
[2.542s] -- Found PythonLibs: /usr/lib/x86_64-linux-gnu/libpython3.10.so (found suitable version "3.10.12", minimum required is "3.5") 
[2.542s] -- Using PYTHON_EXECUTABLE: /usr/bin/python3
[2.543s] -- Using PYTHON_INCLUDE_DIRS: /usr/include/python3.10
[2.543s] -- Using PYTHON_LIBRARIES: /usr/lib/x86_64-linux-gnu/libpython3.10.so
[2.563s] -- Found PythonExtra: .so  
[2.614s] -- Found ament_lint_auto: 0.12.14 (/opt/ros/humble/share/ament_lint_auto/cmake)
[2.638s] -- Added test 'copyright' to check source files copyright and LICENSE
[2.639s] -- Added test 'lint_cmake' to check CMake code style
[2.640s] -- Added test 'xmllint' to check XML markup files
[2.643s] -- Configuring done
[2.672s] -- Generating done
[2.684s] -- Build files have been written to: /home/bart/ugv_ws/build/ugv_interface
[2.700s] Invoked command in '/home/bart/ugv_ws/build/ugv_interface' returned '0': CMAKE_PREFIX_PATH=/home/bart/ros2_ws/install/my_robot_controller:/opt/ros/humble /usr/bin/cmake /home/bart/ugv_ws/src/ugv_main/ugv_interface -Wno-dev -DAMENT_CMAKE_SYMLINK_INSTALL=1 -DCMAKE_INSTALL_PREFIX=/home/bart/ugv_ws/install/ugv_interface
[2.701s] Invoking command in '/home/bart/ugv_ws/build/ugv_interface': CMAKE_PREFIX_PATH=/home/bart/ros2_ws/install/my_robot_controller:/opt/ros/humble /usr/bin/cmake --build /home/bart/ugv_ws/build/ugv_interface -- -j8 -l8
[3.183s] [  2%] [34m[1mGenerating C code for ROS interfaces[0m
[3.183s] [  5%] [34m[1mGenerating C++ code for ROS interfaces[0m
[3.184s] [  5%] Built target ament_cmake_python_symlink_ugv_interface
[3.184s] running egg_info
[3.184s] creating ugv_interface.egg-info
[3.184s] writing ugv_interface.egg-info/PKG-INFO
[3.184s] writing dependency_links to ugv_interface.egg-info/dependency_links.txt
[3.184s] writing top-level names to ugv_interface.egg-info/top_level.txt
[3.184s] writing manifest file 'ugv_interface.egg-info/SOURCES.txt'
[3.184s] reading manifest file 'ugv_interface.egg-info/SOURCES.txt'
[3.184s] writing manifest file 'ugv_interface.egg-info/SOURCES.txt'
[3.224s] [  5%] Built target ament_cmake_python_build_ugv_interface_egg
[3.607s] [  7%] [32mBuilding C object CMakeFiles/ugv_interface__rosidl_generator_c.dir/rosidl_generator_c/ugv_interface/srv/detail/map_save__functions.c.o[0m
[3.612s] [ 10%] [32mBuilding C object CMakeFiles/ugv_interface__rosidl_generator_c.dir/rosidl_generator_c/ugv_interface/action/detail/behavior__functions.c.o[0m
[3.621s] [ 10%] Built target ugv_interface__cpp
[3.641s] [ 12%] [34m[1mGenerating C++ type support for eProsima Fast-RTPS[0m
[3.645s] [ 15%] [34m[1mGenerating C++ type support dispatch for ROS interfaces[0m
[3.657s] [ 17%] [34m[1mGenerating C++ introspection for ROS interfaces[0m
[3.899s] [ 20%] [32m[1mLinking C shared library libugv_interface__rosidl_generator_c.so[0m
[3.995s] [ 20%] Built target ugv_interface__rosidl_generator_c
[4.026s] [ 23%] [34m[1mGenerating C type support for eProsima Fast-RTPS[0m
[4.028s] [ 25%] [34m[1mGenerating C introspection for ROS interfaces[0m
[4.029s] [ 28%] [34m[1mGenerating C type support dispatch for ROS interfaces[0m
[4.225s] [ 30%] [32mBuilding CXX object CMakeFiles/ugv_interface__rosidl_typesupport_cpp.dir/rosidl_typesupport_cpp/ugv_interface/action/behavior__type_support.cpp.o[0m
[4.228s] [ 33%] [32mBuilding CXX object CMakeFiles/ugv_interface__rosidl_typesupport_cpp.dir/rosidl_typesupport_cpp/ugv_interface/srv/map_save__type_support.cpp.o[0m
[4.643s] [ 35%] [32mBuilding CXX object CMakeFiles/ugv_interface__rosidl_typesupport_introspection_cpp.dir/rosidl_typesupport_introspection_cpp/ugv_interface/srv/detail/map_save__type_support.cpp.o[0m
[4.645s] [ 38%] [32mBuilding CXX object CMakeFiles/ugv_interface__rosidl_typesupport_introspection_cpp.dir/rosidl_typesupport_introspection_cpp/ugv_interface/action/detail/behavior__type_support.cpp.o[0m
[4.680s] [ 41%] [32mBuilding CXX object CMakeFiles/ugv_interface__rosidl_typesupport_c.dir/rosidl_typesupport_c/ugv_interface/srv/map_save__type_support.cpp.o[0m
[4.748s] [ 43%] [32mBuilding CXX object CMakeFiles/ugv_interface__rosidl_typesupport_c.dir/rosidl_typesupport_c/ugv_interface/action/behavior__type_support.cpp.o[0m
[4.807s] [ 46%] [32mBuilding CXX object CMakeFiles/ugv_interface__rosidl_typesupport_fastrtps_cpp.dir/rosidl_typesupport_fastrtps_cpp/ugv_interface/srv/detail/dds_fastrtps/map_save__type_support.cpp.o[0m
[4.810s] [ 48%] [32mBuilding CXX object CMakeFiles/ugv_interface__rosidl_typesupport_fastrtps_cpp.dir/rosidl_typesupport_fastrtps_cpp/ugv_interface/action/detail/dds_fastrtps/behavior__type_support.cpp.o[0m
[4.826s] [ 51%] [32mBuilding C object CMakeFiles/ugv_interface__rosidl_typesupport_introspection_c.dir/rosidl_typesupport_introspection_c/ugv_interface/srv/detail/map_save__type_support.c.o[0m
[4.856s] [ 53%] [32m[1mLinking CXX shared library libugv_interface__rosidl_typesupport_c.so[0m
[4.913s] [ 56%] [32m[1mLinking CXX shared library libugv_interface__rosidl_typesupport_cpp.so[0m
[4.920s] [ 58%] [32mBuilding C object CMakeFiles/ugv_interface__rosidl_typesupport_introspection_c.dir/rosidl_typesupport_introspection_c/ugv_interface/action/detail/behavior__type_support.c.o[0m
[4.971s] [ 58%] Built target ugv_interface__rosidl_typesupport_c
[4.992s] [ 58%] Built target ugv_interface__rosidl_typesupport_cpp
[5.018s] [ 61%] [32mBuilding CXX object CMakeFiles/ugv_interface__rosidl_typesupport_fastrtps_c.dir/rosidl_typesupport_fastrtps_c/ugv_interface/srv/detail/map_save__type_support_c.cpp.o[0m
[5.020s] [ 64%] [32mBuilding CXX object CMakeFiles/ugv_interface__rosidl_typesupport_fastrtps_c.dir/rosidl_typesupport_fastrtps_c/ugv_interface/action/detail/behavior__type_support_c.cpp.o[0m
[5.029s] [ 66%] [32m[1mLinking C shared library libugv_interface__rosidl_typesupport_introspection_c.so[0m
[5.109s] [ 66%] Built target ugv_interface__rosidl_typesupport_introspection_c
[5.560s] [ 69%] [32m[1mLinking CXX shared library libugv_interface__rosidl_typesupport_introspection_cpp.so[0m
[5.591s] [ 71%] [32m[1mLinking CXX shared library libugv_interface__rosidl_typesupport_fastrtps_c.so[0m
[5.628s] [ 71%] Built target ugv_interface__rosidl_typesupport_introspection_cpp
[5.662s] [ 71%] Built target ugv_interface__rosidl_typesupport_fastrtps_c
[5.665s] [ 74%] [32m[1mLinking CXX shared library libugv_interface__rosidl_typesupport_fastrtps_cpp.so[0m
[5.728s] [ 74%] Built target ugv_interface__rosidl_typesupport_fastrtps_cpp
[5.745s] [ 74%] Built target ugv_interface
[5.761s] [ 76%] [34m[1mGenerating Python code for ROS interfaces[0m
[6.553s] [ 76%] Built target ugv_interface__py
[6.570s] [ 82%] [32mBuilding C object CMakeFiles/ugv_interface__rosidl_generator_py.dir/rosidl_generator_py/ugv_interface/srv/_map_save_s.c.o[0m
[6.570s] [ 82%] [32mBuilding C object CMakeFiles/ugv_interface__rosidl_generator_py.dir/rosidl_generator_py/ugv_interface/action/_behavior_s.c.o[0m
[6.689s] [ 84%] [32m[1mLinking C shared library rosidl_generator_py/ugv_interface/libugv_interface__rosidl_generator_py.so[0m
[6.744s] [ 84%] Built target ugv_interface__rosidl_generator_py
[6.768s] [ 87%] [32mBuilding C object CMakeFiles/ugv_interface__rosidl_typesupport_fastrtps_c__pyext.dir/rosidl_generator_py/ugv_interface/_ugv_interface_s.ep.rosidl_typesupport_fastrtps_c.c.o[0m
[6.770s] [ 89%] [32mBuilding C object CMakeFiles/ugv_interface__rosidl_typesupport_introspection_c__pyext.dir/rosidl_generator_py/ugv_interface/_ugv_interface_s.ep.rosidl_typesupport_introspection_c.c.o[0m
[6.771s] [ 92%] [32mBuilding C object CMakeFiles/ugv_interface__rosidl_typesupport_c__pyext.dir/rosidl_generator_py/ugv_interface/_ugv_interface_s.ep.rosidl_typesupport_c.c.o[0m
[6.910s] [ 94%] [32m[1mLinking C shared library rosidl_generator_py/ugv_interface/ugv_interface_s__rosidl_typesupport_c.cpython-310-x86_64-linux-gnu.so[0m
[6.912s] [ 97%] [32m[1mLinking C shared library rosidl_generator_py/ugv_interface/ugv_interface_s__rosidl_typesupport_fastrtps_c.cpython-310-x86_64-linux-gnu.so[0m
[6.949s] [ 97%] Built target ugv_interface__rosidl_typesupport_c__pyext
[6.949s] [ 97%] Built target ugv_interface__rosidl_typesupport_fastrtps_c__pyext
[6.961s] [100%] [32m[1mLinking C shared library rosidl_generator_py/ugv_interface/ugv_interface_s__rosidl_typesupport_introspection_c.cpython-310-x86_64-linux-gnu.so[0m
[6.995s] [100%] Built target ugv_interface__rosidl_typesupport_introspection_c__pyext
[7.005s] Invoked command in '/home/bart/ugv_ws/build/ugv_interface' returned '0': CMAKE_PREFIX_PATH=/home/bart/ros2_ws/install/my_robot_controller:/opt/ros/humble /usr/bin/cmake --build /home/bart/ugv_ws/build/ugv_interface -- -j8 -l8
[7.006s] Invoking command in '/home/bart/ugv_ws/build/ugv_interface': CMAKE_PREFIX_PATH=/home/bart/ros2_ws/install/my_robot_controller:/opt/ros/humble /usr/bin/cmake --install /home/bart/ugv_ws/build/ugv_interface
[7.013s] -- Install configuration: ""
[7.014s] -- Execute custom install script
[7.014s] -- Symlinking: /home/bart/ugv_ws/install/ugv_interface/share/ament_index/resource_index/rosidl_interfaces/ugv_interface
[7.021s] -- Symlinking: /home/bart/ugv_ws/install/ugv_interface/include/ugv_interface/ugv_interface/action/behavior.h
[7.028s] -- Symlinking: /home/bart/ugv_ws/install/ugv_interface/include/ugv_interface/ugv_interface/action/detail/behavior__functions.h
[7.035s] -- Symlinking: /home/bart/ugv_ws/install/ugv_interface/include/ugv_interface/ugv_interface/action/detail/behavior__struct.h
[7.042s] -- Symlinking: /home/bart/ugv_ws/install/ugv_interface/include/ugv_interface/ugv_interface/action/detail/behavior__type_support.h
[7.049s] -- Symlinking: /home/bart/ugv_ws/install/ugv_interface/include/ugv_interface/ugv_interface/msg/rosidl_generator_c__visibility_control.h
[7.056s] -- Symlinking: /home/bart/ugv_ws/install/ugv_interface/include/ugv_interface/ugv_interface/srv/detail/map_save__functions.h
[7.063s] -- Symlinking: /home/bart/ugv_ws/install/ugv_interface/include/ugv_interface/ugv_interface/srv/detail/map_save__struct.h
[7.070s] -- Symlinking: /home/bart/ugv_ws/install/ugv_interface/include/ugv_interface/ugv_interface/srv/detail/map_save__type_support.h
[7.077s] -- Symlinking: /home/bart/ugv_ws/install/ugv_interface/include/ugv_interface/ugv_interface/srv/map_save.h
[7.084s] -- Symlinking: /home/bart/ugv_ws/install/ugv_interface/share/ugv_interface/environment/library_path.sh
[7.091s] -- Symlinking: /home/bart/ugv_ws/install/ugv_interface/share/ugv_interface/environment/library_path.dsv
[7.098s] -- Symlinking: /home/bart/ugv_ws/install/ugv_interface/include/ugv_interface/ugv_interface/action/detail/behavior__rosidl_typesupport_fastrtps_c.h
[7.105s] -- Symlinking: /home/bart/ugv_ws/install/ugv_interface/include/ugv_interface/ugv_interface/msg/rosidl_typesupport_fastrtps_c__visibility_control.h
[7.111s] -- Symlinking: /home/bart/ugv_ws/install/ugv_interface/include/ugv_interface/ugv_interface/srv/detail/map_save__rosidl_typesupport_fastrtps_c.h
[7.119s] -- Symlinking: /home/bart/ugv_ws/install/ugv_interface/include/ugv_interface/ugv_interface/action/detail/behavior__rosidl_typesupport_introspection_c.h
[7.127s] -- Symlinking: /home/bart/ugv_ws/install/ugv_interface/include/ugv_interface/ugv_interface/msg/rosidl_typesupport_introspection_c__visibility_control.h
[7.134s] -- Symlinking: /home/bart/ugv_ws/install/ugv_interface/include/ugv_interface/ugv_interface/srv/detail/map_save__rosidl_typesupport_introspection_c.h
[7.142s] -- Symlinking: /home/bart/ugv_ws/install/ugv_interface/include/ugv_interface/ugv_interface/action/behavior.hpp
[7.150s] -- Symlinking: /home/bart/ugv_ws/install/ugv_interface/include/ugv_interface/ugv_interface/action/detail/behavior__builder.hpp
[7.157s] -- Symlinking: /home/bart/ugv_ws/install/ugv_interface/include/ugv_interface/ugv_interface/action/detail/behavior__struct.hpp
[7.165s] -- Symlinking: /home/bart/ugv_ws/install/ugv_interface/include/ugv_interface/ugv_interface/action/detail/behavior__traits.hpp
[7.173s] -- Symlinking: /home/bart/ugv_ws/install/ugv_interface/include/ugv_interface/ugv_interface/action/detail/behavior__type_support.hpp
[7.180s] -- Symlinking: /home/bart/ugv_ws/install/ugv_interface/include/ugv_interface/ugv_interface/msg/rosidl_generator_cpp__visibility_control.hpp
[7.188s] -- Symlinking: /home/bart/ugv_ws/install/ugv_interface/include/ugv_interface/ugv_interface/srv/detail/map_save__builder.hpp
[7.195s] -- Symlinking: /home/bart/ugv_ws/install/ugv_interface/include/ugv_interface/ugv_interface/srv/detail/map_save__struct.hpp
[7.203s] -- Symlinking: /home/bart/ugv_ws/install/ugv_interface/include/ugv_interface/ugv_interface/srv/detail/map_save__traits.hpp
[7.210s] -- Symlinking: /home/bart/ugv_ws/install/ugv_interface/include/ugv_interface/ugv_interface/srv/detail/map_save__type_support.hpp
[7.219s] -- Symlinking: /home/bart/ugv_ws/install/ugv_interface/include/ugv_interface/ugv_interface/srv/map_save.hpp
[7.226s] -- Symlinking: /home/bart/ugv_ws/install/ugv_interface/include/ugv_interface/ugv_interface/action/detail/behavior__rosidl_typesupport_fastrtps_cpp.hpp
[7.234s] -- Symlinking: /home/bart/ugv_ws/install/ugv_interface/include/ugv_interface/ugv_interface/msg/rosidl_typesupport_fastrtps_cpp__visibility_control.h
[7.241s] -- Symlinking: /home/bart/ugv_ws/install/ugv_interface/include/ugv_interface/ugv_interface/srv/detail/map_save__rosidl_typesupport_fastrtps_cpp.hpp
[7.249s] -- Symlinking: /home/bart/ugv_ws/install/ugv_interface/include/ugv_interface/ugv_interface/action/detail/behavior__rosidl_typesupport_introspection_cpp.hpp
[7.257s] -- Symlinking: /home/bart/ugv_ws/install/ugv_interface/include/ugv_interface/ugv_interface/srv/detail/map_save__rosidl_typesupport_introspection_cpp.hpp
[7.264s] -- Symlinking: /home/bart/ugv_ws/install/ugv_interface/share/ugv_interface/environment/pythonpath.sh
[7.273s] -- Symlinking: /home/bart/ugv_ws/install/ugv_interface/share/ugv_interface/environment/pythonpath.dsv
[7.280s] -- Symlinking: /home/bart/ugv_ws/install/ugv_interface/local/lib/python3.10/dist-packages/ugv_interface-0.0.0-py3.10.egg-info/PKG-INFO
[7.290s] -- Symlinking: /home/bart/ugv_ws/install/ugv_interface/local/lib/python3.10/dist-packages/ugv_interface-0.0.0-py3.10.egg-info/SOURCES.txt
[7.297s] -- Symlinking: /home/bart/ugv_ws/install/ugv_interface/local/lib/python3.10/dist-packages/ugv_interface-0.0.0-py3.10.egg-info/dependency_links.txt
[7.305s] -- Symlinking: /home/bart/ugv_ws/install/ugv_interface/local/lib/python3.10/dist-packages/ugv_interface-0.0.0-py3.10.egg-info/top_level.txt
[7.313s] -- Symlinking: /home/bart/ugv_ws/install/ugv_interface/local/lib/python3.10/dist-packages/ugv_interface/__init__.py
[7.322s] -- Symlinking: /home/bart/ugv_ws/install/ugv_interface/local/lib/python3.10/dist-packages/ugv_interface/_ugv_interface_s.ep.rosidl_typesupport_c.c
[7.329s] -- Symlinking: /home/bart/ugv_ws/install/ugv_interface/local/lib/python3.10/dist-packages/ugv_interface/_ugv_interface_s.ep.rosidl_typesupport_fastrtps_c.c
[7.338s] -- Symlinking: /home/bart/ugv_ws/install/ugv_interface/local/lib/python3.10/dist-packages/ugv_interface/_ugv_interface_s.ep.rosidl_typesupport_introspection_c.c
[7.347s] -- Symlinking: /home/bart/ugv_ws/install/ugv_interface/local/lib/python3.10/dist-packages/ugv_interface/action/__init__.py
[7.356s] -- Symlinking: /home/bart/ugv_ws/install/ugv_interface/local/lib/python3.10/dist-packages/ugv_interface/action/_behavior.py
[7.364s] -- Symlinking: /home/bart/ugv_ws/install/ugv_interface/local/lib/python3.10/dist-packages/ugv_interface/action/_behavior_s.c
[7.372s] -- Symlinking: /home/bart/ugv_ws/install/ugv_interface/local/lib/python3.10/dist-packages/ugv_interface/libugv_interface__rosidl_generator_py.so
[7.380s] -- Symlinking: /home/bart/ugv_ws/install/ugv_interface/local/lib/python3.10/dist-packages/ugv_interface/srv/__init__.py
[7.388s] -- Symlinking: /home/bart/ugv_ws/install/ugv_interface/local/lib/python3.10/dist-packages/ugv_interface/srv/_map_save.py
[7.396s] -- Symlinking: /home/bart/ugv_ws/install/ugv_interface/local/lib/python3.10/dist-packages/ugv_interface/srv/_map_save_s.c
[7.404s] -- Symlinking: /home/bart/ugv_ws/install/ugv_interface/local/lib/python3.10/dist-packages/ugv_interface/ugv_interface_s__rosidl_typesupport_c.cpython-310-x86_64-linux-gnu.so
[7.411s] -- Symlinking: /home/bart/ugv_ws/install/ugv_interface/local/lib/python3.10/dist-packages/ugv_interface/ugv_interface_s__rosidl_typesupport_fastrtps_c.cpython-310-x86_64-linux-gnu.so
[7.419s] -- Symlinking: /home/bart/ugv_ws/install/ugv_interface/local/lib/python3.10/dist-packages/ugv_interface/ugv_interface_s__rosidl_typesupport_introspection_c.cpython-310-x86_64-linux-gnu.so
[7.427s] -- Up-to-date symlink: /home/bart/ugv_ws/install/ugv_interface/local/lib/python3.10/dist-packages/ugv_interface/ugv_interface_s__rosidl_typesupport_fastrtps_c.cpython-310-x86_64-linux-gnu.so
[7.427s] -- Up-to-date symlink: /home/bart/ugv_ws/install/ugv_interface/local/lib/python3.10/dist-packages/ugv_interface/ugv_interface_s__rosidl_typesupport_introspection_c.cpython-310-x86_64-linux-gnu.so
[7.427s] -- Up-to-date symlink: /home/bart/ugv_ws/install/ugv_interface/local/lib/python3.10/dist-packages/ugv_interface/ugv_interface_s__rosidl_typesupport_c.cpython-310-x86_64-linux-gnu.so
[7.427s] -- Symlinking: /home/bart/ugv_ws/install/ugv_interface/share/ugv_interface/srv/MapSave.idl
[7.435s] -- Symlinking: /home/bart/ugv_ws/install/ugv_interface/share/ugv_interface/action/Behavior.idl
[7.443s] -- Symlinking: /home/bart/ugv_ws/install/ugv_interface/share/ugv_interface/srv/MapSave.srv
[7.451s] -- Symlinking: /home/bart/ugv_ws/install/ugv_interface/share/ugv_interface/srv/MapSave_Request.msg
[7.458s] -- Symlinking: /home/bart/ugv_ws/install/ugv_interface/share/ugv_interface/srv/MapSave_Response.msg
[7.465s] -- Symlinking: /home/bart/ugv_ws/install/ugv_interface/share/ugv_interface/action/Behavior.action
[7.474s] -- Up-to-date symlink: /home/bart/ugv_ws/install/ugv_interface/share/ugv_interface/srv/MapSave.srv
[7.474s] -- Up-to-date symlink: /home/bart/ugv_ws/install/ugv_interface/share/ugv_interface/action/Behavior.action
[7.474s] -- Symlinking: /home/bart/ugv_ws/install/ugv_interface/share/ament_index/resource_index/package_run_dependencies/ugv_interface
[7.481s] -- Symlinking: /home/bart/ugv_ws/install/ugv_interface/share/ament_index/resource_index/parent_prefix_path/ugv_interface
[7.490s] -- Symlinking: /home/bart/ugv_ws/install/ugv_interface/share/ugv_interface/environment/ament_prefix_path.sh
[7.497s] -- Symlinking: /home/bart/ugv_ws/install/ugv_interface/share/ugv_interface/environment/ament_prefix_path.dsv
[7.505s] -- Symlinking: /home/bart/ugv_ws/install/ugv_interface/share/ugv_interface/environment/path.sh
[7.512s] -- Symlinking: /home/bart/ugv_ws/install/ugv_interface/share/ugv_interface/environment/path.dsv
[7.520s] -- Symlinking: /home/bart/ugv_ws/install/ugv_interface/share/ugv_interface/local_setup.bash
[7.527s] -- Symlinking: /home/bart/ugv_ws/install/ugv_interface/share/ugv_interface/local_setup.sh
[7.534s] -- Symlinking: /home/bart/ugv_ws/install/ugv_interface/share/ugv_interface/local_setup.zsh
[7.542s] -- Symlinking: /home/bart/ugv_ws/install/ugv_interface/share/ugv_interface/local_setup.dsv
[7.549s] -- Symlinking: /home/bart/ugv_ws/install/ugv_interface/share/ugv_interface/package.dsv
[7.557s] -- Symlinking: /home/bart/ugv_ws/install/ugv_interface/share/ament_index/resource_index/packages/ugv_interface
[7.564s] -- Symlinking: /home/bart/ugv_ws/install/ugv_interface/share/ugv_interface/cmake/rosidl_cmake-extras.cmake
[7.572s] -- Symlinking: /home/bart/ugv_ws/install/ugv_interface/share/ugv_interface/cmake/ament_cmake_export_dependencies-extras.cmake
[7.579s] -- Symlinking: /home/bart/ugv_ws/install/ugv_interface/share/ugv_interface/cmake/ament_cmake_export_include_directories-extras.cmake
[7.587s] -- Symlinking: /home/bart/ugv_ws/install/ugv_interface/share/ugv_interface/cmake/ament_cmake_export_libraries-extras.cmake
[7.593s] -- Symlinking: /home/bart/ugv_ws/install/ugv_interface/share/ugv_interface/cmake/ament_cmake_export_targets-extras.cmake
[7.600s] -- Symlinking: /home/bart/ugv_ws/install/ugv_interface/share/ugv_interface/cmake/rosidl_cmake_export_typesupport_targets-extras.cmake
[7.607s] -- Symlinking: /home/bart/ugv_ws/install/ugv_interface/share/ugv_interface/cmake/rosidl_cmake_export_typesupport_libraries-extras.cmake
[7.614s] -- Symlinking: /home/bart/ugv_ws/install/ugv_interface/share/ugv_interface/cmake/ugv_interfaceConfig.cmake
[7.622s] -- Symlinking: /home/bart/ugv_ws/install/ugv_interface/share/ugv_interface/cmake/ugv_interfaceConfig-version.cmake
[7.629s] -- Symlinking: /home/bart/ugv_ws/install/ugv_interface/share/ugv_interface/package.xml
[7.635s] -- Installing: /home/bart/ugv_ws/install/ugv_interface/lib/libugv_interface__rosidl_generator_c.so
[7.636s] -- Set runtime path of "/home/bart/ugv_ws/install/ugv_interface/lib/libugv_interface__rosidl_generator_c.so" to ""
[7.636s] -- Installing: /home/bart/ugv_ws/install/ugv_interface/lib/libugv_interface__rosidl_typesupport_fastrtps_c.so
[7.636s] -- Set runtime path of "/home/bart/ugv_ws/install/ugv_interface/lib/libugv_interface__rosidl_typesupport_fastrtps_c.so" to ""
[7.636s] -- Installing: /home/bart/ugv_ws/install/ugv_interface/lib/libugv_interface__rosidl_typesupport_introspection_c.so
[7.637s] -- Set runtime path of "/home/bart/ugv_ws/install/ugv_interface/lib/libugv_interface__rosidl_typesupport_introspection_c.so" to ""
[7.637s] -- Installing: /home/bart/ugv_ws/install/ugv_interface/lib/libugv_interface__rosidl_typesupport_c.so
[7.637s] -- Set runtime path of "/home/bart/ugv_ws/install/ugv_interface/lib/libugv_interface__rosidl_typesupport_c.so" to ""
[7.637s] -- Installing: /home/bart/ugv_ws/install/ugv_interface/lib/libugv_interface__rosidl_typesupport_fastrtps_cpp.so
[7.637s] -- Set runtime path of "/home/bart/ugv_ws/install/ugv_interface/lib/libugv_interface__rosidl_typesupport_fastrtps_cpp.so" to ""
[7.637s] -- Installing: /home/bart/ugv_ws/install/ugv_interface/lib/libugv_interface__rosidl_typesupport_introspection_cpp.so
[7.638s] -- Set runtime path of "/home/bart/ugv_ws/install/ugv_interface/lib/libugv_interface__rosidl_typesupport_introspection_cpp.so" to ""
[7.638s] -- Installing: /home/bart/ugv_ws/install/ugv_interface/lib/libugv_interface__rosidl_typesupport_cpp.so
[7.638s] -- Set runtime path of "/home/bart/ugv_ws/install/ugv_interface/lib/libugv_interface__rosidl_typesupport_cpp.so" to ""
[7.675s] Listing '/home/bart/ugv_ws/install/ugv_interface/local/lib/python3.10/dist-packages/ugv_interface'...
[7.675s] Compiling '/home/bart/ugv_ws/install/ugv_interface/local/lib/python3.10/dist-packages/ugv_interface/__init__.py'...
[7.675s] Listing '/home/bart/ugv_ws/install/ugv_interface/local/lib/python3.10/dist-packages/ugv_interface/action'...
[7.676s] Compiling '/home/bart/ugv_ws/install/ugv_interface/local/lib/python3.10/dist-packages/ugv_interface/action/__init__.py'...
[7.676s] Compiling '/home/bart/ugv_ws/install/ugv_interface/local/lib/python3.10/dist-packages/ugv_interface/action/_behavior.py'...
[7.676s] Listing '/home/bart/ugv_ws/install/ugv_interface/local/lib/python3.10/dist-packages/ugv_interface/srv'...
[7.676s] Compiling '/home/bart/ugv_ws/install/ugv_interface/local/lib/python3.10/dist-packages/ugv_interface/srv/__init__.py'...
[7.676s] Compiling '/home/bart/ugv_ws/install/ugv_interface/local/lib/python3.10/dist-packages/ugv_interface/srv/_map_save.py'...
[7.680s] -- Installing: /home/bart/ugv_ws/install/ugv_interface/lib/libugv_interface__rosidl_generator_py.so
[7.680s] -- Set runtime path of "/home/bart/ugv_ws/install/ugv_interface/lib/libugv_interface__rosidl_generator_py.so" to ""
[7.680s] -- Installing: /home/bart/ugv_ws/install/ugv_interface/share/ugv_interface/cmake/export_ugv_interface__rosidl_generator_cExport.cmake
[7.680s] -- Installing: /home/bart/ugv_ws/install/ugv_interface/share/ugv_interface/cmake/export_ugv_interface__rosidl_generator_cExport-noconfig.cmake
[7.681s] -- Installing: /home/bart/ugv_ws/install/ugv_interface/share/ugv_interface/cmake/export_ugv_interface__rosidl_typesupport_fastrtps_cExport.cmake
[7.681s] -- Installing: /home/bart/ugv_ws/install/ugv_interface/share/ugv_interface/cmake/export_ugv_interface__rosidl_typesupport_fastrtps_cExport-noconfig.cmake
[7.681s] -- Installing: /home/bart/ugv_ws/install/ugv_interface/share/ugv_interface/cmake/ugv_interface__rosidl_typesupport_introspection_cExport.cmake
[7.681s] -- Installing: /home/bart/ugv_ws/install/ugv_interface/share/ugv_interface/cmake/ugv_interface__rosidl_typesupport_introspection_cExport-noconfig.cmake
[7.681s] -- Installing: /home/bart/ugv_ws/install/ugv_interface/share/ugv_interface/cmake/ugv_interface__rosidl_typesupport_cExport.cmake
[7.681s] -- Installing: /home/bart/ugv_ws/install/ugv_interface/share/ugv_interface/cmake/ugv_interface__rosidl_typesupport_cExport-noconfig.cmake
[7.681s] -- Installing: /home/bart/ugv_ws/install/ugv_interface/share/ugv_interface/cmake/export_ugv_interface__rosidl_generator_cppExport.cmake
[7.681s] -- Installing: /home/bart/ugv_ws/install/ugv_interface/share/ugv_interface/cmake/export_ugv_interface__rosidl_typesupport_fastrtps_cppExport.cmake
[7.682s] -- Installing: /home/bart/ugv_ws/install/ugv_interface/share/ugv_interface/cmake/export_ugv_interface__rosidl_typesupport_fastrtps_cppExport-noconfig.cmake
[7.682s] -- Installing: /home/bart/ugv_ws/install/ugv_interface/share/ugv_interface/cmake/ugv_interface__rosidl_typesupport_introspection_cppExport.cmake
[7.682s] -- Installing: /home/bart/ugv_ws/install/ugv_interface/share/ugv_interface/cmake/ugv_interface__rosidl_typesupport_introspection_cppExport-noconfig.cmake
[7.682s] -- Installing: /home/bart/ugv_ws/install/ugv_interface/share/ugv_interface/cmake/ugv_interface__rosidl_typesupport_cppExport.cmake
[7.682s] -- Installing: /home/bart/ugv_ws/install/ugv_interface/share/ugv_interface/cmake/ugv_interface__rosidl_typesupport_cppExport-noconfig.cmake
[7.682s] -- Installing: /home/bart/ugv_ws/install/ugv_interface/share/ugv_interface/cmake/export_ugv_interface__rosidl_generator_pyExport.cmake
[7.682s] -- Installing: /home/bart/ugv_ws/install/ugv_interface/share/ugv_interface/cmake/export_ugv_interface__rosidl_generator_pyExport-noconfig.cmake
[7.685s] Invoked command in '/home/bart/ugv_ws/build/ugv_interface' returned '0': CMAKE_PREFIX_PATH=/home/bart/ros2_ws/install/my_robot_controller:/opt/ros/humble /usr/bin/cmake --install /home/bart/ugv_ws/build/ugv_interface
