running egg_info
writing ../../build/ugv_custom/ugv_custom.egg-info/PKG-INFO
writing dependency_links to ../../build/ugv_custom/ugv_custom.egg-info/dependency_links.txt
writing entry points to ../../build/ugv_custom/ugv_custom.egg-info/entry_points.txt
writing requirements to ../../build/ugv_custom/ugv_custom.egg-info/requires.txt
writing top-level names to ../../build/ugv_custom/ugv_custom.egg-info/top_level.txt
reading manifest file '../../build/ugv_custom/ugv_custom.egg-info/SOURCES.txt'
writing manifest file '../../build/ugv_custom/ugv_custom.egg-info/SOURCES.txt'
running build
running build_py
copying ugv_custom/drive_and_blink.py -> /home/bart/ugv_ws/build/ugv_custom/build/lib/ugv_custom
running install
running install_lib
copying /home/bart/ugv_ws/build/ugv_custom/build/lib/ugv_custom/drive_and_blink.py -> /home/bart/ugv_ws/install/ugv_custom/lib/python3.10/site-packages/ugv_custom
byte-compiling /home/bart/ugv_ws/install/ugv_custom/lib/python3.10/site-packages/ugv_custom/drive_and_blink.py to drive_and_blink.cpython-310.pyc
running install_data
running install_egg_info
removing '/home/bart/ugv_ws/install/ugv_custom/lib/python3.10/site-packages/ugv_custom-0.0.0-py3.10.egg-info' (and everything under it)
Copying ../../build/ugv_custom/ugv_custom.egg-info to /home/bart/ugv_ws/install/ugv_custom/lib/python3.10/site-packages/ugv_custom-0.0.0-py3.10.egg-info
running install_scripts
Installing drive_and_blink script to /home/bart/ugv_ws/install/ugv_custom/lib/ugv_custom
writing list of installed files to '/home/bart/ugv_ws/build/ugv_custom/install.log'
