[0.540s] Invoking command in '/home/bart/ugv_ws/src/ugv_custom': PYTHONPATH=/home/bart/ugv_ws/build/ugv_custom/prefix_override:/usr/lib/python3/dist-packages/colcon_core/task/python/colcon_distutils_commands:/home/bart/ugv_ws/install/ugv_custom/lib/python3.10/site-packages:${PYTHONPATH} /usr/bin/python3 -W ignore:setup.py install is deprecated -W ignore:easy_install command is deprecated setup.py egg_info --egg-base ../../build/ugv_custom build --build-base /home/bart/ugv_ws/build/ugv_custom/build install --record /home/bart/ugv_ws/build/ugv_custom/install.log --single-version-externally-managed install_data
[0.743s] running egg_info
[0.744s] writing ../../build/ugv_custom/ugv_custom.egg-info/PKG-INFO
[0.744s] writing dependency_links to ../../build/ugv_custom/ugv_custom.egg-info/dependency_links.txt
[0.744s] writing entry points to ../../build/ugv_custom/ugv_custom.egg-info/entry_points.txt
[0.745s] writing requirements to ../../build/ugv_custom/ugv_custom.egg-info/requires.txt
[0.745s] writing top-level names to ../../build/ugv_custom/ugv_custom.egg-info/top_level.txt
[0.747s] reading manifest file '../../build/ugv_custom/ugv_custom.egg-info/SOURCES.txt'
[0.747s] writing manifest file '../../build/ugv_custom/ugv_custom.egg-info/SOURCES.txt'
[0.748s] running build
[0.748s] running build_py
[0.748s] copying ugv_custom/drive_and_blink.py -> /home/bart/ugv_ws/build/ugv_custom/build/lib/ugv_custom
[0.748s] running install
[0.748s] running install_lib
[0.749s] copying /home/bart/ugv_ws/build/ugv_custom/build/lib/ugv_custom/drive_and_blink.py -> /home/bart/ugv_ws/install/ugv_custom/lib/python3.10/site-packages/ugv_custom
[0.750s] byte-compiling /home/bart/ugv_ws/install/ugv_custom/lib/python3.10/site-packages/ugv_custom/drive_and_blink.py to drive_and_blink.cpython-310.pyc
[0.751s] running install_data
[0.751s] running install_egg_info
[0.752s] removing '/home/bart/ugv_ws/install/ugv_custom/lib/python3.10/site-packages/ugv_custom-0.0.0-py3.10.egg-info' (and everything under it)
[0.753s] Copying ../../build/ugv_custom/ugv_custom.egg-info to /home/bart/ugv_ws/install/ugv_custom/lib/python3.10/site-packages/ugv_custom-0.0.0-py3.10.egg-info
[0.753s] running install_scripts
[0.770s] Installing drive_and_blink script to /home/bart/ugv_ws/install/ugv_custom/lib/ugv_custom
[0.771s] writing list of installed files to '/home/bart/ugv_ws/build/ugv_custom/install.log'
[0.789s] Invoked command in '/home/bart/ugv_ws/src/ugv_custom' returned '0': PYTHONPATH=/home/bart/ugv_ws/build/ugv_custom/prefix_override:/usr/lib/python3/dist-packages/colcon_core/task/python/colcon_distutils_commands:/home/bart/ugv_ws/install/ugv_custom/lib/python3.10/site-packages:${PYTHONPATH} /usr/bin/python3 -W ignore:setup.py install is deprecated -W ignore:easy_install command is deprecated setup.py egg_info --egg-base ../../build/ugv_custom build --build-base /home/bart/ugv_ws/build/ugv_custom/build install --record /home/bart/ugv_ws/build/ugv_custom/install.log --single-version-externally-managed install_data
