[0.014s] Invoking command in '/home/bart/ugv_ws/build/cartographer': CMAKE_PREFIX_PATH=/home/bart/ros2_ws/install/my_robot_controller:/opt/ros/humble /usr/bin/cmake /home/bart/ugv_ws/src/ugv_else/cartographer -Wno-dev -DCMAKE_INSTALL_PREFIX=/home/bart/ugv_ws/install/cartographer
[0.093s] -- The C compiler identification is GNU 11.4.0
[0.161s] -- The CXX compiler identification is GNU 11.4.0
[0.166s] -- Detecting C compiler ABI info
[0.217s] -- Detecting C compiler ABI info - done
[0.223s] -- Check for working C compiler: /usr/bin/cc - skipped
[0.224s] -- Detecting C compile features
[0.224s] -- Detecting C compile features - done
[0.227s] -- Detecting CXX compiler ABI info
[0.290s] -- Detecting CXX compiler ABI info - done
[0.295s] -- Check for working CXX compiler: /usr/bin/c++ - skipped
[0.296s] -- Detecting CXX compile features
[0.296s] -- Detecting CXX compile features - done
[0.298s] -- Found ament_cmake: 1.3.12 (/opt/ros/humble/share/ament_cmake/cmake)
[0.426s] -- Found Python3: /usr/bin/python3 (found version "3.10.12") found components: Interpreter 
[0.506s] -- Found ament_lint_auto: 0.12.14 (/opt/ros/humble/share/ament_lint_auto/cmake)
[0.571s] -- Added test 'flake8' to check Python code syntax and style conventions
[0.571s] -- Added test 'lint_cmake' to check CMake code style
[0.572s] -- Added test 'pep257' to check Python code against some of the docstring style conventions in PEP 257
[0.572s] -- Added test 'xmllint' to check XML markup files
[0.573s] -- Configuring done
[0.575s] -- Generating done
[0.576s] -- Build files have been written to: /home/bart/ugv_ws/build/cartographer
[0.580s] Invoked command in '/home/bart/ugv_ws/build/cartographer' returned '0': CMAKE_PREFIX_PATH=/home/bart/ros2_ws/install/my_robot_controller:/opt/ros/humble /usr/bin/cmake /home/bart/ugv_ws/src/ugv_else/cartographer -Wno-dev -DCMAKE_INSTALL_PREFIX=/home/bart/ugv_ws/install/cartographer
[0.581s] Invoking command in '/home/bart/ugv_ws/build/cartographer': CMAKE_PREFIX_PATH=/home/bart/ros2_ws/install/my_robot_controller:/opt/ros/humble /usr/bin/cmake --build /home/bart/ugv_ws/build/cartographer -- -j8 -l8
[0.609s] Invoked command in '/home/bart/ugv_ws/build/cartographer' returned '0': CMAKE_PREFIX_PATH=/home/bart/ros2_ws/install/my_robot_controller:/opt/ros/humble /usr/bin/cmake --build /home/bart/ugv_ws/build/cartographer -- -j8 -l8
[0.617s] Invoking command in '/home/bart/ugv_ws/build/cartographer': CMAKE_PREFIX_PATH=/home/bart/ros2_ws/install/my_robot_controller:/opt/ros/humble /usr/bin/cmake --install /home/bart/ugv_ws/build/cartographer
[0.623s] -- Install configuration: ""
[0.623s] -- Installing: /home/bart/ugv_ws/install/cartographer/share/cartographer/config
[0.623s] -- Installing: /home/bart/ugv_ws/install/cartographer/share/cartographer/config/localization_2d.lua
[0.623s] -- Installing: /home/bart/ugv_ws/install/cartographer/share/cartographer/config/mapping_2d.lua
[0.624s] -- Installing: /home/bart/ugv_ws/install/cartographer/share/cartographer/launch
[0.624s] -- Installing: /home/bart/ugv_ws/install/cartographer/share/cartographer/launch/mapping.launch.py
[0.624s] -- Installing: /home/bart/ugv_ws/install/cartographer/share/cartographer/launch/occupancy_grid.launch.py
[0.624s] -- Installing: /home/bart/ugv_ws/install/cartographer/share/cartographer/launch/localization.launch.py
[0.624s] -- Installing: /home/bart/ugv_ws/install/cartographer/share/ament_index/resource_index/package_run_dependencies/cartographer
[0.624s] -- Installing: /home/bart/ugv_ws/install/cartographer/share/ament_index/resource_index/parent_prefix_path/cartographer
[0.624s] -- Installing: /home/bart/ugv_ws/install/cartographer/share/cartographer/environment/ament_prefix_path.sh
[0.624s] -- Installing: /home/bart/ugv_ws/install/cartographer/share/cartographer/environment/ament_prefix_path.dsv
[0.624s] -- Installing: /home/bart/ugv_ws/install/cartographer/share/cartographer/environment/path.sh
[0.624s] -- Installing: /home/bart/ugv_ws/install/cartographer/share/cartographer/environment/path.dsv
[0.625s] -- Installing: /home/bart/ugv_ws/install/cartographer/share/cartographer/local_setup.bash
[0.625s] -- Installing: /home/bart/ugv_ws/install/cartographer/share/cartographer/local_setup.sh
[0.625s] -- Installing: /home/bart/ugv_ws/install/cartographer/share/cartographer/local_setup.zsh
[0.625s] -- Installing: /home/bart/ugv_ws/install/cartographer/share/cartographer/local_setup.dsv
[0.625s] -- Installing: /home/bart/ugv_ws/install/cartographer/share/cartographer/package.dsv
[0.625s] -- Installing: /home/bart/ugv_ws/install/cartographer/share/ament_index/resource_index/packages/cartographer
[0.625s] -- Installing: /home/bart/ugv_ws/install/cartographer/share/cartographer/cmake/cartographerConfig.cmake
[0.625s] -- Installing: /home/bart/ugv_ws/install/cartographer/share/cartographer/cmake/cartographerConfig-version.cmake
[0.625s] -- Installing: /home/bart/ugv_ws/install/cartographer/share/cartographer/package.xml
[0.627s] Invoked command in '/home/bart/ugv_ws/build/cartographer' returned '0': CMAKE_PREFIX_PATH=/home/bart/ros2_ws/install/my_robot_controller:/opt/ros/humble /usr/bin/cmake --install /home/bart/ugv_ws/build/cartographer
